#
# There is insufficient memory for the Java Runtime Environment to continue.
# Native memory allocation (malloc) failed to allocate 154140672 bytes for committing reserved memory.
# Possible reasons:
#   The system is out of physical RAM or swap space
#   In 32 bit mode, the process size limit was hit
# Possible solutions:
#   Reduce memory load on the system
#   Increase physical memory or swap space
#   Check if swap backing store is full
#   Use 64 bit Java on a 64 bit OS
#   Decrease Java heap size (-Xmx/-Xms)
#   Decrease number of Java threads
#   Decrease Java thread stack sizes (-Xss)
#   Set larger code cache with -XX:ReservedCodeCacheSize=
# This output file may be truncated or incomplete.
#
#  Out of Memory Error (os_linux.cpp:2809), pid=11741, tid=139891648231168
#
# JRE version: OpenJDK Runtime Environment (7.0_79-b14) (build 1.7.0_79-b14)
# Java VM: OpenJDK 64-Bit Server VM (24.79-b02 mixed mode linux-amd64 compressed oops)
# Derivative: IcedTea 2.5.5
# Distribution: Ubuntu 14.04 LTS, package 7u79-2.5.5-0ubuntu0.14.04.2
# Failed to write core dump. Core dumps have been disabled. To enable core dumping, try "ulimit -c unlimited" before starting Java again
#

---------------  T H R E A D  ---------------

Current thread (0x00007f3b18075800):  VMThread [stack: 0x00007f3b0feff000,0x00007f3b10000000] [id=11754]

Stack: [0x00007f3b0feff000,0x00007f3b10000000],  sp=0x00007f3b0fffe490,  free space=1021k
Native frames: (J=compiled Java code, j=interpreted, Vv=VM code, C=native code)
V  [libjvm.so+0x94aec5]  VMError::report_and_die()+0x175
V  [libjvm.so+0x48b9c4]  report_vm_out_of_memory(char const*, int, unsigned long, char const*)+0x74
V  [libjvm.so+0x7c806b]  os::pd_commit_memory(char*, unsigned long, unsigned long, bool)+0xeb
V  [libjvm.so+0x7c2b0f]  os::commit_memory(char*, unsigned long, unsigned long, bool)+0x1f
V  [libjvm.so+0x83500b]  PSVirtualSpace::expand_by(unsigned long)+0x5b
V  [libjvm.so+0x835e60]  PSYoungGen::resize_generation(unsigned long, unsigned long)+0xb0
V  [libjvm.so+0x83654b]  PSYoungGen::resize(unsigned long, unsigned long)+0x1b
V  [libjvm.so+0x832830]  PSScavenge::invoke_no_policy()+0xde0
V  [libjvm.so+0x833008]  PSScavenge::invoke()+0x38
V  [libjvm.so+0x7e96f3]  ParallelScavengeHeap::failed_mem_allocate(unsigned long)+0x63
V  [libjvm.so+0x94c8c4]  VM_ParallelGCFailedAllocation::doit()+0x84
V  [libjvm.so+0x950dc7]  VM_Operation::evaluate()+0x47
V  [libjvm.so+0x94f738]  VMThread::evaluate_operation(VM_Operation*)+0x318
V  [libjvm.so+0x94fb99]  VMThread::loop()+0x219
V  [libjvm.so+0x94ffe2]  VMThread::run()+0x72
V  [libjvm.so+0x7c4f32]  java_start(Thread*)+0xf2

VM_Operation (0x00007f3b20707a10): ParallelGCFailedAllocation, mode: safepoint, requested by thread 0x00007f3b1800a800


---------------  P R O C E S S  ---------------

Java Threads: ( => current thread )
  0x00007f3b180ae800 JavaThread "Service Thread" daemon [_thread_blocked, id=11760, stack(0x00007f3b0f630000,0x00007f3b0f731000)]
  0x00007f3b180ac000 JavaThread "C2 CompilerThread1" daemon [_thread_blocked, id=11759, stack(0x00007f3b0f731000,0x00007f3b0f832000)]
  0x00007f3b180a9000 JavaThread "C2 CompilerThread0" daemon [_thread_blocked, id=11758, stack(0x00007f3b0f832000,0x00007f3b0f933000)]
  0x00007f3b180a7000 JavaThread "Signal Dispatcher" daemon [_thread_blocked, id=11757, stack(0x00007f3b0f933000,0x00007f3b0fa34000)]
  0x00007f3b1807c000 JavaThread "Finalizer" daemon [_thread_blocked, id=11756, stack(0x00007f3b0fcfd000,0x00007f3b0fdfe000)]
  0x00007f3b1807a000 JavaThread "Reference Handler" daemon [_thread_blocked, id=11755, stack(0x00007f3b0fdfe000,0x00007f3b0feff000)]
  0x00007f3b1800a800 JavaThread "main" [_thread_blocked, id=11749, stack(0x00007f3b2060a000,0x00007f3b2070b000)]

Other Threads:
=>0x00007f3b18075800 VMThread [stack: 0x00007f3b0feff000,0x00007f3b10000000] [id=11754]
  0x00007f3b180b9000 WatcherThread [stack: 0x00007f3b0f52f000,0x00007f3b0f630000] [id=11761]

VM state:at safepoint (normal execution)

VM Mutex/Monitor currently owned by a thread:  ([mutex/lock_event])
[0x00007f3b180068a0] Threads_lock - owner thread: 0x00007f3b18075800
[0x00007f3b18006da0] Heap_lock - owner thread: 0x00007f3b1800a800

Heap
 PSYoungGen      total 265728K, used 6208K [0x00000007d6f00000, 0x00000007e8000000, 0x0000000800000000)
  eden space 251904K, 0% used [0x00000007d6f00000,0x00000007d6f00000,0x00000007e6500000)
  from space 13824K, 44% used [0x00000007e6500000,0x00000007e6b10000,0x00000007e7280000)
  to   space 13824K, 0% used [0x00000007e7280000,0x00000007e7280000,0x00000007e8000000)
 ParOldGen       total 83968K, used 17356K [0x0000000784e00000, 0x000000078a000000, 0x00000007d6f00000)
  object space 83968K, 20% used [0x0000000784e00000,0x0000000785ef3038,0x000000078a000000)
 PSPermGen       total 21504K, used 17261K [0x000000077a800000, 0x000000077bd00000, 0x0000000784e00000)
  object space 21504K, 80% used [0x000000077a800000,0x000000077b8db5d0,0x000000077bd00000)

Card table byte_map: [0x00007f3b1ce20000,0x00007f3b1d24d000] byte_map_base: 0x00007f3b1924c000

Polling page: 0x00007f3b2072d000

Code Cache  [0x00007f3b15000000, 0x00007f3b15340000, 0x00007f3b18000000)
 total_blobs=1170 nmethods=876 adapters=247 free_code_cache=46049Kb largest_free_block=46963008

Compilation events (10 events):
Event: 10.579 Thread 0x00007f3b180a9000 nmethod 923 0x00007f3b15226650 code [0x00007f3b15226780, 0x00007f3b15226818]
Event: 10.579 Thread 0x00007f3b180a9000  925             org.apache.maven.model.profile.activation.FileProfileActivator::presentInConfig (29 bytes)
Event: 10.579 Thread 0x00007f3b180ac000 nmethod 924 0x00007f3b151e36d0 code [0x00007f3b151e3800, 0x00007f3b151e3898]
Event: 10.579 Thread 0x00007f3b180ac000  926             org.apache.maven.model.profile.activation.JdkVersionProfileActivator::presentInConfig (29 bytes)
Event: 10.579 Thread 0x00007f3b180a9000 nmethod 925 0x00007f3b151e3450 code [0x00007f3b151e3580, 0x00007f3b151e3618]
Event: 10.579 Thread 0x00007f3b180a9000  927             org.apache.maven.artifact.versioning.VersionRange::createFromVersionSpec (324 bytes)
Event: 10.580 Thread 0x00007f3b180ac000 nmethod 926 0x00007f3b151e31d0 code [0x00007f3b151e3300, 0x00007f3b151e3398]
Event: 10.580 Thread 0x00007f3b180ac000  928             org.apache.maven.project.MavenProject::getModel (5 bytes)
Event: 10.580 Thread 0x00007f3b180ac000 nmethod 928 0x00007f3b1517f410 code [0x00007f3b1517f540, 0x00007f3b1517f5b8]
Event: 10.580 Thread 0x00007f3b180ac000  929             org.apache.maven.model.building.DefaultModelBuilder::getProfileActivations (86 bytes)

GC Heap History (10 events):
Event: 3.495 GC heap after
Heap after GC invocations=4 (full 0):
 PSYoungGen      total 68608K, used 5104K [0x00000007d6f00000, 0x00000007db700000, 0x0000000800000000)
  eden space 63488K, 0% used [0x00000007d6f00000,0x00000007d6f00000,0x00000007dad00000)
  from space 5120K, 99% used [0x00000007db200000,0x00000007db6fc010,0x00000007db700000)
  to   space 5120K, 0% used [0x00000007dad00000,0x00000007dad00000,0x00000007db200000)
 ParOldGen       total 83968K, used 4854K [0x0000000784e00000, 0x000000078a000000, 0x00000007d6f00000)
  object space 83968K, 5% used [0x0000000784e00000,0x00000007852bd910,0x000000078a000000)
 PSPermGen       total 21504K, used 14729K [0x000000077a800000, 0x000000077bd00000, 0x0000000784e00000)
  object space 21504K, 68% used [0x000000077a800000,0x000000077b662660,0x000000077bd00000)
}
Event: 4.623 GC heap before
{Heap before GC invocations=5 (full 0):
 PSYoungGen      total 68608K, used 68592K [0x00000007d6f00000, 0x00000007db700000, 0x0000000800000000)
  eden space 63488K, 100% used [0x00000007d6f00000,0x00000007dad00000,0x00000007dad00000)
  from space 5120K, 99% used [0x00000007db200000,0x00000007db6fc010,0x00000007db700000)
  to   space 5120K, 0% used [0x00000007dad00000,0x00000007dad00000,0x00000007db200000)
 ParOldGen       total 83968K, used 4854K [0x0000000784e00000, 0x000000078a000000, 0x00000007d6f00000)
  object space 83968K, 5% used [0x0000000784e00000,0x00000007852bd910,0x000000078a000000)
 PSPermGen       total 21504K, used 14847K [0x000000077a800000, 0x000000077bd00000, 0x0000000784e00000)
  object space 21504K, 69% used [0x000000077a800000,0x000000077b67fd00,0x000000077bd00000)
Event: 4.640 GC heap after
Heap after GC invocations=5 (full 0):
 PSYoungGen      total 68608K, used 5104K [0x00000007d6f00000, 0x00000007dff00000, 0x0000000800000000)
  eden space 63488K, 0% used [0x00000007d6f00000,0x00000007d6f00000,0x00000007dad00000)
  from space 5120K, 99% used [0x00000007dad00000,0x00000007db1fc010,0x00000007db200000)
  to   space 10240K, 0% used [0x00000007df500000,0x00000007df500000,0x00000007dff00000)
 ParOldGen       total 83968K, used 8538K [0x0000000784e00000, 0x000000078a000000, 0x00000007d6f00000)
  object space 83968K, 10% used [0x0000000784e00000,0x0000000785656950,0x000000078a000000)
 PSPermGen       total 21504K, used 14847K [0x000000077a800000, 0x000000077bd00000, 0x0000000784e00000)
  object space 21504K, 69% used [0x000000077a800000,0x000000077b67fd00,0x000000077bd00000)
}
Event: 5.753 GC heap before
{Heap before GC invocations=6 (full 0):
 PSYoungGen      total 68608K, used 68592K [0x00000007d6f00000, 0x00000007dff00000, 0x0000000800000000)
  eden space 63488K, 100% used [0x00000007d6f00000,0x00000007dad00000,0x00000007dad00000)
  from space 5120K, 99% used [0x00000007dad00000,0x00000007db1fc010,0x00000007db200000)
  to   space 10240K, 0% used [0x00000007df500000,0x00000007df500000,0x00000007dff00000)
 ParOldGen       total 83968K, used 8538K [0x0000000784e00000, 0x000000078a000000, 0x00000007d6f00000)
  object space 83968K, 10% used [0x0000000784e00000,0x0000000785656950,0x000000078a000000)
 PSPermGen       total 21504K, used 15578K [0x000000077a800000, 0x000000077bd00000, 0x0000000784e00000)
  object space 21504K, 72% used [0x000000077a800000,0x000000077b736ac8,0x000000077bd00000)
Event: 5.776 GC heap after
Heap after GC invocations=6 (full 0):
 PSYoungGen      total 136192K, used 9827K [0x00000007d6f00000, 0x00000007e0100000, 0x0000000800000000)
  eden space 125952K, 0% used [0x00000007d6f00000,0x00000007d6f00000,0x00000007dea00000)
  from space 10240K, 95% used [0x00000007df500000,0x00000007dfe98ff0,0x00000007dff00000)
  to   space 11264K, 0% used [0x00000007dea00000,0x00000007dea00000,0x00000007df500000)
 ParOldGen       total 83968K, used 8546K [0x0000000784e00000, 0x000000078a000000, 0x00000007d6f00000)
  object space 83968K, 10% used [0x0000000784e00000,0x0000000785658950,0x000000078a000000)
 PSPermGen       total 21504K, used 15578K [0x000000077a800000, 0x000000077bd00000, 0x0000000784e00000)
  object space 21504K, 72% used [0x000000077a800000,0x000000077b736ac8,0x000000077bd00000)
}
Event: 7.262 GC heap before
{Heap before GC invocations=7 (full 0):
 PSYoungGen      total 136192K, used 135779K [0x00000007d6f00000, 0x00000007e0100000, 0x0000000800000000)
  eden space 125952K, 100% used [0x00000007d6f00000,0x00000007dea00000,0x00000007dea00000)
  from space 10240K, 95% used [0x00000007df500000,0x00000007dfe98ff0,0x00000007dff00000)
  to   space 11264K, 0% used [0x00000007dea00000,0x00000007dea00000,0x00000007df500000)
 ParOldGen       total 83968K, used 8546K [0x0000000784e00000, 0x000000078a000000, 0x00000007d6f00000)
  object space 83968K, 10% used [0x0000000784e00000,0x0000000785658950,0x000000078a000000)
 PSPermGen       total 21504K, used 17063K [0x000000077a800000, 0x000000077bd00000, 0x0000000784e00000)
  object space 21504K, 79% used [0x000000077a800000,0x000000077b8a9cc8,0x000000077bd00000)
Event: 7.282 GC heap after
Heap after GC invocations=7 (full 0):
 PSYoungGen      total 137216K, used 11253K [0x00000007d6f00000, 0x00000007e8000000, 0x0000000800000000)
  eden space 125952K, 0% used [0x00000007d6f00000,0x00000007d6f00000,0x00000007dea00000)
  from space 11264K, 99% used [0x00000007dea00000,0x00000007df4fd570,0x00000007df500000)
  to   space 13824K, 0% used [0x00000007e7280000,0x00000007e7280000,0x00000007e8000000)
 ParOldGen       total 83968K, used 10530K [0x0000000784e00000, 0x000000078a000000, 0x00000007d6f00000)
  object space 83968K, 12% used [0x0000000784e00000,0x0000000785848828,0x000000078a000000)
 PSPermGen       total 21504K, used 17063K [0x000000077a800000, 0x000000077bd00000, 0x0000000784e00000)
  object space 21504K, 79% used [0x000000077a800000,0x000000077b8a9cc8,0x000000077bd00000)
}
Event: 8.261 GC heap before
{Heap before GC invocations=8 (full 0):
 PSYoungGen      total 137216K, used 137205K [0x00000007d6f00000, 0x00000007e8000000, 0x0000000800000000)
  eden space 125952K, 100% used [0x00000007d6f00000,0x00000007dea00000,0x00000007dea00000)
  from space 11264K, 99% used [0x00000007dea00000,0x00000007df4fd570,0x00000007df500000)
  to   space 13824K, 0% used [0x00000007e7280000,0x00000007e7280000,0x00000007e8000000)
 ParOldGen       total 83968K, used 10530K [0x0000000784e00000, 0x000000078a000000, 0x00000007d6f00000)
  object space 83968K, 12% used [0x0000000784e00000,0x0000000785848828,0x000000078a000000)
 PSPermGen       total 21504K, used 17155K [0x000000077a800000, 0x000000077bd00000, 0x0000000784e00000)
  object space 21504K, 79% used [0x000000077a800000,0x000000077b8c0f60,0x000000077bd00000)
Event: 8.282 GC heap after
Heap after GC invocations=8 (full 0):
 PSYoungGen      total 265728K, used 8864K [0x00000007d6f00000, 0x00000007e8000000, 0x0000000800000000)
  eden space 251904K, 0% used [0x00000007d6f00000,0x00000007d6f00000,0x00000007e6500000)
  from space 13824K, 64% used [0x00000007e7280000,0x00000007e7b28020,0x00000007e8000000)
  to   space 13824K, 0% used [0x00000007e6500000,0x00000007e6500000,0x00000007e7280000)
 ParOldGen       total 83968K, used 12996K [0x0000000784e00000, 0x000000078a000000, 0x00000007d6f00000)
  object space 83968K, 15% used [0x0000000784e00000,0x0000000785ab1038,0x000000078a000000)
 PSPermGen       total 21504K, used 17155K [0x000000077a800000, 0x000000077bd00000, 0x0000000784e00000)
  object space 21504K, 79% used [0x000000077a800000,0x000000077b8c0f60,0x000000077bd00000)
}
Event: 10.603 GC heap before
{Heap before GC invocations=9 (full 0):
 PSYoungGen      total 265728K, used 260768K [0x00000007d6f00000, 0x00000007e8000000, 0x0000000800000000)
  eden space 251904K, 100% used [0x00000007d6f00000,0x00000007e6500000,0x00000007e6500000)
  from space 13824K, 64% used [0x00000007e7280000,0x00000007e7b28020,0x00000007e8000000)
  to   space 13824K, 0% used [0x00000007e6500000,0x00000007e6500000,0x00000007e7280000)
 ParOldGen       total 83968K, used 12996K [0x0000000784e00000, 0x000000078a000000, 0x00000007d6f00000)
  object space 83968K, 15% used [0x0000000784e00000,0x0000000785ab1038,0x000000078a000000)
 PSPermGen       total 21504K, used 17261K [0x000000077a800000, 0x000000077bd00000, 0x0000000784e00000)
  object space 21504K, 80% used [0x000000077a800000,0x000000077b8db5d0,0x000000077bd00000)

Deoptimization events (10 events):
Event: 8.052 Thread 0x00007f3b1800a800 Uncommon trap: reason=bimorphic action=maybe_recompile pc=0x00007f3b1529f520 method=java.util.regex.Pattern$BranchConn.match(Ljava/util/regex/Matcher;ILjava/lang/CharSequence;)Z @ 7
Event: 8.327 Thread 0x00007f3b1800a800 Uncommon trap: reason=null_check action=make_not_entrant pc=0x00007f3b150cbde4 method=org.apache.maven.model.building.DefaultModelBuilder.importDependencyManagement(Lorg/apache/maven/model/Model;Lorg/apache/maven/model/building/ModelBuildingRequest;Lorg/a
Event: 8.427 Thread 0x00007f3b1800a800 Uncommon trap: reason=null_check action=make_not_entrant pc=0x00007f3b150c6df8 method=org.codehaus.plexus.util.xml.Xpp3Dom.mergeIntoXpp3Dom(Lorg/codehaus/plexus/util/xml/Xpp3Dom;Lorg/codehaus/plexus/util/xml/Xpp3Dom;Ljava/lang/Boolean;)V @ 146
Event: 8.735 Thread 0x00007f3b1800a800 Uncommon trap: reason=null_check action=make_not_entrant pc=0x00007f3b150c5220 method=org.apache.maven.bridge.MavenRepositorySystem.XcreateArtifact(Ljava/lang/String;Ljava/lang/String;Lorg/apache/maven/artifact/versioning/VersionRange;Ljava/lang/String;Lj
Event: 8.874 Thread 0x00007f3b1800a800 Uncommon trap: reason=null_check action=make_not_entrant pc=0x00007f3b152f801c method=org.apache.maven.bridge.MavenRepositorySystem.XcreateArtifact(Ljava/lang/String;Ljava/lang/String;Lorg/apache/maven/artifact/versioning/VersionRange;Ljava/lang/String;Lj
Event: 9.074 Thread 0x00007f3b1800a800 Uncommon trap: reason=unreached action=reinterpret pc=0x00007f3b152624cc method=org.apache.maven.model.Contributor.clone()Lorg/apache/maven/model/Contributor; @ 44
Event: 9.467 Thread 0x00007f3b1800a800 Uncommon trap: reason=null_check action=make_not_entrant pc=0x00007f3b1531a680 method=org.apache.maven.bridge.MavenRepositorySystem.XcreateArtifact(Ljava/lang/String;Ljava/lang/String;Lorg/apache/maven/artifact/versioning/VersionRange;Ljava/lang/String;Lj
Event: 9.467 Thread 0x00007f3b1800a800 Uncommon trap: reason=null_check action=make_not_entrant pc=0x00007f3b1531a680 method=org.apache.maven.bridge.MavenRepositorySystem.XcreateArtifact(Ljava/lang/String;Ljava/lang/String;Lorg/apache/maven/artifact/versioning/VersionRange;Ljava/lang/String;Lj
Event: 9.468 Thread 0x00007f3b1800a800 Uncommon trap: reason=null_check action=make_not_entrant pc=0x00007f3b1531a680 method=org.apache.maven.bridge.MavenRepositorySystem.XcreateArtifact(Ljava/lang/String;Ljava/lang/String;Lorg/apache/maven/artifact/versioning/VersionRange;Ljava/lang/String;Lj
Event: 9.856 Thread 0x00007f3b1800a800 Uncommon trap: reason=null_check action=make_not_entrant pc=0x00007f3b1515f840 method=org.codehaus.plexus.interpolation.reflection.ReflectionValueExtractor.getClassMap(Ljava/lang/Class;)Lorg/codehaus/plexus/interpolation/reflection/ClassMap; @ 9

Internal exceptions (10 events):
Event: 8.213 Thread 0x00007f3b1800a800 Threw 0x00000007ddd772d8 at /build/buildd/openjdk-7-7u79-2.5.5/build/openjdk/hotspot/src/share/vm/prims/jvm.cpp:1284
Event: 8.214 Thread 0x00007f3b1800a800 Threw 0x00000007ddd7c2b0 at /build/buildd/openjdk-7-7u79-2.5.5/build/openjdk/hotspot/src/share/vm/prims/jvm.cpp:1284
Event: 8.214 Thread 0x00007f3b1800a800 Threw 0x00000007ddd7c940 at /build/buildd/openjdk-7-7u79-2.5.5/build/openjdk/hotspot/src/share/vm/prims/jvm.cpp:1284
Event: 8.327 Thread 0x00007f3b1800a800 Implicit null exception at 0x00007f3b150cad26 to 0x00007f3b150cbd95
Event: 8.453 Thread 0x00007f3b1800a800 Threw 0x00000007d92086b0 at /build/buildd/openjdk-7-7u79-2.5.5/build/openjdk/hotspot/src/share/vm/prims/jvm.cpp:1284
Event: 8.453 Thread 0x00007f3b1800a800 Threw 0x00000007d9208e08 at /build/buildd/openjdk-7-7u79-2.5.5/build/openjdk/hotspot/src/share/vm/prims/jvm.cpp:1284
Event: 8.874 Thread 0x00007f3b1800a800 Implicit null exception at 0x00007f3b152f68c6 to 0x00007f3b152f7ff5
Event: 9.467 Thread 0x00007f3b1800a800 Implicit null exception at 0x00007f3b153153fe to 0x00007f3b1531a649
Event: 9.467 Thread 0x00007f3b1800a800 Implicit null exception at 0x00007f3b153153fe to 0x00007f3b1531a649
Event: 9.468 Thread 0x00007f3b1800a800 Implicit null exception at 0x00007f3b153153fe to 0x00007f3b1531a649

Events (10 events):
Event: 9.560 Thread 0x00007f3b180ac000 flushing nmethod 0x00007f3b151e2f10
Event: 9.560 Thread 0x00007f3b180ac000 flushing nmethod 0x00007f3b151ee510
Event: 9.560 Thread 0x00007f3b180ac000 flushing nmethod 0x00007f3b151f5550
Event: 9.561 Thread 0x00007f3b180ac000 flushing nmethod 0x00007f3b15213cd0
Event: 9.561 Thread 0x00007f3b180ac000 flushing nmethod 0x00007f3b15226450
Event: 9.856 Thread 0x00007f3b1800a800 Uncommon trap: trap_request=0xfffffff4 fr.pc=0x00007f3b1515f840
Event: 9.856 Thread 0x00007f3b1800a800 DEOPT PACKING pc=0x00007f3b1515f840 sp=0x00007f3b20706dc0
Event: 9.856 Thread 0x00007f3b1800a800 DEOPT UNPACKING pc=0x00007f3b15039445 sp=0x00007f3b20706d20 mode 2
Event: 10.579 Thread 0x00007f3b180ac000 flushing nmethod 0x00007f3b15130250
Event: 10.596 Executing VM operation: ParallelGCFailedAllocation


Dynamic libraries:
00400000-00401000 r-xp 00000000 08:02 7735187                            /usr/lib/jvm/java-7-openjdk-amd64/jre/bin/java
00600000-00601000 r--p 00000000 08:02 7735187                            /usr/lib/jvm/java-7-openjdk-amd64/jre/bin/java
00601000-00602000 rw-p 00001000 08:02 7735187                            /usr/lib/jvm/java-7-openjdk-amd64/jre/bin/java
014d8000-014f9000 rw-p 00000000 00:00 0                                  [heap]
77a800000-77bd00000 rw-p 00000000 00:00 0 
77bd00000-784e00000 rw-p 00000000 00:00 0 
784e00000-78a000000 rw-p 00000000 00:00 0 
78a000000-7d6f00000 rw-p 00000000 00:00 0 
7d6f00000-7e8000000 rw-p 00000000 00:00 0 
7f1300000-800000000 rw-p 00000000 00:00 0 
7f3ad4000000-7f3ad4021000 rw-p 00000000 00:00 0 
7f3ad4021000-7f3ad8000000 ---p 00000000 00:00 0 
7f3ad8000000-7f3ad8021000 rw-p 00000000 00:00 0 
7f3ad8021000-7f3adc000000 ---p 00000000 00:00 0 
7f3adc000000-7f3add393000 rw-p 00000000 00:00 0 
7f3add393000-7f3ae0000000 ---p 00000000 00:00 0 
7f3ae0000000-7f3ae149d000 rw-p 00000000 00:00 0 
7f3ae149d000-7f3ae4000000 ---p 00000000 00:00 0 
7f3ae4000000-7f3ae4021000 rw-p 00000000 00:00 0 
7f3ae4021000-7f3ae8000000 ---p 00000000 00:00 0 
7f3ae8000000-7f3ae8021000 rw-p 00000000 00:00 0 
7f3ae8021000-7f3aec000000 ---p 00000000 00:00 0 
7f3aec000000-7f3aec021000 rw-p 00000000 00:00 0 
7f3aec021000-7f3af0000000 ---p 00000000 00:00 0 
7f3af3d40000-7f3af8000000 rw-p 00000000 00:00 0 
7f3af8000000-7f3af8021000 rw-p 00000000 00:00 0 
7f3af8021000-7f3afc000000 ---p 00000000 00:00 0 
7f3afc000000-7f3afc241000 rw-p 00000000 00:00 0 
7f3afc241000-7f3b00000000 ---p 00000000 00:00 0 
7f3b00000000-7f3b00021000 rw-p 00000000 00:00 0 
7f3b00021000-7f3b04000000 ---p 00000000 00:00 0 
7f3b08000000-7f3b08021000 rw-p 00000000 00:00 0 
7f3b08021000-7f3b0c000000 ---p 00000000 00:00 0 
7f3b0db1a000-7f3b0db1b000 rw-p 00000000 00:00 0 
7f3b0db1b000-7f3b0db1c000 r--s 00004000 08:03 11141780                   /home/seema/.m2/repository/com/typesafe/sbt/compiler-interface/0.12.0/compiler-interface-0.12.0-sources.jar
7f3b0db1c000-7f3b0dbe3000 r--s 00a25000 08:03 11023929                   /home/seema/.m2/repository/org/scala-lang/scala-compiler/2.9.2/scala-compiler-2.9.2.jar
7f3b0dbe3000-7f3b0dbe6000 r--s 00008000 08:03 11023927                   /home/seema/.m2/repository/com/typesafe/sbt/sbt-interface/0.12.0/sbt-interface-0.12.0.jar
7f3b0dbe6000-7f3b0dc0b000 r--s 001b7000 08:03 11023925                   /home/seema/.m2/repository/com/typesafe/sbt/incremental-compiler/0.12.0/incremental-compiler-0.12.0.jar
7f3b0dc0b000-7f3b0dc89000 r--s 007f5000 08:03 10879885                   /home/seema/.m2/repository/org/scala-lang/scala-library/2.9.2/scala-library-2.9.2.jar
7f3b0dc89000-7f3b0dc8d000 r--s 00032000 08:03 11023923                   /home/seema/.m2/repository/com/typesafe/zinc/zinc/0.1.0/zinc-0.1.0.jar
7f3b0dc8d000-7f3b0dc8f000 r--s 00004000 08:03 10765122                   /home/seema/.m2/repository/org/apache/maven/maven-archiver/2.5/maven-archiver-2.5.jar
7f3b0dc8f000-7f3b0dc91000 r--s 00006000 08:03 10879883                   /home/seema/.m2/repository/org/apache/maven/shared/maven-invoker/2.0.11/maven-invoker-2.0.11.jar
7f3b0dc91000-7f3b0dc9c000 r--s 0007a000 08:03 10879881                   /home/seema/.m2/repository/org/codehaus/jackson/jackson-mapper-asl/1.6.1/jackson-mapper-asl-1.6.1.jar
7f3b0dc9c000-7f3b0dca0000 r--s 0002e000 08:03 10879879                   /home/seema/.m2/repository/org/codehaus/jackson/jackson-core-asl/1.6.1/jackson-core-asl-1.6.1.jar
7f3b0dca0000-7f3b0dca1000 r--s 00002000 08:03 10879875                   /home/seema/.m2/repository/org/apache/maven/doxia/doxia-logging-api/1.1.2/doxia-logging-api-1.1.2.jar
7f3b0dca1000-7f3b0dca3000 r--s 00002000 08:03 10879873                   /home/seema/.m2/repository/org/apache/maven/doxia/doxia-sink-api/1.1.2/doxia-sink-api-1.1.2.jar
7f3b0dca3000-7f3b0dca6000 r--s 0000c000 08:03 10765138                   /home/seema/.m2/repository/org/codehaus/plexus/plexus-io/2.0.2/plexus-io-2.0.2.jar
7f3b0dca6000-7f3b0dcab000 r--s 00029000 08:03 10765128                   /home/seema/.m2/repository/org/codehaus/plexus/plexus-archiver/2.1/plexus-archiver-2.1.jar
7f3b0dcab000-7f3b0dcae000 r--s 0000a000 08:03 10879871                   /home/seema/.m2/repository/org/apache/commons/commons-exec/1.0.1/commons-exec-1.0.1.jar
7f3b0dcae000-7f3b0dcb0000 r--s 00007000 08:03 10879861                   /home/seema/.m2/repository/org/apache/maven/shared/maven-dependency-tree/1.2/maven-dependency-tree-1.2.jar
7f3b0dcb0000-7f3b0dcb2000 r--s 0000d000 08:03 10879857                   /home/seema/.m2/repository/org/codehaus/plexus/plexus-interpolation/1.14/plexus-interpolation-1.14.jar
7f3b0dcb2000-7f3b0dcb6000 r--s 00017000 08:03 10879855                   /home/seema/.m2/repository/org/sonatype/aether/aether-util/1.7/aether-util-1.7.jar
7f3b0dcb6000-7f3b0dcb7000 r--s 00002000 08:03 10879835                   /home/seema/.m2/repository/org/apache/maven/reporting/maven-reporting-api/3.0/maven-reporting-api-3.0.jar
7f3b0dcb7000-7f3b0dcc2000 r--s 00069000 08:03 10879833                   /home/seema/.m2/repository/org/sonatype/sisu/sisu-guice/2.1.7/sisu-guice-2.1.7-noaop.jar
7f3b0dcc2000-7f3b0dcc7000 r--s 00021000 08:03 10879831                   /home/seema/.m2/repository/org/sonatype/sisu/sisu-inject-bean/1.4.2/sisu-inject-bean-1.4.2.jar
7f3b0dcc7000-7f3b0dcca000 r--s 0001b000 08:03 10879633                   /home/seema/.m2/repository/net/alchim31/maven/scala-maven-plugin/3.1.0/scala-maven-plugin-3.1.0.jar
7f3b0dcca000-7f3b0dccd000 r--s 0001b000 08:03 10763084                   /home/seema/.m2/repository/junit/junit/3.8.2/junit-3.8.2.jar
7f3b0dccd000-7f3b0dcdb000 r--s 0008f000 08:03 10763082                   /home/seema/.m2/repository/com/google/collections/google-collections/1.0/google-collections-1.0.jar
7f3b0dcdb000-7f3b0dcdc000 r--s 0000a000 08:03 10763080                   /home/seema/.m2/repository/commons-logging/commons-logging-api/1.1/commons-logging-api-1.1.jar
7f3b0dcdc000-7f3b0dce3000 r--s 00051000 08:03 10763078                   /home/seema/.m2/repository/log4j/log4j/1.2.12/log4j-1.2.12.jar
7f3b0dce3000-7f3b0dce7000 r--s 0001d000 08:03 10763076                   /home/seema/.m2/repository/org/apache/xbean/xbean-reflect/3.4/xbean-reflect-3.4.jar
7f3b0dce7000-7f3b0dce8000 r--s 00004000 08:03 10763070                   /home/seema/.m2/repository/org/codehaus/plexus/plexus-compiler-javac/2.5/plexus-compiler-javac-2.5.jar
7f3b0dce8000-7f3b0dcea000 r--s 00000000 08:03 10763068                   /home/seema/.m2/repository/org/codehaus/plexus/plexus-compiler-manager/2.5/plexus-compiler-manager-2.5.jar
7f3b0dcea000-7f3b0dcec000 r--s 00005000 08:03 10763066                   /home/seema/.m2/repository/org/codehaus/plexus/plexus-compiler-api/2.5/plexus-compiler-api-2.5.jar
7f3b0dcec000-7f3b0dcee000 r--s 00000000 08:03 10763064                   /home/seema/.m2/repository/org/codehaus/plexus/plexus-component-annotations/1.5.5/plexus-component-annotations-1.5.5.jar
7f3b0dcee000-7f3b0dcf0000 r--s 00002000 08:03 10763062                   /home/seema/.m2/repository/org/apache/maven/shared/maven-shared-incremental/1.1/maven-shared-incremental-1.1.jar
7f3b0dcf0000-7f3b0dcf2000 r--s 00006000 08:03 10763060                   /home/seema/.m2/repository/com/google/code/findbugs/jsr305/2.0.1/jsr305-2.0.1.jar
7f3b0dcf2000-7f3b0dcf6000 r--s 00026000 08:03 10763058                   /home/seema/.m2/repository/org/apache/maven/shared/maven-shared-utils/0.7/maven-shared-utils-0.7.jar
7f3b0dcf6000-7f3b0dcf8000 r--s 00002000 08:03 10763054                   /home/seema/.m2/repository/org/sonatype/plexus/plexus-cipher/1.4/plexus-cipher-1.4.jar
7f3b0dcf8000-7f3b0dd00000 r--s 00049000 08:03 10763048                   /home/seema/.m2/repository/backport-util-concurrent/backport-util-concurrent/3.1/backport-util-concurrent-3.1.jar
7f3b0dd00000-7f3b0dd02000 r--s 00003000 08:03 10763016                   /home/seema/.m2/repository/org/slf4j/jcl-over-slf4j/1.5.6/jcl-over-slf4j-1.5.6.jar
7f3b0dd02000-7f3b0dd04000 r--s 00001000 08:03 10763011                   /home/seema/.m2/repository/org/slf4j/slf4j-jdk14/1.5.6/slf4j-jdk14-1.5.6.jar
7f3b0dd04000-7f3b0dd06000 r--s 0000b000 08:03 10762998                   /home/seema/.m2/repository/org/codehaus/plexus/plexus-interpolation/1.11/plexus-interpolation-1.11.jar
7f3b0dd06000-7f3b0dd0a000 r--s 00034000 08:03 10762980                   /home/seema/.m2/repository/org/codehaus/plexus/plexus-utils/1.5.15/plexus-utils-1.5.15.jar
7f3b0dd0a000-7f3b0dd0c000 r--s 0000a000 08:03 10762548                   /home/seema/.m2/repository/org/apache/maven/plugins/maven-compiler-plugin/3.3/maven-compiler-plugin-3.3.jar
7f3b0dd0c000-7f3b0dd0e000 r--s 0000d000 08:03 10879536                   /home/seema/.m2/repository/org/codehaus/plexus/plexus-interpolation/1.13/plexus-interpolation-1.13.jar
7f3b0dd0e000-7f3b0dd3f000 rw-p 00000000 00:00 0 
7f3b0dd3f000-7f3b0dd7c000 r-xp 00000000 08:02 135404                     /lib/x86_64-linux-gnu/libpcre.so.3.13.1
7f3b0dd7c000-7f3b0df7b000 ---p 0003d000 08:02 135404                     /lib/x86_64-linux-gnu/libpcre.so.3.13.1
7f3b0df7b000-7f3b0df7c000 r--p 0003c000 08:02 135404                     /lib/x86_64-linux-gnu/libpcre.so.3.13.1
7f3b0df7c000-7f3b0df7d000 rw-p 0003d000 08:02 135404                     /lib/x86_64-linux-gnu/libpcre.so.3.13.1
7f3b0df7d000-7f3b0df84000 r-xp 00000000 08:02 7603732                    /usr/lib/x86_64-linux-gnu/libffi.so.6.0.1
7f3b0df84000-7f3b0e183000 ---p 00007000 08:02 7603732                    /usr/lib/x86_64-linux-gnu/libffi.so.6.0.1
7f3b0e183000-7f3b0e184000 r--p 00006000 08:02 7603732                    /usr/lib/x86_64-linux-gnu/libffi.so.6.0.1
7f3b0e184000-7f3b0e185000 rw-p 00007000 08:02 7603732                    /usr/lib/x86_64-linux-gnu/libffi.so.6.0.1
7f3b0e185000-7f3b0e19c000 r-xp 00000000 08:02 132161                     /lib/x86_64-linux-gnu/libresolv-2.19.so
7f3b0e19c000-7f3b0e39c000 ---p 00017000 08:02 132161                     /lib/x86_64-linux-gnu/libresolv-2.19.so
7f3b0e39c000-7f3b0e39d000 r--p 00017000 08:02 132161                     /lib/x86_64-linux-gnu/libresolv-2.19.so
7f3b0e39d000-7f3b0e39e000 rw-p 00018000 08:02 132161                     /lib/x86_64-linux-gnu/libresolv-2.19.so
7f3b0e39e000-7f3b0e3a0000 rw-p 00000000 00:00 0 
7f3b0e3a0000-7f3b0e3c0000 r-xp 00000000 08:02 135481                     /lib/x86_64-linux-gnu/libselinux.so.1
7f3b0e3c0000-7f3b0e5bf000 ---p 00020000 08:02 135481                     /lib/x86_64-linux-gnu/libselinux.so.1
7f3b0e5bf000-7f3b0e5c0000 r--p 0001f000 08:02 135481                     /lib/x86_64-linux-gnu/libselinux.so.1
7f3b0e5c0000-7f3b0e5c1000 rw-p 00020000 08:02 135481                     /lib/x86_64-linux-gnu/libselinux.so.1
7f3b0e5c1000-7f3b0e5c3000 rw-p 00000000 00:00 0 
7f3b0e5c3000-7f3b0e5c6000 r-xp 00000000 08:02 7610563                    /usr/lib/x86_64-linux-gnu/libgmodule-2.0.so.0.4002.0
7f3b0e5c6000-7f3b0e7c5000 ---p 00003000 08:02 7610563                    /usr/lib/x86_64-linux-gnu/libgmodule-2.0.so.0.4002.0
7f3b0e7c5000-7f3b0e7c6000 r--p 00002000 08:02 7610563                    /usr/lib/x86_64-linux-gnu/libgmodule-2.0.so.0.4002.0
7f3b0e7c6000-7f3b0e7c7000 rw-p 00003000 08:02 7610563                    /usr/lib/x86_64-linux-gnu/libgmodule-2.0.so.0.4002.0
7f3b0e7c7000-7f3b0e8cd000 r-xp 00000000 08:02 135381                     /lib/x86_64-linux-gnu/libglib-2.0.so.0.4002.0
7f3b0e8cd000-7f3b0eacc000 ---p 00106000 08:02 135381                     /lib/x86_64-linux-gnu/libglib-2.0.so.0.4002.0
7f3b0eacc000-7f3b0eacd000 r--p 00105000 08:02 135381                     /lib/x86_64-linux-gnu/libglib-2.0.so.0.4002.0
7f3b0eacd000-7f3b0eace000 rw-p 00106000 08:02 135381                     /lib/x86_64-linux-gnu/libglib-2.0.so.0.4002.0
7f3b0eace000-7f3b0eacf000 rw-p 00000000 00:00 0 
7f3b0eacf000-7f3b0eb1e000 r-xp 00000000 08:02 7610587                    /usr/lib/x86_64-linux-gnu/libgobject-2.0.so.0.4002.0
7f3b0eb1e000-7f3b0ed1e000 ---p 0004f000 08:02 7610587                    /usr/lib/x86_64-linux-gnu/libgobject-2.0.so.0.4002.0
7f3b0ed1e000-7f3b0ed1f000 r--p 0004f000 08:02 7610587                    /usr/lib/x86_64-linux-gnu/libgobject-2.0.so.0.4002.0
7f3b0ed1f000-7f3b0ed20000 rw-p 00050000 08:02 7610587                    /usr/lib/x86_64-linux-gnu/libgobject-2.0.so.0.4002.0
7f3b0ed20000-7f3b0ee8c000 r-xp 00000000 08:02 7610547                    /usr/lib/x86_64-linux-gnu/libgio-2.0.so.0.4002.0
7f3b0ee8c000-7f3b0f08b000 ---p 0016c000 08:02 7610547                    /usr/lib/x86_64-linux-gnu/libgio-2.0.so.0.4002.0
7f3b0f08b000-7f3b0f08f000 r--p 0016b000 08:02 7610547                    /usr/lib/x86_64-linux-gnu/libgio-2.0.so.0.4002.0
7f3b0f08f000-7f3b0f091000 rw-p 0016f000 08:02 7610547                    /usr/lib/x86_64-linux-gnu/libgio-2.0.so.0.4002.0
7f3b0f091000-7f3b0f093000 rw-p 00000000 00:00 0 
7f3b0f093000-7f3b0f094000 r--s 00006000 08:03 10763052                   /home/seema/.m2/repository/org/sonatype/plexus/plexus-sec-dispatcher/1.3/plexus-sec-dispatcher-1.3.jar
7f3b0f094000-7f3b0f095000 r--s 00001000 08:03 10879534                   /home/seema/.m2/repository/org/sonatype/plexus/plexus-build-api/0.0.4/plexus-build-api-0.0.4.jar
7f3b0f095000-7f3b0f097000 r--s 00009000 08:03 10879532                   /home/seema/.m2/repository/org/apache/maven/shared/maven-filtering/1.1/maven-filtering-1.1.jar
7f3b0f097000-7f3b0f09b000 r--s 00033000 08:03 10764536                   /home/seema/.m2/repository/org/codehaus/plexus/plexus-utils/2.0.5/plexus-utils-2.0.5.jar
7f3b0f09b000-7f3b0f09e000 r--s 0001b000 08:03 10764534                   /home/seema/.m2/repository/junit/junit/3.8.1/junit-3.8.1.jar
7f3b0f09e000-7f3b0f0a0000 r--s 00002000 08:03 10764526                   /home/seema/.m2/repository/org/codehaus/plexus/plexus-interactivity-api/1.0-alpha-4/plexus-interactivity-api-1.0-alpha-4.jar
7f3b0f0a0000-7f3b0f0a2000 r--s 00006000 08:03 10764522                   /home/seema/.m2/repository/commons-cli/commons-cli/1.0/commons-cli-1.0.jar
7f3b0f0a2000-7f3b0f0a3000 r--s 00001000 08:03 10764518                   /home/seema/.m2/repository/org/apache/maven/doxia/doxia-sink-api/1.0-alpha-7/doxia-sink-api-1.0-alpha-7.jar
7f3b0f0a3000-7f3b0f0a4000 r--s 00002000 08:03 10764516                   /home/seema/.m2/repository/org/apache/maven/reporting/maven-reporting-api/2.0.6/maven-reporting-api-2.0.6.jar
7f3b0f0a4000-7f3b0f0a6000 r--s 00006000 08:03 10762459                   /home/seema/.m2/repository/org/apache/maven/plugins/maven-resources-plugin/2.6/maven-resources-plugin-2.6.jar
7f3b0f0a6000-7f3b0f0aa000 r--s 00034000 08:03 10764543                   /home/seema/.m2/repository/org/codehaus/plexus/plexus-utils/3.0/plexus-utils-3.0.jar
7f3b0f0aa000-7f3b0f0ac000 r--s 00005000 08:03 10762202                   /home/seema/.m2/repository/org/apache/maven/plugins/maven-clean-plugin/2.5/maven-clean-plugin-2.5.jar
7f3b0f0ac000-7f3b0f0b1000 r--s 0004d000 08:02 7735218                    /usr/lib/jvm/java-7-openjdk-amd64/jre/lib/jsse.jar
7f3b0f0b1000-7f3b0f0c8000 r-xp 00000000 08:02 7735265                    /usr/lib/jvm/java-7-openjdk-amd64/jre/lib/amd64/libnet.so
7f3b0f0c8000-7f3b0f2c7000 ---p 00017000 08:02 7735265                    /usr/lib/jvm/java-7-openjdk-amd64/jre/lib/amd64/libnet.so
7f3b0f2c7000-7f3b0f2c8000 r--p 00016000 08:02 7735265                    /usr/lib/jvm/java-7-openjdk-amd64/jre/lib/amd64/libnet.so
7f3b0f2c8000-7f3b0f2c9000 rw-p 00017000 08:02 7735265                    /usr/lib/jvm/java-7-openjdk-amd64/jre/lib/amd64/libnet.so
7f3b0f2c9000-7f3b0f2d9000 r-xp 00000000 08:02 7735266                    /usr/lib/jvm/java-7-openjdk-amd64/jre/lib/amd64/libnio.so
7f3b0f2d9000-7f3b0f4d9000 ---p 00010000 08:02 7735266                    /usr/lib/jvm/java-7-openjdk-amd64/jre/lib/amd64/libnio.so
7f3b0f4d9000-7f3b0f4da000 r--p 00010000 08:02 7735266                    /usr/lib/jvm/java-7-openjdk-amd64/jre/lib/amd64/libnio.so
7f3b0f4da000-7f3b0f4db000 rw-p 00011000 08:02 7735266                    /usr/lib/jvm/java-7-openjdk-amd64/jre/lib/amd64/libnio.so
7f3b0f4db000-7f3b0f4dc000 r--s 00002000 08:03 10760393                   /home/seema/Desktop/eclipse/plugins/org.eclipse.m2e.maven.runtime.slf4j.simple_1.6.1.20150625-2337/jars/slf4j-simple-1.7.5.jar
7f3b0f4dc000-7f3b0f4e1000 r--s 00041000 08:03 10761024                   /home/seema/Desktop/eclipse/plugins/org.eclipse.m2e.maven.runtime_1.6.1.20150625-2337/jars/commons-lang-2.6.jar
7f3b0f4e1000-7f3b0f4e2000 r--s 00002000 08:03 10761007                   /home/seema/Desktop/eclipse/plugins/org.eclipse.m2e.maven.runtime_1.6.1.20150625-2337/jars/wagon-file-2.9.jar
7f3b0f4e2000-7f3b0f4e4000 r--s 00005000 08:03 10761015                   /home/seema/Desktop/eclipse/plugins/org.eclipse.m2e.maven.runtime_1.6.1.20150625-2337/jars/aether-transport-wagon-1.0.2.v20150114.jar
7f3b0f4e4000-7f3b0f4e5000 r--s 00008000 08:03 10761016                   /home/seema/Desktop/eclipse/plugins/org.eclipse.m2e.maven.runtime_1.6.1.20150625-2337/jars/aether-connector-basic-1.0.2.v20150114.jar
7f3b0f4e5000-7f3b0f4e7000 r--s 0000e000 08:03 10761014                   /home/seema/Desktop/eclipse/plugins/org.eclipse.m2e.maven.runtime_1.6.1.20150625-2337/jars/okio-1.3.0.jar
7f3b0f4e7000-7f3b0f4ec000 r--s 00043000 08:03 10761032                   /home/seema/Desktop/eclipse/plugins/org.eclipse.m2e.maven.runtime_1.6.1.20150625-2337/jars/okhttp-2.3.0.jar
7f3b0f4ec000-7f3b0f4ee000 r--s 0000a000 08:03 10761038                   /home/seema/Desktop/eclipse/plugins/org.eclipse.m2e.maven.runtime_1.6.1.20150625-2337/jars/aether-connector-okhttp-0.15.0.jar
7f3b0f4ee000-7f3b0f4f0000 r--s 00006000 08:03 10761034                   /home/seema/Desktop/eclipse/plugins/org.eclipse.m2e.maven.runtime_1.6.1.20150625-2337/jars/aether-spi-1.0.2.v20150114.jar
7f3b0f4f0000-7f3b0f4f4000 r--s 00027000 08:03 10761036                   /home/seema/Desktop/eclipse/plugins/org.eclipse.m2e.maven.runtime_1.6.1.20150625-2337/jars/aether-impl-1.0.2.v20150114.jar
7f3b0f4f4000-7f3b0f51f000 r--s 001fc000 08:03 10761033                   /home/seema/Desktop/eclipse/plugins/org.eclipse.m2e.maven.runtime_1.6.1.20150625-2337/jars/guava-18.0.jar
7f3b0f51f000-7f3b0f528000 r--s 00059000 08:03 10761017                   /home/seema/Desktop/eclipse/plugins/org.eclipse.m2e.maven.runtime_1.6.1.20150625-2337/jars/sisu-guice-3.2.5-no_aop.jar
7f3b0f528000-7f3b0f52f000 r--s 00055000 08:03 10761025                   /home/seema/Desktop/eclipse/plugins/org.eclipse.m2e.maven.runtime_1.6.1.20150625-2337/jars/org.eclipse.sisu.inject-0.3.0.jar
7f3b0f52f000-7f3b0f530000 ---p 00000000 00:00 0 
7f3b0f530000-7f3b0f630000 rw-p 00000000 00:00 0                          [stack:11761]
7f3b0f630000-7f3b0f633000 ---p 00000000 00:00 0 
7f3b0f633000-7f3b0f731000 rw-p 00000000 00:00 0                          [stack:11760]
7f3b0f731000-7f3b0f734000 ---p 00000000 00:00 0 
7f3b0f734000-7f3b0f832000 rw-p 00000000 00:00 0                          [stack:11759]
7f3b0f832000-7f3b0f835000 ---p 00000000 00:00 0 
7f3b0f835000-7f3b0f933000 rw-p 00000000 00:00 0                          [stack:11758]
7f3b0f933000-7f3b0f936000 ---p 00000000 00:00 0 
7f3b0f936000-7f3b0fa34000 rw-p 00000000 00:00 0                          [stack:11757]
7f3b0fa34000-7f3b0fcfd000 r--p 00000000 08:02 7608728                    /usr/lib/locale/locale-archive
7f3b0fcfd000-7f3b0fd00000 ---p 00000000 00:00 0 
7f3b0fd00000-7f3b0fdfe000 rw-p 00000000 00:00 0                          [stack:11756]
7f3b0fdfe000-7f3b0fe01000 ---p 00000000 00:00 0 
7f3b0fe01000-7f3b0feff000 rw-p 00000000 00:00 0                          [stack:11755]
7f3b0feff000-7f3b0ff00000 ---p 00000000 00:00 0 
7f3b0ff00000-7f3b10000000 rw-p 00000000 00:00 0                          [stack:11754]
7f3b10000000-7f3b10021000 rw-p 00000000 00:00 0 
7f3b10021000-7f3b14000000 ---p 00000000 00:00 0 
7f3b14000000-7f3b14001000 r--s 00001000 08:03 10761002                   /home/seema/Desktop/eclipse/plugins/org.eclipse.m2e.maven.runtime_1.6.1.20150625-2337/jars/jsr250-api-1.0.jar
7f3b14001000-7f3b14004000 r--s 00008000 08:03 10761018                   /home/seema/Desktop/eclipse/plugins/org.eclipse.m2e.maven.runtime_1.6.1.20150625-2337/jars/cdi-api-1.0.jar
7f3b14004000-7f3b1400a000 r--s 0002d000 08:03 10761005                   /home/seema/Desktop/eclipse/plugins/org.eclipse.m2e.maven.runtime_1.6.1.20150625-2337/jars/org.eclipse.sisu.plexus-0.3.0.jar
7f3b1400a000-7f3b1400d000 r--s 0000b000 08:03 10761021                   /home/seema/Desktop/eclipse/plugins/org.eclipse.m2e.maven.runtime_1.6.1.20150625-2337/jars/wagon-provider-api-2.9.jar
7f3b1400d000-7f3b14014000 r--s 00040000 08:03 10761008                   /home/seema/Desktop/eclipse/plugins/org.eclipse.m2e.maven.runtime_1.6.1.20150625-2337/jars/maven-compat-3.3.3.jar
7f3b14014000-7f3b14016000 r--s 00009000 08:03 10761035                   /home/seema/Desktop/eclipse/plugins/org.eclipse.m2e.maven.runtime_1.6.1.20150625-2337/jars/commons-cli-1.2.jar
7f3b14016000-7f3b14018000 r--s 00002000 08:03 10761003                   /home/seema/Desktop/eclipse/plugins/org.eclipse.m2e.maven.runtime_1.6.1.20150625-2337/jars/plexus-cipher-1.7.jar
7f3b14018000-7f3b1401b000 r--s 00013000 08:03 10761029                   /home/seema/Desktop/eclipse/plugins/org.eclipse.m2e.maven.runtime_1.6.1.20150625-2337/jars/maven-embedder-3.3.3.jar
7f3b1401b000-7f3b1401d000 r--s 00000000 08:03 10761020                   /home/seema/Desktop/eclipse/plugins/org.eclipse.m2e.maven.runtime_1.6.1.20150625-2337/jars/plexus-component-annotations-1.5.5.jar
7f3b1401d000-7f3b14021000 r--s 00038000 08:03 10761004                   /home/seema/Desktop/eclipse/plugins/org.eclipse.m2e.maven.runtime_1.6.1.20150625-2337/jars/plexus-utils-3.0.20.jar
7f3b14021000-7f3b14024000 r--s 0000d000 08:03 10761022                   /home/seema/Desktop/eclipse/plugins/org.eclipse.m2e.maven.runtime_1.6.1.20150625-2337/jars/plexus-interpolation-1.21.jar
7f3b14024000-7f3b15000000 rw-p 00000000 00:00 0 
7f3b15000000-7f3b15340000 rwxp 00000000 00:00 0 
7f3b15340000-7f3b189e0000 rw-p 00000000 00:00 0 
7f3b189e0000-7f3b1c000000 ---p 00000000 00:00 0 
7f3b1c000000-7f3b1c001000 r--s 00006000 08:03 10761009                   /home/seema/Desktop/eclipse/plugins/org.eclipse.m2e.maven.runtime_1.6.1.20150625-2337/jars/plexus-sec-dispatcher-1.3.jar
7f3b1c001000-7f3b1c005000 r--s 00020000 08:03 10761030                   /home/seema/Desktop/eclipse/plugins/org.eclipse.m2e.maven.runtime_1.6.1.20150625-2337/jars/aether-util-1.0.2.v20150114.jar
7f3b1c005000-7f3b1c00a000 r--s 0001d000 08:03 10761041                   /home/seema/Desktop/eclipse/plugins/org.eclipse.m2e.maven.runtime_1.6.1.20150625-2337/jars/aether-api-1.0.2.v20150114.jar
7f3b1c00a000-7f3b1c00c000 r--s 0000f000 08:03 10761027                   /home/seema/Desktop/eclipse/plugins/org.eclipse.m2e.maven.runtime_1.6.1.20150625-2337/jars/maven-aether-provider-3.3.3.jar
7f3b1c00c000-7f3b1c011000 r--s 00027000 08:03 10761006                   /home/seema/Desktop/eclipse/plugins/org.eclipse.m2e.maven.runtime_1.6.1.20150625-2337/jars/maven-model-builder-3.3.3.jar
7f3b1c011000-7f3b1c013000 r--s 0000a000 08:03 10761039                   /home/seema/Desktop/eclipse/plugins/org.eclipse.m2e.maven.runtime_1.6.1.20150625-2337/jars/maven-plugin-api-3.3.3.jar
7f3b1c013000-7f3b1c015000 r--s 0000c000 08:03 10761028                   /home/seema/Desktop/eclipse/plugins/org.eclipse.m2e.maven.runtime_1.6.1.20150625-2337/jars/maven-artifact-3.3.3.jar
7f3b1c015000-7f3b1c017000 r--s 00005000 08:03 10761013                   /home/seema/Desktop/eclipse/plugins/org.eclipse.m2e.maven.runtime_1.6.1.20150625-2337/jars/maven-repository-metadata-3.3.3.jar
7f3b1c017000-7f3b1c038000 rw-p 00000000 00:00 0 
7f3b1c038000-7f3b1c1e9000 r--s 01d27000 08:02 7735228                    /usr/lib/jvm/java-7-openjdk-amd64/jre/lib/rt.jar
7f3b1c1e9000-7f3b1c738000 rw-p 00000000 00:00 0 
7f3b1c738000-7f3b1c739000 ---p 00000000 00:00 0 
7f3b1c739000-7f3b1c839000 rw-p 00000000 00:00 0                          [stack:11753]
7f3b1c839000-7f3b1c83a000 ---p 00000000 00:00 0 
7f3b1c83a000-7f3b1c93a000 rw-p 00000000 00:00 0                          [stack:11752]
7f3b1c93a000-7f3b1c93b000 ---p 00000000 00:00 0 
7f3b1c93b000-7f3b1ca3b000 rw-p 00000000 00:00 0                          [stack:11751]
7f3b1ca3b000-7f3b1ca3c000 ---p 00000000 00:00 0 
7f3b1ca3c000-7f3b1cb47000 rw-p 00000000 00:00 0                          [stack:11750]
7f3b1cb47000-7f3b1cb8f000 rw-p 00000000 00:00 0 
7f3b1cb8f000-7f3b1cbb8000 rw-p 00000000 00:00 0 
7f3b1cbb8000-7f3b1ce20000 rw-p 00000000 00:00 0 
7f3b1ce20000-7f3b1ce2b000 rw-p 00000000 00:00 0 
7f3b1ce2b000-7f3b1ce73000 rw-p 00000000 00:00 0 
7f3b1ce73000-7f3b1ce9c000 rw-p 00000000 00:00 0 
7f3b1ce9c000-7f3b1d103000 rw-p 00000000 00:00 0 
7f3b1d103000-7f3b1d18c000 rw-p 00000000 00:00 0 
7f3b1d18c000-7f3b1d24c000 rw-p 00000000 00:00 0 
7f3b1d24c000-7f3b1d24d000 rw-p 00000000 00:00 0 
7f3b1d24d000-7f3b1d255000 r-xp 00000000 08:02 7735273                    /usr/lib/jvm/java-7-openjdk-amd64/jre/lib/amd64/libzip.so
7f3b1d255000-7f3b1d454000 ---p 00008000 08:02 7735273                    /usr/lib/jvm/java-7-openjdk-amd64/jre/lib/amd64/libzip.so
7f3b1d454000-7f3b1d455000 r--p 00007000 08:02 7735273                    /usr/lib/jvm/java-7-openjdk-amd64/jre/lib/amd64/libzip.so
7f3b1d455000-7f3b1d456000 rw-p 00008000 08:02 7735273                    /usr/lib/jvm/java-7-openjdk-amd64/jre/lib/amd64/libzip.so
7f3b1d456000-7f3b1d460000 r-xp 00000000 08:02 132171                     /lib/x86_64-linux-gnu/libnss_files-2.19.so
7f3b1d460000-7f3b1d65f000 ---p 0000a000 08:02 132171                     /lib/x86_64-linux-gnu/libnss_files-2.19.so
7f3b1d65f000-7f3b1d660000 r--p 00009000 08:02 132171                     /lib/x86_64-linux-gnu/libnss_files-2.19.so
7f3b1d660000-7f3b1d661000 rw-p 0000a000 08:02 132171                     /lib/x86_64-linux-gnu/libnss_files-2.19.so
7f3b1d661000-7f3b1d66c000 r-xp 00000000 08:02 132226                     /lib/x86_64-linux-gnu/libnss_nis-2.19.so
7f3b1d66c000-7f3b1d86b000 ---p 0000b000 08:02 132226                     /lib/x86_64-linux-gnu/libnss_nis-2.19.so
7f3b1d86b000-7f3b1d86c000 r--p 0000a000 08:02 132226                     /lib/x86_64-linux-gnu/libnss_nis-2.19.so
7f3b1d86c000-7f3b1d86d000 rw-p 0000b000 08:02 132226                     /lib/x86_64-linux-gnu/libnss_nis-2.19.so
7f3b1d86d000-7f3b1d884000 r-xp 00000000 08:02 132163                     /lib/x86_64-linux-gnu/libnsl-2.19.so
7f3b1d884000-7f3b1da83000 ---p 00017000 08:02 132163                     /lib/x86_64-linux-gnu/libnsl-2.19.so
7f3b1da83000-7f3b1da84000 r--p 00016000 08:02 132163                     /lib/x86_64-linux-gnu/libnsl-2.19.so
7f3b1da84000-7f3b1da85000 rw-p 00017000 08:02 132163                     /lib/x86_64-linux-gnu/libnsl-2.19.so
7f3b1da85000-7f3b1da87000 rw-p 00000000 00:00 0 
7f3b1da87000-7f3b1da90000 r-xp 00000000 08:02 132224                     /lib/x86_64-linux-gnu/libnss_compat-2.19.so
7f3b1da90000-7f3b1dc8f000 ---p 00009000 08:02 132224                     /lib/x86_64-linux-gnu/libnss_compat-2.19.so
7f3b1dc8f000-7f3b1dc90000 r--p 00008000 08:02 132224                     /lib/x86_64-linux-gnu/libnss_compat-2.19.so
7f3b1dc90000-7f3b1dc91000 rw-p 00009000 08:02 132224                     /lib/x86_64-linux-gnu/libnss_compat-2.19.so
7f3b1dc91000-7f3b1dcbc000 r-xp 00000000 08:02 7735252                    /usr/lib/jvm/java-7-openjdk-amd64/jre/lib/amd64/libjava.so
7f3b1dcbc000-7f3b1debc000 ---p 0002b000 08:02 7735252                    /usr/lib/jvm/java-7-openjdk-amd64/jre/lib/amd64/libjava.so
7f3b1debc000-7f3b1debd000 r--p 0002b000 08:02 7735252                    /usr/lib/jvm/java-7-openjdk-amd64/jre/lib/amd64/libjava.so
7f3b1debd000-7f3b1debf000 rw-p 0002c000 08:02 7735252                    /usr/lib/jvm/java-7-openjdk-amd64/jre/lib/amd64/libjava.so
7f3b1debf000-7f3b1decf000 r-xp 00000000 08:02 7735272                    /usr/lib/jvm/java-7-openjdk-amd64/jre/lib/amd64/libverify.so
7f3b1decf000-7f3b1e0ce000 ---p 00010000 08:02 7735272                    /usr/lib/jvm/java-7-openjdk-amd64/jre/lib/amd64/libverify.so
7f3b1e0ce000-7f3b1e0d0000 r--p 0000f000 08:02 7735272                    /usr/lib/jvm/java-7-openjdk-amd64/jre/lib/amd64/libverify.so
7f3b1e0d0000-7f3b1e0d1000 rw-p 00011000 08:02 7735272                    /usr/lib/jvm/java-7-openjdk-amd64/jre/lib/amd64/libverify.so
7f3b1e0d1000-7f3b1e0d8000 r-xp 00000000 08:02 132194                     /lib/x86_64-linux-gnu/librt-2.19.so
7f3b1e0d8000-7f3b1e2d7000 ---p 00007000 08:02 132194                     /lib/x86_64-linux-gnu/librt-2.19.so
7f3b1e2d7000-7f3b1e2d8000 r--p 00006000 08:02 132194                     /lib/x86_64-linux-gnu/librt-2.19.so
7f3b1e2d8000-7f3b1e2d9000 rw-p 00007000 08:02 132194                     /lib/x86_64-linux-gnu/librt-2.19.so
7f3b1e2d9000-7f3b1e2ef000 r-xp 00000000 08:02 132197                     /lib/x86_64-linux-gnu/libgcc_s.so.1
7f3b1e2ef000-7f3b1e4ee000 ---p 00016000 08:02 132197                     /lib/x86_64-linux-gnu/libgcc_s.so.1
7f3b1e4ee000-7f3b1e4ef000 rw-p 00015000 08:02 132197                     /lib/x86_64-linux-gnu/libgcc_s.so.1
7f3b1e4ef000-7f3b1e5f4000 r-xp 00000000 08:02 132178                     /lib/x86_64-linux-gnu/libm-2.19.so
7f3b1e5f4000-7f3b1e7f3000 ---p 00105000 08:02 132178                     /lib/x86_64-linux-gnu/libm-2.19.so
7f3b1e7f3000-7f3b1e7f4000 r--p 00104000 08:02 132178                     /lib/x86_64-linux-gnu/libm-2.19.so
7f3b1e7f4000-7f3b1e7f5000 rw-p 00105000 08:02 132178                     /lib/x86_64-linux-gnu/libm-2.19.so
7f3b1e7f5000-7f3b1e8db000 r-xp 00000000 08:02 7606379                    /usr/lib/x86_64-linux-gnu/libstdc++.so.6.0.19
7f3b1e8db000-7f3b1eada000 ---p 000e6000 08:02 7606379                    /usr/lib/x86_64-linux-gnu/libstdc++.so.6.0.19
7f3b1eada000-7f3b1eae2000 r--p 000e5000 08:02 7606379                    /usr/lib/x86_64-linux-gnu/libstdc++.so.6.0.19
7f3b1eae2000-7f3b1eae4000 rw-p 000ed000 08:02 7606379                    /usr/lib/x86_64-linux-gnu/libstdc++.so.6.0.19
7f3b1eae4000-7f3b1eaf9000 rw-p 00000000 00:00 0 
7f3b1eaf9000-7f3b1f611000 r-xp 00000000 08:02 7735280                    /usr/lib/jvm/java-7-openjdk-amd64/jre/lib/amd64/server/libjvm.so
7f3b1f611000-7f3b1f811000 ---p 00b18000 08:02 7735280                    /usr/lib/jvm/java-7-openjdk-amd64/jre/lib/amd64/server/libjvm.so
7f3b1f811000-7f3b1f8ab000 r--p 00b18000 08:02 7735280                    /usr/lib/jvm/java-7-openjdk-amd64/jre/lib/amd64/server/libjvm.so
7f3b1f8ab000-7f3b1f8ce000 rw-p 00bb2000 08:02 7735280                    /usr/lib/jvm/java-7-openjdk-amd64/jre/lib/amd64/server/libjvm.so
7f3b1f8ce000-7f3b1f8fc000 rw-p 00000000 00:00 0 
7f3b1f8fc000-7f3b1f914000 r-xp 00000000 08:02 135514                     /lib/x86_64-linux-gnu/libz.so.1.2.8
7f3b1f914000-7f3b1fb13000 ---p 00018000 08:02 135514                     /lib/x86_64-linux-gnu/libz.so.1.2.8
7f3b1fb13000-7f3b1fb14000 r--p 00017000 08:02 135514                     /lib/x86_64-linux-gnu/libz.so.1.2.8
7f3b1fb14000-7f3b1fb15000 rw-p 00018000 08:02 135514                     /lib/x86_64-linux-gnu/libz.so.1.2.8
7f3b1fb15000-7f3b1fb2e000 r-xp 00000000 08:02 132184                     /lib/x86_64-linux-gnu/libpthread-2.19.so
7f3b1fb2e000-7f3b1fd2d000 ---p 00019000 08:02 132184                     /lib/x86_64-linux-gnu/libpthread-2.19.so
7f3b1fd2d000-7f3b1fd2e000 r--p 00018000 08:02 132184                     /lib/x86_64-linux-gnu/libpthread-2.19.so
7f3b1fd2e000-7f3b1fd2f000 rw-p 00019000 08:02 132184                     /lib/x86_64-linux-gnu/libpthread-2.19.so
7f3b1fd2f000-7f3b1fd33000 rw-p 00000000 00:00 0 
7f3b1fd33000-7f3b1fd36000 r-xp 00000000 08:02 132193                     /lib/x86_64-linux-gnu/libdl-2.19.so
7f3b1fd36000-7f3b1ff35000 ---p 00003000 08:02 132193                     /lib/x86_64-linux-gnu/libdl-2.19.so
7f3b1ff35000-7f3b1ff36000 r--p 00002000 08:02 132193                     /lib/x86_64-linux-gnu/libdl-2.19.so
7f3b1ff36000-7f3b1ff37000 rw-p 00003000 08:02 132193                     /lib/x86_64-linux-gnu/libdl-2.19.so
7f3b1ff37000-7f3b200f5000 r-xp 00000000 08:02 132183                     /lib/x86_64-linux-gnu/libc-2.19.so
7f3b200f5000-7f3b202f5000 ---p 001be000 08:02 132183                     /lib/x86_64-linux-gnu/libc-2.19.so
7f3b202f5000-7f3b202f9000 r--p 001be000 08:02 132183                     /lib/x86_64-linux-gnu/libc-2.19.so
7f3b202f9000-7f3b202fb000 rw-p 001c2000 08:02 132183                     /lib/x86_64-linux-gnu/libc-2.19.so
7f3b202fb000-7f3b20300000 rw-p 00000000 00:00 0 
7f3b20300000-7f3b2030d000 r-xp 00000000 08:02 7735276                    /usr/lib/jvm/java-7-openjdk-amd64/jre/lib/amd64/jli/libjli.so
7f3b2030d000-7f3b2050c000 ---p 0000d000 08:02 7735276                    /usr/lib/jvm/java-7-openjdk-amd64/jre/lib/amd64/jli/libjli.so
7f3b2050c000-7f3b2050d000 r--p 0000c000 08:02 7735276                    /usr/lib/jvm/java-7-openjdk-amd64/jre/lib/amd64/jli/libjli.so
7f3b2050d000-7f3b2050e000 rw-p 0000d000 08:02 7735276                    /usr/lib/jvm/java-7-openjdk-amd64/jre/lib/amd64/jli/libjli.so
7f3b2050e000-7f3b20531000 r-xp 00000000 08:02 132214                     /lib/x86_64-linux-gnu/ld-2.19.so
7f3b20531000-7f3b20532000 r--s 00003000 08:03 10761037                   /home/seema/Desktop/eclipse/plugins/org.eclipse.m2e.maven.runtime_1.6.1.20150625-2337/jars/maven-builder-support-3.3.3.jar
7f3b20532000-7f3b20534000 r--s 00009000 08:03 10761011                   /home/seema/Desktop/eclipse/plugins/org.eclipse.m2e.maven.runtime_1.6.1.20150625-2337/jars/maven-settings-builder-3.3.3.jar
7f3b20534000-7f3b20536000 r--s 00009000 08:03 10761023                   /home/seema/Desktop/eclipse/plugins/org.eclipse.m2e.maven.runtime_1.6.1.20150625-2337/jars/maven-settings-3.3.3.jar
7f3b20536000-7f3b20539000 r--s 00025000 08:03 10761042                   /home/seema/Desktop/eclipse/plugins/org.eclipse.m2e.maven.runtime_1.6.1.20150625-2337/jars/maven-model-3.3.3.jar
7f3b20539000-7f3b20546000 r--s 0008e000 08:03 10761012                   /home/seema/Desktop/eclipse/plugins/org.eclipse.m2e.maven.runtime_1.6.1.20150625-2337/jars/maven-core-3.3.3.jar
7f3b20546000-7f3b20548000 r--s 00001000 08:03 10761031                   /home/seema/Desktop/eclipse/plugins/org.eclipse.m2e.maven.runtime_1.6.1.20150625-2337/jars/takari-local-repository-0.9.0.jar
7f3b20548000-7f3b2054a000 r--s 0000b000 08:03 10761010                   /home/seema/Desktop/eclipse/plugins/org.eclipse.m2e.maven.runtime_1.6.1.20150625-2337/jars/plexus-classworlds-2.5.2.jar
7f3b2054a000-7f3b20557000 rw-p 00000000 00:00 0 
7f3b20557000-7f3b2060a000 rw-p 00000000 00:00 0 
7f3b2060a000-7f3b2060d000 ---p 00000000 00:00 0 
7f3b2060d000-7f3b20710000 rw-p 00000000 00:00 0                          [stack:11749]
7f3b20710000-7f3b20711000 r--s 00003000 08:03 10761040                   /home/seema/Desktop/eclipse/plugins/org.eclipse.m2e.maven.runtime_1.6.1.20150625-2337/jars/takari-filemanager-0.7.0.jar
7f3b20711000-7f3b20715000 r--s 00034000 08:02 7735292                    /usr/lib/jvm/java-7-openjdk-amd64/jre/lib/ext/sunjce_provider.jar
7f3b20715000-7f3b20719000 r--s 0003c000 08:02 7735293                    /usr/lib/jvm/java-7-openjdk-amd64/jre/lib/ext/sunpkcs11.jar
7f3b20719000-7f3b2071c000 r--s 0000f000 08:02 7735288                    /usr/lib/jvm/java-7-openjdk-amd64/jre/lib/ext/icedtea-sound.jar
7f3b2071c000-7f3b2071f000 r--s 00086000 08:02 7735291                    /usr/lib/jvm/java-7-openjdk-amd64/jre/lib/ext/localedata.jar
7f3b2071f000-7f3b20721000 r--s 00006000 08:02 8131799                    /usr/share/java/java-atk-wrapper.jar
7f3b20721000-7f3b20723000 r--s 00012000 08:02 7735294                    /usr/lib/jvm/java-7-openjdk-amd64/jre/lib/ext/zipfs.jar
7f3b20723000-7f3b20724000 r--s 00002000 08:02 7735287                    /usr/lib/jvm/java-7-openjdk-amd64/jre/lib/ext/dnsns.jar
7f3b20724000-7f3b2072c000 rw-s 00000000 08:02 5636136                    /tmp/hsperfdata_seema/11741
7f3b2072c000-7f3b2072d000 rw-p 00000000 00:00 0 
7f3b2072d000-7f3b2072e000 ---p 00000000 00:00 0 
7f3b2072e000-7f3b20730000 rw-p 00000000 00:00 0 
7f3b20730000-7f3b20731000 r--p 00022000 08:02 132214                     /lib/x86_64-linux-gnu/ld-2.19.so
7f3b20731000-7f3b20732000 rw-p 00023000 08:02 132214                     /lib/x86_64-linux-gnu/ld-2.19.so
7f3b20732000-7f3b20733000 rw-p 00000000 00:00 0 
7fffc57d6000-7fffc57f7000 rw-p 00000000 00:00 0                          [stack]
7fffc57f7000-7fffc57f9000 r-xp 00000000 00:00 0                          [vdso]
7fffc57f9000-7fffc57fb000 r--p 00000000 00:00 0                          [vvar]
ffffffffff600000-ffffffffff601000 r-xp 00000000 00:00 0                  [vsyscall]

VM Arguments:
jvm_args: -Dmaven.home=EMBEDDED -Dclassworlds.conf=/home/seema/workspace/.metadata/.plugins/org.eclipse.m2e.launching/launches/m2conf4244106943917029619.tmp -Dmaven.multiModuleProjectDirectory=/home/seema/workspace/spark_job -Dfile.encoding=UTF-8 
java_command: org.codehaus.plexus.classworlds.launcher.Launcher -B clean package assembly:single
Launcher Type: SUN_STANDARD

Environment Variables:
PATH=/usr/local/sbin:/usr/local/bin:/usr/sbin:/usr/bin:/sbin:/bin:/usr/games:/usr/local/games
USERNAME=seema
SHELL=/bin/bash
DISPLAY=:0.0

Signal Handlers:
SIGSEGV: [libjvm.so+0x94b9a0], sa_mask[0]=0x7ffbfeff, sa_flags=0x10000004
SIGBUS: [libjvm.so+0x94b9a0], sa_mask[0]=0x7ffbfeff, sa_flags=0x10000004
SIGFPE: [libjvm.so+0x7c3880], sa_mask[0]=0x7ffbfeff, sa_flags=0x10000004
SIGPIPE: [libjvm.so+0x7c3880], sa_mask[0]=0x7ffbfeff, sa_flags=0x10000004
SIGXFSZ: [libjvm.so+0x7c3880], sa_mask[0]=0x7ffbfeff, sa_flags=0x10000004
SIGILL: [libjvm.so+0x7c3880], sa_mask[0]=0x7ffbfeff, sa_flags=0x10000004
SIGUSR1: SIG_DFL, sa_mask[0]=0x00000000, sa_flags=0x00000000
SIGUSR2: [libjvm.so+0x7c3720], sa_mask[0]=0x00000004, sa_flags=0x10000004
SIGHUP: [libjvm.so+0x7c3900], sa_mask[0]=0x7ffbfeff, sa_flags=0x10000004
SIGINT: [libjvm.so+0x7c3900], sa_mask[0]=0x7ffbfeff, sa_flags=0x10000004
SIGTERM: [libjvm.so+0x7c3900], sa_mask[0]=0x7ffbfeff, sa_flags=0x10000004
SIGQUIT: [libjvm.so+0x7c3900], sa_mask[0]=0x7ffbfeff, sa_flags=0x10000004
SIGTRAP: SIG_DFL, sa_mask[0]=0x00000000, sa_flags=0x00000000


---------------  S Y S T E M  ---------------

OS:LinuxMint 17.3 (rosa)
uname:Linux 3.16.0-38-generic #52~14.04.1-Ubuntu SMP Fri May 8 09:43:57 UTC 2015 x86_64
libc:glibc 2.19 NPTL 2.19 
rlimit: STACK 8192k, CORE 0k, NPROC 31368, NOFILE 4096, AS infinity
load average:2.11 1.41 1.13

/proc/meminfo:
MemTotal:        8062232 kB
MemFree:          122296 kB
MemAvailable:      76432 kB
Buffers:             268 kB
Cached:           251940 kB
SwapCached:            0 kB
Active:          3334436 kB
Inactive:         221860 kB
Active(anon):    3329096 kB
Inactive(anon):   213068 kB
Active(file):       5340 kB
Inactive(file):     8792 kB
Unevictable:           0 kB
Mlocked:               0 kB
SwapTotal:             0 kB
SwapFree:              0 kB
Dirty:                 0 kB
Writeback:             0 kB
AnonPages:       3304764 kB
Mapped:          4249780 kB
Shmem:            237400 kB
Slab:             130992 kB
SReclaimable:      63080 kB
SUnreclaim:        67912 kB
KernelStack:       10128 kB
PageTables:        40784 kB
NFS_Unstable:          0 kB
Bounce:                0 kB
WritebackTmp:          0 kB
CommitLimit:     4031116 kB
Committed_AS:   11058856 kB
VmallocTotal:   34359738367 kB
VmallocUsed:      552948 kB
VmallocChunk:   34359099512 kB
HardwareCorrupted:     0 kB
AnonHugePages:    692224 kB
HugePages_Total:       0
HugePages_Free:        0
HugePages_Rsvd:        0
HugePages_Surp:        0
Hugepagesize:       2048 kB
DirectMap4k:       82688 kB
DirectMap2M:     2949120 kB
DirectMap1G:     5242880 kB


CPU:total 4 (2 cores per cpu, 2 threads per core) family 6 model 69 stepping 1, cmov, cx8, fxsr, mmx, sse, sse2, sse3, ssse3, sse4.1, sse4.2, popcnt, avx, avx2, aes, erms, ht, tsc, tscinvbit

/proc/cpuinfo:
processor	: 0
vendor_id	: GenuineIntel
cpu family	: 6
model		: 69
model name	: Intel(R) Core(TM) i5-4210U CPU @ 1.70GHz
stepping	: 1
microcode	: 0x1c
cpu MHz		: 2377.031
cache size	: 3072 KB
physical id	: 0
siblings	: 4
core id		: 0
cpu cores	: 2
apicid		: 0
initial apicid	: 0
fpu		: yes
fpu_exception	: yes
cpuid level	: 13
wp		: yes
flags		: fpu vme de pse tsc msr pae mce cx8 apic sep mtrr pge mca cmov pat pse36 clflush dts acpi mmx fxsr sse sse2 ss ht tm pbe syscall nx pdpe1gb rdtscp lm constant_tsc arch_perfmon pebs bts rep_good nopl xtopology nonstop_tsc aperfmperf eagerfpu pni pclmulqdq dtes64 monitor ds_cpl vmx est tm2 ssse3 fma cx16 xtpr pdcm pcid sse4_1 sse4_2 movbe popcnt tsc_deadline_timer aes xsave avx f16c rdrand lahf_lm abm ida arat epb xsaveopt pln pts dtherm tpr_shadow vnmi flexpriority ept vpid fsgsbase tsc_adjust bmi1 avx2 smep bmi2 erms invpcid
bogomips	: 4788.90
clflush size	: 64
cache_alignment	: 64
address sizes	: 39 bits physical, 48 bits virtual
power management:

processor	: 1
vendor_id	: GenuineIntel
cpu family	: 6
model		: 69
model name	: Intel(R) Core(TM) i5-4210U CPU @ 1.70GHz
stepping	: 1
microcode	: 0x1c
cpu MHz		: 2359.687
cache size	: 3072 KB
physical id	: 0
siblings	: 4
core id		: 0
cpu cores	: 2
apicid		: 1
initial apicid	: 1
fpu		: yes
fpu_exception	: yes
cpuid level	: 13
wp		: yes
flags		: fpu vme de pse tsc msr pae mce cx8 apic sep mtrr pge mca cmov pat pse36 clflush dts acpi mmx fxsr sse sse2 ss ht tm pbe syscall nx pdpe1gb rdtscp lm constant_tsc arch_perfmon pebs bts rep_good nopl xtopology nonstop_tsc aperfmperf eagerfpu pni pclmulqdq dtes64 monitor ds_cpl vmx est tm2 ssse3 fma cx16 xtpr pdcm pcid sse4_1 sse4_2 movbe popcnt tsc_deadline_timer aes xsave avx f16c rdrand lahf_lm abm ida arat epb xsaveopt pln pts dtherm tpr_shadow vnmi flexpriority ept vpid fsgsbase tsc_adjust bmi1 avx2 smep bmi2 erms invpcid
bogomips	: 4788.90
clflush size	: 64
cache_alignment	: 64
address sizes	: 39 bits physical, 48 bits virtual
power management:

processor	: 2
vendor_id	: GenuineIntel
cpu family	: 6
model		: 69
model name	: Intel(R) Core(TM) i5-4210U CPU @ 1.70GHz
stepping	: 1
microcode	: 0x1c
cpu MHz		: 2400.000
cache size	: 3072 KB
physical id	: 0
siblings	: 4
core id		: 1
cpu cores	: 2
apicid		: 2
initial apicid	: 2
fpu		: yes
fpu_exception	: yes
cpuid level	: 13
wp		: yes
flags		: fpu vme de pse tsc msr pae mce cx8 apic sep mtrr pge mca cmov pat pse36 clflush dts acpi mmx fxsr sse sse2 ss ht tm pbe syscall nx pdpe1gb rdtscp lm constant_tsc arch_perfmon pebs bts rep_good nopl xtopology nonstop_tsc aperfmperf eagerfpu pni pclmulqdq dtes64 monitor ds_cpl vmx est tm2 ssse3 fma cx16 xtpr pdcm pcid sse4_1 sse4_2 movbe popcnt tsc_deadline_timer aes xsave avx f16c rdrand lahf_lm abm ida arat epb xsaveopt pln pts dtherm tpr_shadow vnmi flexpriority ept vpid fsgsbase tsc_adjust bmi1 avx2 smep bmi2 erms invpcid
bogomips	: 4788.90
clflush size	: 64
cache_alignment	: 64
address sizes	: 39 bits physical, 48 bits virtual
power management:

processor	: 3
vendor_id	: GenuineIntel
cpu family	: 6
model		: 69
model name	: Intel(R) Core(TM) i5-4210U CPU @ 1.70GHz
stepping	: 1
microcode	: 0x1c
cpu MHz		: 2431.125
cache size	: 3072 KB
physical id	: 0
siblings	: 4
core id		: 1
cpu cores	: 2
apicid		: 3
initial apicid	: 3
fpu		: yes
fpu_exception	: yes
cpuid level	: 13
wp		: yes
flags		: fpu vme de pse tsc msr pae mce cx8 apic sep mtrr pge mca cmov pat pse36 clflush dts acpi mmx fxsr sse sse2 ss ht tm pbe syscall nx pdpe1gb rdtscp lm constant_tsc arch_perfmon pebs bts rep_good nopl xtopology nonstop_tsc aperfmperf eagerfpu pni pclmulqdq dtes64 monitor ds_cpl vmx est tm2 ssse3 fma cx16 xtpr pdcm pcid sse4_1 sse4_2 movbe popcnt tsc_deadline_timer aes xsave avx f16c rdrand lahf_lm abm ida arat epb xsaveopt pln pts dtherm tpr_shadow vnmi flexpriority ept vpid fsgsbase tsc_adjust bmi1 avx2 smep bmi2 erms invpcid
bogomips	: 4788.90
clflush size	: 64
cache_alignment	: 64
address sizes	: 39 bits physical, 48 bits virtual
power management:



Memory: 4k page, physical 8062232k(126780k free), swap 0k(0k free)

vm_info: OpenJDK 64-Bit Server VM (24.79-b02) for linux-amd64 JRE (1.7.0_79-b14), built on Apr 16 2015 08:21:58 by "buildd" with gcc 4.8.2

time: Sun Jun 25 13:21:43 2017
elapsed time: 11 seconds

