#
# There is insufficient memory for the Java Runtime Environment to continue.
# Native memory allocation (malloc) failed to allocate 155189248 bytes for committing reserved memory.
# Possible reasons:
#   The system is out of physical RAM or swap space
#   In 32 bit mode, the process size limit was hit
# Possible solutions:
#   Reduce memory load on the system
#   Increase physical memory or swap space
#   Check if swap backing store is full
#   Use 64 bit Java on a 64 bit OS
#   Decrease Java heap size (-Xmx/-Xms)
#   Decrease number of Java threads
#   Decrease Java thread stack sizes (-Xss)
#   Set larger code cache with -XX:ReservedCodeCacheSize=
# This output file may be truncated or incomplete.
#
#  Out of Memory Error (os_linux.cpp:2809), pid=12299, tid=139800517863168
#
# JRE version: OpenJDK Runtime Environment (7.0_79-b14) (build 1.7.0_79-b14)
# Java VM: OpenJDK 64-Bit Server VM (24.79-b02 mixed mode linux-amd64 compressed oops)
# Derivative: IcedTea 2.5.5
# Distribution: Ubuntu 14.04 LTS, package 7u79-2.5.5-0ubuntu0.14.04.2
# Failed to write core dump. Core dumps have been disabled. To enable core dumping, try "ulimit -c unlimited" before starting Java again
#

---------------  T H R E A D  ---------------

Current thread (0x00007f25dc075800):  VMThread [stack: 0x00007f25d824e000,0x00007f25d834f000] [id=12310]

Stack: [0x00007f25d824e000,0x00007f25d834f000],  sp=0x00007f25d834d490,  free space=1021k
Native frames: (J=compiled Java code, j=interpreted, Vv=VM code, C=native code)
V  [libjvm.so+0x94aec5]  VMError::report_and_die()+0x175
V  [libjvm.so+0x48b9c4]  report_vm_out_of_memory(char const*, int, unsigned long, char const*)+0x74
V  [libjvm.so+0x7c806b]  os::pd_commit_memory(char*, unsigned long, unsigned long, bool)+0xeb
V  [libjvm.so+0x7c2b0f]  os::commit_memory(char*, unsigned long, unsigned long, bool)+0x1f
V  [libjvm.so+0x83500b]  PSVirtualSpace::expand_by(unsigned long)+0x5b
V  [libjvm.so+0x835e60]  PSYoungGen::resize_generation(unsigned long, unsigned long)+0xb0
V  [libjvm.so+0x83654b]  PSYoungGen::resize(unsigned long, unsigned long)+0x1b
V  [libjvm.so+0x832830]  PSScavenge::invoke_no_policy()+0xde0
V  [libjvm.so+0x833008]  PSScavenge::invoke()+0x38
V  [libjvm.so+0x7e96f3]  ParallelScavengeHeap::failed_mem_allocate(unsigned long)+0x63
V  [libjvm.so+0x94c8c4]  VM_ParallelGCFailedAllocation::doit()+0x84
V  [libjvm.so+0x950dc7]  VM_Operation::evaluate()+0x47
V  [libjvm.so+0x94f738]  VMThread::evaluate_operation(VM_Operation*)+0x318
V  [libjvm.so+0x94fb99]  VMThread::loop()+0x219
V  [libjvm.so+0x94ffe2]  VMThread::run()+0x72
V  [libjvm.so+0x7c4f32]  java_start(Thread*)+0xf2

VM_Operation (0x00007f25e4a249b0): ParallelGCFailedAllocation, mode: safepoint, requested by thread 0x00007f25dc00a800


---------------  P R O C E S S  ---------------

Java Threads: ( => current thread )
  0x00007f25dc0ae800 JavaThread "Service Thread" daemon [_thread_blocked, id=12316, stack(0x00007f25d3933000,0x00007f25d3a34000)]
  0x00007f25dc0ac000 JavaThread "C2 CompilerThread1" daemon [_thread_blocked, id=12315, stack(0x00007f25d3a34000,0x00007f25d3b35000)]
  0x00007f25dc0a9000 JavaThread "C2 CompilerThread0" daemon [_thread_blocked, id=12314, stack(0x00007f25d3b35000,0x00007f25d3c36000)]
  0x00007f25dc0a7000 JavaThread "Signal Dispatcher" daemon [_thread_blocked, id=12313, stack(0x00007f25d3c36000,0x00007f25d3d37000)]
  0x00007f25dc07c000 JavaThread "Finalizer" daemon [_thread_blocked, id=12312, stack(0x00007f25d804c000,0x00007f25d814d000)]
  0x00007f25dc07a000 JavaThread "Reference Handler" daemon [_thread_blocked, id=12311, stack(0x00007f25d814d000,0x00007f25d824e000)]
  0x00007f25dc00a800 JavaThread "main" [_thread_blocked, id=12305, stack(0x00007f25e4927000,0x00007f25e4a28000)]

Other Threads:
=>0x00007f25dc075800 VMThread [stack: 0x00007f25d824e000,0x00007f25d834f000] [id=12310]
  0x00007f25dc0b9000 WatcherThread [stack: 0x00007f25d3832000,0x00007f25d3933000] [id=12317]

VM state:at safepoint (normal execution)

VM Mutex/Monitor currently owned by a thread:  ([mutex/lock_event])
[0x00007f25dc0068a0] Threads_lock - owner thread: 0x00007f25dc075800
[0x00007f25dc006da0] Heap_lock - owner thread: 0x00007f25dc00a800

Heap
 PSYoungGen      total 265216K, used 5888K [0x00000007d6f00000, 0x00000007e7f00000, 0x0000000800000000)
  eden space 251904K, 0% used [0x00000007d6f00000,0x00000007d6f00000,0x00000007e6500000)
  from space 13312K, 44% used [0x00000007e6500000,0x00000007e6ac0000,0x00000007e7200000)
  to   space 12800K, 0% used [0x00000007e7280000,0x00000007e7280000,0x00000007e7f00000)
 ParOldGen       total 83968K, used 17087K [0x0000000784e00000, 0x000000078a000000, 0x00000007d6f00000)
  object space 83968K, 20% used [0x0000000784e00000,0x0000000785eaff30,0x000000078a000000)
 PSPermGen       total 21504K, used 17256K [0x000000077a800000, 0x000000077bd00000, 0x0000000784e00000)
  object space 21504K, 80% used [0x000000077a800000,0x000000077b8da3b8,0x000000077bd00000)

Card table byte_map: [0x00007f25e113d000,0x00007f25e156a000] byte_map_base: 0x00007f25dd569000

Polling page: 0x00007f25e4a4a000

Code Cache  [0x00007f25d9000000, 0x00007f25d9350000, 0x00007f25dc000000)
 total_blobs=1168 nmethods=874 adapters=247 free_code_cache=45933Kb largest_free_block=46888128

Compilation events (10 events):
Event: 18.470 Thread 0x00007f25dc0a9000 nmethod 918 0x00007f25d932c390 code [0x00007f25d932c4c0, 0x00007f25d932c598]
Event: 18.917 Thread 0x00007f25dc0ac000  919             org.codehaus.plexus.interpolation.util.StringUtils::capitalizeFirstLetter (52 bytes)
Event: 18.917 Thread 0x00007f25dc0a9000  920             org.codehaus.plexus.interpolation.reflection.ReflectionValueExtractor::getClassMap (58 bytes)
Event: 23.478 Thread 0x00007f25dc0ac000 nmethod 919 0x00007f25d932cd10 code [0x00007f25d932cec0, 0x00007f25d932d708]
Event: 23.656 Thread 0x00007f25dc0ac000  921             org.codehaus.plexus.interpolation.reflection.ReflectionValueExtractor::evaluate (163 bytes)
Event: 24.598 Thread 0x00007f25dc0a9000 nmethod 920 0x00007f25d9337050 code [0x00007f25d9337280, 0x00007f25d9337d20]
Event: 24.598 Thread 0x00007f25dc0ac000 nmethod 921 0x00007f25d9136c10 code [0x00007f25d9137060, 0x00007f25d9138ce8]
Event: 24.608 Thread 0x00007f25dc0ac000  922             java.util.regex.Pattern::peek (26 bytes)
Event: 25.640 Thread 0x00007f25dc0ac000 nmethod 922 0x00007f25d913ce10 code [0x00007f25d913cf60, 0x00007f25d913d048]
Event: 26.066 Thread 0x00007f25dc0a9000  923             org.apache.maven.model.Model::getGroupId (5 bytes)

GC Heap History (10 events):
Event: 2.994 GC heap after
Heap after GC invocations=4 (full 0):
 PSYoungGen      total 68608K, used 5088K [0x00000007d6f00000, 0x00000007db700000, 0x0000000800000000)
  eden space 63488K, 0% used [0x00000007d6f00000,0x00000007d6f00000,0x00000007dad00000)
  from space 5120K, 99% used [0x00000007db200000,0x00000007db6f83c0,0x00000007db700000)
  to   space 5120K, 0% used [0x00000007dad00000,0x00000007dad00000,0x00000007db200000)
 ParOldGen       total 83968K, used 4739K [0x0000000784e00000, 0x000000078a000000, 0x00000007d6f00000)
  object space 83968K, 5% used [0x0000000784e00000,0x00000007852a0df8,0x000000078a000000)
 PSPermGen       total 21504K, used 14730K [0x000000077a800000, 0x000000077bd00000, 0x0000000784e00000)
  object space 21504K, 68% used [0x000000077a800000,0x000000077b662918,0x000000077bd00000)
}
Event: 3.910 GC heap before
{Heap before GC invocations=5 (full 0):
 PSYoungGen      total 68608K, used 68576K [0x00000007d6f00000, 0x00000007db700000, 0x0000000800000000)
  eden space 63488K, 100% used [0x00000007d6f00000,0x00000007dad00000,0x00000007dad00000)
  from space 5120K, 99% used [0x00000007db200000,0x00000007db6f83c0,0x00000007db700000)
  to   space 5120K, 0% used [0x00000007dad00000,0x00000007dad00000,0x00000007db200000)
 ParOldGen       total 83968K, used 4739K [0x0000000784e00000, 0x000000078a000000, 0x00000007d6f00000)
  object space 83968K, 5% used [0x0000000784e00000,0x00000007852a0df8,0x000000078a000000)
 PSPermGen       total 21504K, used 14843K [0x000000077a800000, 0x000000077bd00000, 0x0000000784e00000)
  object space 21504K, 69% used [0x000000077a800000,0x000000077b67ed50,0x000000077bd00000)
Event: 3.924 GC heap after
Heap after GC invocations=5 (full 0):
 PSYoungGen      total 68608K, used 5104K [0x00000007d6f00000, 0x00000007dff00000, 0x0000000800000000)
  eden space 63488K, 0% used [0x00000007d6f00000,0x00000007d6f00000,0x00000007dad00000)
  from space 5120K, 99% used [0x00000007dad00000,0x00000007db1fc010,0x00000007db200000)
  to   space 10240K, 0% used [0x00000007df500000,0x00000007df500000,0x00000007dff00000)
 ParOldGen       total 83968K, used 8347K [0x0000000784e00000, 0x000000078a000000, 0x00000007d6f00000)
  object space 83968K, 9% used [0x0000000784e00000,0x0000000785626df8,0x000000078a000000)
 PSPermGen       total 21504K, used 14843K [0x000000077a800000, 0x000000077bd00000, 0x0000000784e00000)
  object space 21504K, 69% used [0x000000077a800000,0x000000077b67ed50,0x000000077bd00000)
}
Event: 4.790 GC heap before
{Heap before GC invocations=6 (full 0):
 PSYoungGen      total 68608K, used 68592K [0x00000007d6f00000, 0x00000007dff00000, 0x0000000800000000)
  eden space 63488K, 100% used [0x00000007d6f00000,0x00000007dad00000,0x00000007dad00000)
  from space 5120K, 99% used [0x00000007dad00000,0x00000007db1fc010,0x00000007db200000)
  to   space 10240K, 0% used [0x00000007df500000,0x00000007df500000,0x00000007dff00000)
 ParOldGen       total 83968K, used 8347K [0x0000000784e00000, 0x000000078a000000, 0x00000007d6f00000)
  object space 83968K, 9% used [0x0000000784e00000,0x0000000785626df8,0x000000078a000000)
 PSPermGen       total 21504K, used 15580K [0x000000077a800000, 0x000000077bd00000, 0x0000000784e00000)
  object space 21504K, 72% used [0x000000077a800000,0x000000077b737248,0x000000077bd00000)
Event: 4.823 GC heap after
Heap after GC invocations=6 (full 0):
 PSYoungGen      total 136192K, used 9507K [0x00000007d6f00000, 0x00000007e0100000, 0x0000000800000000)
  eden space 125952K, 0% used [0x00000007d6f00000,0x00000007d6f00000,0x00000007dea00000)
  from space 10240K, 92% used [0x00000007df500000,0x00000007dfe48ff0,0x00000007dff00000)
  to   space 11264K, 0% used [0x00000007dea00000,0x00000007dea00000,0x00000007df500000)
 ParOldGen       total 83968K, used 8355K [0x0000000784e00000, 0x000000078a000000, 0x00000007d6f00000)
  object space 83968K, 9% used [0x0000000784e00000,0x0000000785628df8,0x000000078a000000)
 PSPermGen       total 21504K, used 15580K [0x000000077a800000, 0x000000077bd00000, 0x0000000784e00000)
  object space 21504K, 72% used [0x000000077a800000,0x000000077b737248,0x000000077bd00000)
}
Event: 6.306 GC heap before
{Heap before GC invocations=7 (full 0):
 PSYoungGen      total 136192K, used 135459K [0x00000007d6f00000, 0x00000007e0100000, 0x0000000800000000)
  eden space 125952K, 100% used [0x00000007d6f00000,0x00000007dea00000,0x00000007dea00000)
  from space 10240K, 92% used [0x00000007df500000,0x00000007dfe48ff0,0x00000007dff00000)
  to   space 11264K, 0% used [0x00000007dea00000,0x00000007dea00000,0x00000007df500000)
 ParOldGen       total 83968K, used 8355K [0x0000000784e00000, 0x000000078a000000, 0x00000007d6f00000)
  object space 83968K, 9% used [0x0000000784e00000,0x0000000785628df8,0x000000078a000000)
 PSPermGen       total 21504K, used 17065K [0x000000077a800000, 0x000000077bd00000, 0x0000000784e00000)
  object space 21504K, 79% used [0x000000077a800000,0x000000077b8aa680,0x000000077bd00000)
Event: 6.340 GC heap after
Heap after GC invocations=7 (full 0):
 PSYoungGen      total 137216K, used 11251K [0x00000007d6f00000, 0x00000007e8000000, 0x0000000800000000)
  eden space 125952K, 0% used [0x00000007d6f00000,0x00000007d6f00000,0x00000007dea00000)
  from space 11264K, 99% used [0x00000007dea00000,0x00000007df4fcf98,0x00000007df500000)
  to   space 13824K, 0% used [0x00000007e7280000,0x00000007e7280000,0x00000007e8000000)
 ParOldGen       total 83968K, used 10328K [0x0000000784e00000, 0x000000078a000000, 0x00000007d6f00000)
  object space 83968K, 12% used [0x0000000784e00000,0x0000000785816360,0x000000078a000000)
 PSPermGen       total 21504K, used 17065K [0x000000077a800000, 0x000000077bd00000, 0x0000000784e00000)
  object space 21504K, 79% used [0x000000077a800000,0x000000077b8aa680,0x000000077bd00000)
}
Event: 7.294 GC heap before
{Heap before GC invocations=8 (full 0):
 PSYoungGen      total 137216K, used 137203K [0x00000007d6f00000, 0x00000007e8000000, 0x0000000800000000)
  eden space 125952K, 100% used [0x00000007d6f00000,0x00000007dea00000,0x00000007dea00000)
  from space 11264K, 99% used [0x00000007dea00000,0x00000007df4fcf98,0x00000007df500000)
  to   space 13824K, 0% used [0x00000007e7280000,0x00000007e7280000,0x00000007e8000000)
 ParOldGen       total 83968K, used 10328K [0x0000000784e00000, 0x000000078a000000, 0x00000007d6f00000)
  object space 83968K, 12% used [0x0000000784e00000,0x0000000785816360,0x000000078a000000)
 PSPermGen       total 21504K, used 17154K [0x000000077a800000, 0x000000077bd00000, 0x0000000784e00000)
  object space 21504K, 79% used [0x000000077a800000,0x000000077b8c0900,0x000000077bd00000)
Event: 7.317 GC heap after
Heap after GC invocations=8 (full 0):
 PSYoungGen      total 264704K, used 8576K [0x00000007d6f00000, 0x00000007e7f00000, 0x0000000800000000)
  eden space 251904K, 0% used [0x00000007d6f00000,0x00000007d6f00000,0x00000007e6500000)
  from space 12800K, 67% used [0x00000007e7280000,0x00000007e7ae0000,0x00000007e7f00000)
  to   space 13312K, 0% used [0x00000007e6500000,0x00000007e6500000,0x00000007e7200000)
 ParOldGen       total 83968K, used 13055K [0x0000000784e00000, 0x000000078a000000, 0x00000007d6f00000)
  object space 83968K, 15% used [0x0000000784e00000,0x0000000785abff30,0x000000078a000000)
 PSPermGen       total 21504K, used 17154K [0x000000077a800000, 0x000000077bd00000, 0x0000000784e00000)
  object space 21504K, 79% used [0x000000077a800000,0x000000077b8c0900,0x000000077bd00000)
}
Event: 27.093 GC heap before
{Heap before GC invocations=9 (full 0):
 PSYoungGen      total 264704K, used 260480K [0x00000007d6f00000, 0x00000007e7f00000, 0x0000000800000000)
  eden space 251904K, 100% used [0x00000007d6f00000,0x00000007e6500000,0x00000007e6500000)
  from space 12800K, 67% used [0x00000007e7280000,0x00000007e7ae0000,0x00000007e7f00000)
  to   space 13312K, 0% used [0x00000007e6500000,0x00000007e6500000,0x00000007e7200000)
 ParOldGen       total 83968K, used 13055K [0x0000000784e00000, 0x000000078a000000, 0x00000007d6f00000)
  object space 83968K, 15% used [0x0000000784e00000,0x0000000785abff30,0x000000078a000000)
 PSPermGen       total 21504K, used 17256K [0x000000077a800000, 0x000000077bd00000, 0x0000000784e00000)
  object space 21504K, 80% used [0x000000077a800000,0x000000077b8da3b8,0x000000077bd00000)

Deoptimization events (10 events):
Event: 7.041 Thread 0x00007f25dc00a800 Uncommon trap: reason=null_check action=make_not_entrant pc=0x00007f25d92a4abc method=org.apache.maven.model.validation.DefaultModelValidator.validateEffectiveDependency(Lorg/apache/maven/model/building/ModelProblemCollector;Lorg/apache/maven/model/Depend
Event: 7.105 Thread 0x00007f25dc00a800 Uncommon trap: reason=null_check action=make_not_entrant pc=0x00007f25d92ac868 method=org.codehaus.plexus.util.xml.Xpp3Dom.mergeIntoXpp3Dom(Lorg/codehaus/plexus/util/xml/Xpp3Dom;Lorg/codehaus/plexus/util/xml/Xpp3Dom;Ljava/lang/Boolean;)V @ 19
Event: 7.356 Thread 0x00007f25dc00a800 Uncommon trap: reason=null_check action=make_not_entrant pc=0x00007f25d92ce798 method=org.apache.maven.model.building.DefaultModelBuilder.importDependencyManagement(Lorg/apache/maven/model/Model;Lorg/apache/maven/model/building/ModelBuildingRequest;Lorg/a
Event: 7.436 Thread 0x00007f25dc00a800 Uncommon trap: reason=null_check action=make_not_entrant pc=0x00007f25d91dc638 method=org.codehaus.plexus.util.xml.Xpp3Dom.mergeIntoXpp3Dom(Lorg/codehaus/plexus/util/xml/Xpp3Dom;Lorg/codehaus/plexus/util/xml/Xpp3Dom;Ljava/lang/Boolean;)V @ 146
Event: 7.696 Thread 0x00007f25dc00a800 Uncommon trap: reason=null_check action=make_not_entrant pc=0x00007f25d92c4520 method=org.apache.maven.bridge.MavenRepositorySystem.XcreateArtifact(Ljava/lang/String;Ljava/lang/String;Lorg/apache/maven/artifact/versioning/VersionRange;Ljava/lang/String;Lj
Event: 7.735 Thread 0x00007f25dc00a800 Uncommon trap: reason=null_check action=make_not_entrant pc=0x00007f25d92e6934 method=org.apache.maven.bridge.MavenRepositorySystem.XcreateArtifact(Ljava/lang/String;Ljava/lang/String;Lorg/apache/maven/artifact/versioning/VersionRange;Ljava/lang/String;Lj
Event: 8.110 Thread 0x00007f25dc00a800 Uncommon trap: reason=unreached action=reinterpret pc=0x00007f25d9128ccc method=org.apache.maven.model.Contributor.clone()Lorg/apache/maven/model/Contributor; @ 44
Event: 8.596 Thread 0x00007f25dc00a800 Uncommon trap: reason=null_check action=make_not_entrant pc=0x00007f25d9307f68 method=org.apache.maven.bridge.MavenRepositorySystem.XcreateArtifact(Ljava/lang/String;Ljava/lang/String;Lorg/apache/maven/artifact/versioning/VersionRange;Ljava/lang/String;Lj
Event: 8.596 Thread 0x00007f25dc00a800 Uncommon trap: reason=null_check action=make_not_entrant pc=0x00007f25d9307f68 method=org.apache.maven.bridge.MavenRepositorySystem.XcreateArtifact(Ljava/lang/String;Ljava/lang/String;Lorg/apache/maven/artifact/versioning/VersionRange;Ljava/lang/String;Lj
Event: 10.133 Thread 0x00007f25dc00a800 Uncommon trap: reason=null_check action=make_not_entrant pc=0x00007f25d9164ec8 method=org.codehaus.plexus.interpolation.reflection.ReflectionValueExtractor.getClassMap(Ljava/lang/Class;)Lorg/codehaus/plexus/interpolation/reflection/ClassMap; @ 9

Internal exceptions (10 events):
Event: 7.252 Thread 0x00007f25dc00a800 Threw 0x00000007dde3b5a8 at /build/buildd/openjdk-7-7u79-2.5.5/build/openjdk/hotspot/src/share/vm/prims/jvm.cpp:1284
Event: 7.252 Thread 0x00007f25dc00a800 Threw 0x00000007dde3bc88 at /build/buildd/openjdk-7-7u79-2.5.5/build/openjdk/hotspot/src/share/vm/prims/jvm.cpp:1284
Event: 7.253 Thread 0x00007f25dc00a800 Threw 0x00000007dde40c60 at /build/buildd/openjdk-7-7u79-2.5.5/build/openjdk/hotspot/src/share/vm/prims/jvm.cpp:1284
Event: 7.253 Thread 0x00007f25dc00a800 Threw 0x00000007dde412f0 at /build/buildd/openjdk-7-7u79-2.5.5/build/openjdk/hotspot/src/share/vm/prims/jvm.cpp:1284
Event: 7.356 Thread 0x00007f25dc00a800 Implicit null exception at 0x00007f25d92cd70a to 0x00007f25d92ce749
Event: 7.459 Thread 0x00007f25dc00a800 Threw 0x00000007d92c7fd8 at /build/buildd/openjdk-7-7u79-2.5.5/build/openjdk/hotspot/src/share/vm/prims/jvm.cpp:1284
Event: 7.459 Thread 0x00007f25dc00a800 Threw 0x00000007d92c8730 at /build/buildd/openjdk-7-7u79-2.5.5/build/openjdk/hotspot/src/share/vm/prims/jvm.cpp:1284
Event: 7.735 Thread 0x00007f25dc00a800 Implicit null exception at 0x00007f25d92e572d to 0x00007f25d92e6909
Event: 8.596 Thread 0x00007f25dc00a800 Implicit null exception at 0x00007f25d9302d8b to 0x00007f25d9307f31
Event: 8.596 Thread 0x00007f25dc00a800 Implicit null exception at 0x00007f25d9302d8b to 0x00007f25d9307f31

Events (10 events):
Event: 23.592 Thread 0x00007f25dc0ac000 flushing nmethod 0x00007f25d9151f90
Event: 23.595 Thread 0x00007f25dc0ac000 flushing nmethod 0x00007f25d9153790
Event: 24.608 Thread 0x00007f25dc0a9000 flushing nmethod 0x00007f25d9178a50
Event: 24.610 Thread 0x00007f25dc0a9000 flushing nmethod 0x00007f25d9181090
Event: 24.610 Thread 0x00007f25dc0a9000 flushing nmethod 0x00007f25d9182810
Event: 25.651 Thread 0x00007f25dc0ac000 flushing nmethod 0x00007f25d91ac650
Event: 25.726 Thread 0x00007f25dc0ac000 flushing nmethod 0x00007f25d91b6550
Event: 25.758 Thread 0x00007f25dc0ac000 flushing nmethod 0x00007f25d91c88d0
Event: 25.758 Thread 0x00007f25dc0ac000 flushing nmethod 0x00007f25d91c8c50
Event: 27.033 Executing VM operation: ParallelGCFailedAllocation


Dynamic libraries:
00400000-00401000 r-xp 00000000 08:02 7735187                            /usr/lib/jvm/java-7-openjdk-amd64/jre/bin/java
00600000-00601000 r--p 00000000 08:02 7735187                            /usr/lib/jvm/java-7-openjdk-amd64/jre/bin/java
00601000-00602000 rw-p 00001000 08:02 7735187                            /usr/lib/jvm/java-7-openjdk-amd64/jre/bin/java
01327000-01348000 rw-p 00000000 00:00 0                                  [heap]
77a800000-77bd00000 rw-p 00000000 00:00 0 
77bd00000-784e00000 rw-p 00000000 00:00 0 
784e00000-78a000000 rw-p 00000000 00:00 0 
78a000000-7d6f00000 rw-p 00000000 00:00 0 
7d6f00000-7e7f00000 rw-p 00000000 00:00 0 
7f1300000-800000000 rw-p 00000000 00:00 0 
7f2598000000-7f2598021000 rw-p 00000000 00:00 0 
7f2598021000-7f259c000000 ---p 00000000 00:00 0 
7f259c000000-7f259c021000 rw-p 00000000 00:00 0 
7f259c021000-7f25a0000000 ---p 00000000 00:00 0 
7f25a0000000-7f25a13dd000 rw-p 00000000 00:00 0 
7f25a13dd000-7f25a4000000 ---p 00000000 00:00 0 
7f25a4000000-7f25a5518000 rw-p 00000000 00:00 0 
7f25a5518000-7f25a8000000 ---p 00000000 00:00 0 
7f25a8000000-7f25a8021000 rw-p 00000000 00:00 0 
7f25a8021000-7f25ac000000 ---p 00000000 00:00 0 
7f25ac000000-7f25ac021000 rw-p 00000000 00:00 0 
7f25ac021000-7f25b0000000 ---p 00000000 00:00 0 
7f25b0000000-7f25b0021000 rw-p 00000000 00:00 0 
7f25b0021000-7f25b4000000 ---p 00000000 00:00 0 
7f25b7d40000-7f25bc000000 rw-p 00000000 00:00 0 
7f25bc000000-7f25bc021000 rw-p 00000000 00:00 0 
7f25bc021000-7f25c0000000 ---p 00000000 00:00 0 
7f25c0000000-7f25c0241000 rw-p 00000000 00:00 0 
7f25c0241000-7f25c4000000 ---p 00000000 00:00 0 
7f25c4000000-7f25c4021000 rw-p 00000000 00:00 0 
7f25c4021000-7f25c8000000 ---p 00000000 00:00 0 
7f25cc000000-7f25cc021000 rw-p 00000000 00:00 0 
7f25cc021000-7f25d0000000 ---p 00000000 00:00 0 
7f25d1e37000-7f25d1e38000 rw-p 00000000 00:00 0 
7f25d1e38000-7f25d1e39000 r--s 00004000 08:03 11141780                   /home/seema/.m2/repository/com/typesafe/sbt/compiler-interface/0.12.0/compiler-interface-0.12.0-sources.jar
7f25d1e39000-7f25d1f00000 r--s 00a25000 08:03 11023929                   /home/seema/.m2/repository/org/scala-lang/scala-compiler/2.9.2/scala-compiler-2.9.2.jar
7f25d1f00000-7f25d1f03000 r--s 00008000 08:03 11023927                   /home/seema/.m2/repository/com/typesafe/sbt/sbt-interface/0.12.0/sbt-interface-0.12.0.jar
7f25d1f03000-7f25d1f28000 r--s 001b7000 08:03 11023925                   /home/seema/.m2/repository/com/typesafe/sbt/incremental-compiler/0.12.0/incremental-compiler-0.12.0.jar
7f25d1f28000-7f25d1fa6000 r--s 007f5000 08:03 10879885                   /home/seema/.m2/repository/org/scala-lang/scala-library/2.9.2/scala-library-2.9.2.jar
7f25d1fa6000-7f25d1faa000 r--s 00032000 08:03 11023923                   /home/seema/.m2/repository/com/typesafe/zinc/zinc/0.1.0/zinc-0.1.0.jar
7f25d1faa000-7f25d1fac000 r--s 00004000 08:03 10765122                   /home/seema/.m2/repository/org/apache/maven/maven-archiver/2.5/maven-archiver-2.5.jar
7f25d1fac000-7f25d1fae000 r--s 00006000 08:03 10879883                   /home/seema/.m2/repository/org/apache/maven/shared/maven-invoker/2.0.11/maven-invoker-2.0.11.jar
7f25d1fae000-7f25d1fb9000 r--s 0007a000 08:03 10879881                   /home/seema/.m2/repository/org/codehaus/jackson/jackson-mapper-asl/1.6.1/jackson-mapper-asl-1.6.1.jar
7f25d1fb9000-7f25d1fbd000 r--s 0002e000 08:03 10879879                   /home/seema/.m2/repository/org/codehaus/jackson/jackson-core-asl/1.6.1/jackson-core-asl-1.6.1.jar
7f25d1fbd000-7f25d1fbe000 r--s 00002000 08:03 10879875                   /home/seema/.m2/repository/org/apache/maven/doxia/doxia-logging-api/1.1.2/doxia-logging-api-1.1.2.jar
7f25d1fbe000-7f25d1fc0000 r--s 00002000 08:03 10879873                   /home/seema/.m2/repository/org/apache/maven/doxia/doxia-sink-api/1.1.2/doxia-sink-api-1.1.2.jar
7f25d1fc0000-7f25d1fc3000 r--s 0000c000 08:03 10765138                   /home/seema/.m2/repository/org/codehaus/plexus/plexus-io/2.0.2/plexus-io-2.0.2.jar
7f25d1fc3000-7f25d1fc8000 r--s 00029000 08:03 10765128                   /home/seema/.m2/repository/org/codehaus/plexus/plexus-archiver/2.1/plexus-archiver-2.1.jar
7f25d1fc8000-7f25d1fcb000 r--s 0000a000 08:03 10879871                   /home/seema/.m2/repository/org/apache/commons/commons-exec/1.0.1/commons-exec-1.0.1.jar
7f25d1fcb000-7f25d1fcd000 r--s 00007000 08:03 10879861                   /home/seema/.m2/repository/org/apache/maven/shared/maven-dependency-tree/1.2/maven-dependency-tree-1.2.jar
7f25d1fcd000-7f25d1fcf000 r--s 0000d000 08:03 10879857                   /home/seema/.m2/repository/org/codehaus/plexus/plexus-interpolation/1.14/plexus-interpolation-1.14.jar
7f25d1fcf000-7f25d1fd3000 r--s 00017000 08:03 10879855                   /home/seema/.m2/repository/org/sonatype/aether/aether-util/1.7/aether-util-1.7.jar
7f25d1fd3000-7f25d1fd4000 r--s 00002000 08:03 10879835                   /home/seema/.m2/repository/org/apache/maven/reporting/maven-reporting-api/3.0/maven-reporting-api-3.0.jar
7f25d1fd4000-7f25d1fdf000 r--s 00069000 08:03 10879833                   /home/seema/.m2/repository/org/sonatype/sisu/sisu-guice/2.1.7/sisu-guice-2.1.7-noaop.jar
7f25d1fdf000-7f25d1fe4000 r--s 00021000 08:03 10879831                   /home/seema/.m2/repository/org/sonatype/sisu/sisu-inject-bean/1.4.2/sisu-inject-bean-1.4.2.jar
7f25d1fe4000-7f25d1fe7000 r--s 0001b000 08:03 10879633                   /home/seema/.m2/repository/net/alchim31/maven/scala-maven-plugin/3.1.0/scala-maven-plugin-3.1.0.jar
7f25d1fe7000-7f25d1fea000 r--s 0001b000 08:03 10763084                   /home/seema/.m2/repository/junit/junit/3.8.2/junit-3.8.2.jar
7f25d1fea000-7f25d1ff8000 r--s 0008f000 08:03 10763082                   /home/seema/.m2/repository/com/google/collections/google-collections/1.0/google-collections-1.0.jar
7f25d1ff8000-7f25d1ff9000 r--s 0000a000 08:03 10763080                   /home/seema/.m2/repository/commons-logging/commons-logging-api/1.1/commons-logging-api-1.1.jar
7f25d1ff9000-7f25d2000000 r--s 00051000 08:03 10763078                   /home/seema/.m2/repository/log4j/log4j/1.2.12/log4j-1.2.12.jar
7f25d2000000-7f25d2004000 r--s 0001d000 08:03 10763076                   /home/seema/.m2/repository/org/apache/xbean/xbean-reflect/3.4/xbean-reflect-3.4.jar
7f25d2004000-7f25d2005000 r--s 00004000 08:03 10763070                   /home/seema/.m2/repository/org/codehaus/plexus/plexus-compiler-javac/2.5/plexus-compiler-javac-2.5.jar
7f25d2005000-7f25d2007000 r--s 00000000 08:03 10763068                   /home/seema/.m2/repository/org/codehaus/plexus/plexus-compiler-manager/2.5/plexus-compiler-manager-2.5.jar
7f25d2007000-7f25d2009000 r--s 00005000 08:03 10763066                   /home/seema/.m2/repository/org/codehaus/plexus/plexus-compiler-api/2.5/plexus-compiler-api-2.5.jar
7f25d2009000-7f25d200b000 r--s 00000000 08:03 10763064                   /home/seema/.m2/repository/org/codehaus/plexus/plexus-component-annotations/1.5.5/plexus-component-annotations-1.5.5.jar
7f25d200b000-7f25d200d000 r--s 00002000 08:03 10763062                   /home/seema/.m2/repository/org/apache/maven/shared/maven-shared-incremental/1.1/maven-shared-incremental-1.1.jar
7f25d200d000-7f25d200f000 r--s 00006000 08:03 10763060                   /home/seema/.m2/repository/com/google/code/findbugs/jsr305/2.0.1/jsr305-2.0.1.jar
7f25d200f000-7f25d2013000 r--s 00026000 08:03 10763058                   /home/seema/.m2/repository/org/apache/maven/shared/maven-shared-utils/0.7/maven-shared-utils-0.7.jar
7f25d2013000-7f25d2015000 r--s 00002000 08:03 10763054                   /home/seema/.m2/repository/org/sonatype/plexus/plexus-cipher/1.4/plexus-cipher-1.4.jar
7f25d2015000-7f25d201d000 r--s 00049000 08:03 10763048                   /home/seema/.m2/repository/backport-util-concurrent/backport-util-concurrent/3.1/backport-util-concurrent-3.1.jar
7f25d201d000-7f25d201f000 r--s 00003000 08:03 10763016                   /home/seema/.m2/repository/org/slf4j/jcl-over-slf4j/1.5.6/jcl-over-slf4j-1.5.6.jar
7f25d201f000-7f25d2021000 r--s 00001000 08:03 10763011                   /home/seema/.m2/repository/org/slf4j/slf4j-jdk14/1.5.6/slf4j-jdk14-1.5.6.jar
7f25d2021000-7f25d2023000 r--s 0000b000 08:03 10762998                   /home/seema/.m2/repository/org/codehaus/plexus/plexus-interpolation/1.11/plexus-interpolation-1.11.jar
7f25d2023000-7f25d2027000 r--s 00034000 08:03 10762980                   /home/seema/.m2/repository/org/codehaus/plexus/plexus-utils/1.5.15/plexus-utils-1.5.15.jar
7f25d2027000-7f25d2029000 r--s 0000a000 08:03 10762548                   /home/seema/.m2/repository/org/apache/maven/plugins/maven-compiler-plugin/3.3/maven-compiler-plugin-3.3.jar
7f25d2029000-7f25d202b000 r--s 0000d000 08:03 10879536                   /home/seema/.m2/repository/org/codehaus/plexus/plexus-interpolation/1.13/plexus-interpolation-1.13.jar
7f25d202b000-7f25d205c000 rw-p 00000000 00:00 0 
7f25d205c000-7f25d2099000 r-xp 00000000 08:02 135404                     /lib/x86_64-linux-gnu/libpcre.so.3.13.1
7f25d2099000-7f25d2298000 ---p 0003d000 08:02 135404                     /lib/x86_64-linux-gnu/libpcre.so.3.13.1
7f25d2298000-7f25d2299000 r--p 0003c000 08:02 135404                     /lib/x86_64-linux-gnu/libpcre.so.3.13.1
7f25d2299000-7f25d229a000 rw-p 0003d000 08:02 135404                     /lib/x86_64-linux-gnu/libpcre.so.3.13.1
7f25d229a000-7f25d22a1000 r-xp 00000000 08:02 7603732                    /usr/lib/x86_64-linux-gnu/libffi.so.6.0.1
7f25d22a1000-7f25d24a0000 ---p 00007000 08:02 7603732                    /usr/lib/x86_64-linux-gnu/libffi.so.6.0.1
7f25d24a0000-7f25d24a1000 r--p 00006000 08:02 7603732                    /usr/lib/x86_64-linux-gnu/libffi.so.6.0.1
7f25d24a1000-7f25d24a2000 rw-p 00007000 08:02 7603732                    /usr/lib/x86_64-linux-gnu/libffi.so.6.0.1
7f25d24a2000-7f25d24b9000 r-xp 00000000 08:02 132161                     /lib/x86_64-linux-gnu/libresolv-2.19.so
7f25d24b9000-7f25d26b9000 ---p 00017000 08:02 132161                     /lib/x86_64-linux-gnu/libresolv-2.19.so
7f25d26b9000-7f25d26ba000 r--p 00017000 08:02 132161                     /lib/x86_64-linux-gnu/libresolv-2.19.so
7f25d26ba000-7f25d26bb000 rw-p 00018000 08:02 132161                     /lib/x86_64-linux-gnu/libresolv-2.19.so
7f25d26bb000-7f25d26bd000 rw-p 00000000 00:00 0 
7f25d26bd000-7f25d26dd000 r-xp 00000000 08:02 135481                     /lib/x86_64-linux-gnu/libselinux.so.1
7f25d26dd000-7f25d28dc000 ---p 00020000 08:02 135481                     /lib/x86_64-linux-gnu/libselinux.so.1
7f25d28dc000-7f25d28dd000 r--p 0001f000 08:02 135481                     /lib/x86_64-linux-gnu/libselinux.so.1
7f25d28dd000-7f25d28de000 rw-p 00020000 08:02 135481                     /lib/x86_64-linux-gnu/libselinux.so.1
7f25d28de000-7f25d28e0000 rw-p 00000000 00:00 0 
7f25d28e0000-7f25d28e3000 r-xp 00000000 08:02 7610563                    /usr/lib/x86_64-linux-gnu/libgmodule-2.0.so.0.4002.0
7f25d28e3000-7f25d2ae2000 ---p 00003000 08:02 7610563                    /usr/lib/x86_64-linux-gnu/libgmodule-2.0.so.0.4002.0
7f25d2ae2000-7f25d2ae3000 r--p 00002000 08:02 7610563                    /usr/lib/x86_64-linux-gnu/libgmodule-2.0.so.0.4002.0
7f25d2ae3000-7f25d2ae4000 rw-p 00003000 08:02 7610563                    /usr/lib/x86_64-linux-gnu/libgmodule-2.0.so.0.4002.0
7f25d2ae4000-7f25d2bea000 r-xp 00000000 08:02 135381                     /lib/x86_64-linux-gnu/libglib-2.0.so.0.4002.0
7f25d2bea000-7f25d2de9000 ---p 00106000 08:02 135381                     /lib/x86_64-linux-gnu/libglib-2.0.so.0.4002.0
7f25d2de9000-7f25d2dea000 r--p 00105000 08:02 135381                     /lib/x86_64-linux-gnu/libglib-2.0.so.0.4002.0
7f25d2dea000-7f25d2deb000 rw-p 00106000 08:02 135381                     /lib/x86_64-linux-gnu/libglib-2.0.so.0.4002.0
7f25d2deb000-7f25d2dec000 rw-p 00000000 00:00 0 
7f25d2dec000-7f25d2e3b000 r-xp 00000000 08:02 7610587                    /usr/lib/x86_64-linux-gnu/libgobject-2.0.so.0.4002.0
7f25d2e3b000-7f25d303b000 ---p 0004f000 08:02 7610587                    /usr/lib/x86_64-linux-gnu/libgobject-2.0.so.0.4002.0
7f25d303b000-7f25d303c000 r--p 0004f000 08:02 7610587                    /usr/lib/x86_64-linux-gnu/libgobject-2.0.so.0.4002.0
7f25d303c000-7f25d303d000 rw-p 00050000 08:02 7610587                    /usr/lib/x86_64-linux-gnu/libgobject-2.0.so.0.4002.0
7f25d303d000-7f25d31a9000 r-xp 00000000 08:02 7610547                    /usr/lib/x86_64-linux-gnu/libgio-2.0.so.0.4002.0
7f25d31a9000-7f25d33a8000 ---p 0016c000 08:02 7610547                    /usr/lib/x86_64-linux-gnu/libgio-2.0.so.0.4002.0
7f25d33a8000-7f25d33ac000 r--p 0016b000 08:02 7610547                    /usr/lib/x86_64-linux-gnu/libgio-2.0.so.0.4002.0
7f25d33ac000-7f25d33ae000 rw-p 0016f000 08:02 7610547                    /usr/lib/x86_64-linux-gnu/libgio-2.0.so.0.4002.0
7f25d33ae000-7f25d33b0000 rw-p 00000000 00:00 0 
7f25d33b0000-7f25d33b1000 r--s 00006000 08:03 10763052                   /home/seema/.m2/repository/org/sonatype/plexus/plexus-sec-dispatcher/1.3/plexus-sec-dispatcher-1.3.jar
7f25d33b1000-7f25d33b2000 r--s 00001000 08:03 10879534                   /home/seema/.m2/repository/org/sonatype/plexus/plexus-build-api/0.0.4/plexus-build-api-0.0.4.jar
7f25d33b2000-7f25d33b4000 r--s 00009000 08:03 10879532                   /home/seema/.m2/repository/org/apache/maven/shared/maven-filtering/1.1/maven-filtering-1.1.jar
7f25d33b4000-7f25d33b8000 r--s 00033000 08:03 10764536                   /home/seema/.m2/repository/org/codehaus/plexus/plexus-utils/2.0.5/plexus-utils-2.0.5.jar
7f25d33b8000-7f25d33bb000 r--s 0001b000 08:03 10764534                   /home/seema/.m2/repository/junit/junit/3.8.1/junit-3.8.1.jar
7f25d33bb000-7f25d33bd000 r--s 00002000 08:03 10764526                   /home/seema/.m2/repository/org/codehaus/plexus/plexus-interactivity-api/1.0-alpha-4/plexus-interactivity-api-1.0-alpha-4.jar
7f25d33bd000-7f25d33bf000 r--s 00006000 08:03 10764522                   /home/seema/.m2/repository/commons-cli/commons-cli/1.0/commons-cli-1.0.jar
7f25d33bf000-7f25d33c0000 r--s 00001000 08:03 10764518                   /home/seema/.m2/repository/org/apache/maven/doxia/doxia-sink-api/1.0-alpha-7/doxia-sink-api-1.0-alpha-7.jar
7f25d33c0000-7f25d33c1000 r--s 00002000 08:03 10764516                   /home/seema/.m2/repository/org/apache/maven/reporting/maven-reporting-api/2.0.6/maven-reporting-api-2.0.6.jar
7f25d33c1000-7f25d33c3000 r--s 00006000 08:03 10762459                   /home/seema/.m2/repository/org/apache/maven/plugins/maven-resources-plugin/2.6/maven-resources-plugin-2.6.jar
7f25d33c3000-7f25d33c7000 r--s 00034000 08:03 10764543                   /home/seema/.m2/repository/org/codehaus/plexus/plexus-utils/3.0/plexus-utils-3.0.jar
7f25d33c7000-7f25d33c9000 r--s 00005000 08:03 10762202                   /home/seema/.m2/repository/org/apache/maven/plugins/maven-clean-plugin/2.5/maven-clean-plugin-2.5.jar
7f25d33c9000-7f25d33ce000 r--s 0004d000 08:02 7735218                    /usr/lib/jvm/java-7-openjdk-amd64/jre/lib/jsse.jar
7f25d33ce000-7f25d33e5000 r-xp 00000000 08:02 7735265                    /usr/lib/jvm/java-7-openjdk-amd64/jre/lib/amd64/libnet.so
7f25d33e5000-7f25d35e4000 ---p 00017000 08:02 7735265                    /usr/lib/jvm/java-7-openjdk-amd64/jre/lib/amd64/libnet.so
7f25d35e4000-7f25d35e5000 r--p 00016000 08:02 7735265                    /usr/lib/jvm/java-7-openjdk-amd64/jre/lib/amd64/libnet.so
7f25d35e5000-7f25d35e6000 rw-p 00017000 08:02 7735265                    /usr/lib/jvm/java-7-openjdk-amd64/jre/lib/amd64/libnet.so
7f25d35e6000-7f25d35f6000 r-xp 00000000 08:02 7735266                    /usr/lib/jvm/java-7-openjdk-amd64/jre/lib/amd64/libnio.so
7f25d35f6000-7f25d37f6000 ---p 00010000 08:02 7735266                    /usr/lib/jvm/java-7-openjdk-amd64/jre/lib/amd64/libnio.so
7f25d37f6000-7f25d37f7000 r--p 00010000 08:02 7735266                    /usr/lib/jvm/java-7-openjdk-amd64/jre/lib/amd64/libnio.so
7f25d37f7000-7f25d37f8000 rw-p 00011000 08:02 7735266                    /usr/lib/jvm/java-7-openjdk-amd64/jre/lib/amd64/libnio.so
7f25d37f8000-7f25d37f9000 r--s 00002000 08:03 10760393                   /home/seema/Desktop/eclipse/plugins/org.eclipse.m2e.maven.runtime.slf4j.simple_1.6.1.20150625-2337/jars/slf4j-simple-1.7.5.jar
7f25d37f9000-7f25d37fe000 r--s 00041000 08:03 10761024                   /home/seema/Desktop/eclipse/plugins/org.eclipse.m2e.maven.runtime_1.6.1.20150625-2337/jars/commons-lang-2.6.jar
7f25d37fe000-7f25d37ff000 r--s 00002000 08:03 10761007                   /home/seema/Desktop/eclipse/plugins/org.eclipse.m2e.maven.runtime_1.6.1.20150625-2337/jars/wagon-file-2.9.jar
7f25d37ff000-7f25d3801000 r--s 00005000 08:03 10761015                   /home/seema/Desktop/eclipse/plugins/org.eclipse.m2e.maven.runtime_1.6.1.20150625-2337/jars/aether-transport-wagon-1.0.2.v20150114.jar
7f25d3801000-7f25d3802000 r--s 00008000 08:03 10761016                   /home/seema/Desktop/eclipse/plugins/org.eclipse.m2e.maven.runtime_1.6.1.20150625-2337/jars/aether-connector-basic-1.0.2.v20150114.jar
7f25d3802000-7f25d3807000 r--s 00043000 08:03 10761032                   /home/seema/Desktop/eclipse/plugins/org.eclipse.m2e.maven.runtime_1.6.1.20150625-2337/jars/okhttp-2.3.0.jar
7f25d3807000-7f25d3832000 r--s 001fc000 08:03 10761033                   /home/seema/Desktop/eclipse/plugins/org.eclipse.m2e.maven.runtime_1.6.1.20150625-2337/jars/guava-18.0.jar
7f25d3832000-7f25d3833000 ---p 00000000 00:00 0 
7f25d3833000-7f25d3933000 rw-p 00000000 00:00 0                          [stack:12317]
7f25d3933000-7f25d3936000 ---p 00000000 00:00 0 
7f25d3936000-7f25d3a34000 rw-p 00000000 00:00 0                          [stack:12316]
7f25d3a34000-7f25d3a37000 ---p 00000000 00:00 0 
7f25d3a37000-7f25d3b35000 rw-p 00000000 00:00 0                          [stack:12315]
7f25d3b35000-7f25d3b38000 ---p 00000000 00:00 0 
7f25d3b38000-7f25d3c36000 rw-p 00000000 00:00 0                          [stack:12314]
7f25d3c36000-7f25d3c39000 ---p 00000000 00:00 0 
7f25d3c39000-7f25d3d37000 rw-p 00000000 00:00 0                          [stack:12313]
7f25d3d37000-7f25d4000000 r--p 00000000 08:02 7608728                    /usr/lib/locale/locale-archive
7f25d4000000-7f25d4021000 rw-p 00000000 00:00 0 
7f25d4021000-7f25d8000000 ---p 00000000 00:00 0 
7f25d8000000-7f25d8002000 r--s 0000e000 08:03 10761014                   /home/seema/Desktop/eclipse/plugins/org.eclipse.m2e.maven.runtime_1.6.1.20150625-2337/jars/okio-1.3.0.jar
7f25d8002000-7f25d8004000 r--s 0000a000 08:03 10761038                   /home/seema/Desktop/eclipse/plugins/org.eclipse.m2e.maven.runtime_1.6.1.20150625-2337/jars/aether-connector-okhttp-0.15.0.jar
7f25d8004000-7f25d8006000 r--s 00006000 08:03 10761034                   /home/seema/Desktop/eclipse/plugins/org.eclipse.m2e.maven.runtime_1.6.1.20150625-2337/jars/aether-spi-1.0.2.v20150114.jar
7f25d8006000-7f25d800a000 r--s 00027000 08:03 10761036                   /home/seema/Desktop/eclipse/plugins/org.eclipse.m2e.maven.runtime_1.6.1.20150625-2337/jars/aether-impl-1.0.2.v20150114.jar
7f25d800a000-7f25d8013000 r--s 00059000 08:03 10761017                   /home/seema/Desktop/eclipse/plugins/org.eclipse.m2e.maven.runtime_1.6.1.20150625-2337/jars/sisu-guice-3.2.5-no_aop.jar
7f25d8013000-7f25d801a000 r--s 00055000 08:03 10761025                   /home/seema/Desktop/eclipse/plugins/org.eclipse.m2e.maven.runtime_1.6.1.20150625-2337/jars/org.eclipse.sisu.inject-0.3.0.jar
7f25d801a000-7f25d801b000 r--s 00001000 08:03 10761002                   /home/seema/Desktop/eclipse/plugins/org.eclipse.m2e.maven.runtime_1.6.1.20150625-2337/jars/jsr250-api-1.0.jar
7f25d801b000-7f25d801e000 r--s 00008000 08:03 10761018                   /home/seema/Desktop/eclipse/plugins/org.eclipse.m2e.maven.runtime_1.6.1.20150625-2337/jars/cdi-api-1.0.jar
7f25d801e000-7f25d8024000 r--s 0002d000 08:03 10761005                   /home/seema/Desktop/eclipse/plugins/org.eclipse.m2e.maven.runtime_1.6.1.20150625-2337/jars/org.eclipse.sisu.plexus-0.3.0.jar
7f25d8024000-7f25d8027000 r--s 0000b000 08:03 10761021                   /home/seema/Desktop/eclipse/plugins/org.eclipse.m2e.maven.runtime_1.6.1.20150625-2337/jars/wagon-provider-api-2.9.jar
7f25d8027000-7f25d802e000 r--s 00040000 08:03 10761008                   /home/seema/Desktop/eclipse/plugins/org.eclipse.m2e.maven.runtime_1.6.1.20150625-2337/jars/maven-compat-3.3.3.jar
7f25d802e000-7f25d8030000 r--s 00009000 08:03 10761035                   /home/seema/Desktop/eclipse/plugins/org.eclipse.m2e.maven.runtime_1.6.1.20150625-2337/jars/commons-cli-1.2.jar
7f25d8030000-7f25d8032000 r--s 00002000 08:03 10761003                   /home/seema/Desktop/eclipse/plugins/org.eclipse.m2e.maven.runtime_1.6.1.20150625-2337/jars/plexus-cipher-1.7.jar
7f25d8032000-7f25d8035000 r--s 00013000 08:03 10761029                   /home/seema/Desktop/eclipse/plugins/org.eclipse.m2e.maven.runtime_1.6.1.20150625-2337/jars/maven-embedder-3.3.3.jar
7f25d8035000-7f25d8037000 r--s 00000000 08:03 10761020                   /home/seema/Desktop/eclipse/plugins/org.eclipse.m2e.maven.runtime_1.6.1.20150625-2337/jars/plexus-component-annotations-1.5.5.jar
7f25d8037000-7f25d803b000 r--s 00038000 08:03 10761004                   /home/seema/Desktop/eclipse/plugins/org.eclipse.m2e.maven.runtime_1.6.1.20150625-2337/jars/plexus-utils-3.0.20.jar
7f25d803b000-7f25d803e000 r--s 0000d000 08:03 10761022                   /home/seema/Desktop/eclipse/plugins/org.eclipse.m2e.maven.runtime_1.6.1.20150625-2337/jars/plexus-interpolation-1.21.jar
7f25d803e000-7f25d8042000 r--s 00020000 08:03 10761030                   /home/seema/Desktop/eclipse/plugins/org.eclipse.m2e.maven.runtime_1.6.1.20150625-2337/jars/aether-util-1.0.2.v20150114.jar
7f25d8042000-7f25d8047000 r--s 0001d000 08:03 10761041                   /home/seema/Desktop/eclipse/plugins/org.eclipse.m2e.maven.runtime_1.6.1.20150625-2337/jars/aether-api-1.0.2.v20150114.jar
7f25d8047000-7f25d804c000 r--s 00027000 08:03 10761006                   /home/seema/Desktop/eclipse/plugins/org.eclipse.m2e.maven.runtime_1.6.1.20150625-2337/jars/maven-model-builder-3.3.3.jar
7f25d804c000-7f25d804f000 ---p 00000000 00:00 0 
7f25d804f000-7f25d814d000 rw-p 00000000 00:00 0                          [stack:12312]
7f25d814d000-7f25d8150000 ---p 00000000 00:00 0 
7f25d8150000-7f25d824e000 rw-p 00000000 00:00 0                          [stack:12311]
7f25d824e000-7f25d824f000 ---p 00000000 00:00 0 
7f25d824f000-7f25d9000000 rw-p 00000000 00:00 0                          [stack:12310]
7f25d9000000-7f25d9350000 rwxp 00000000 00:00 0 
7f25d9350000-7f25dc9d7000 rw-p 00000000 00:00 0 
7f25dc9d7000-7f25e0000000 ---p 00000000 00:00 0 
7f25e0000000-7f25e0001000 r--s 00006000 08:03 10761009                   /home/seema/Desktop/eclipse/plugins/org.eclipse.m2e.maven.runtime_1.6.1.20150625-2337/jars/plexus-sec-dispatcher-1.3.jar
7f25e0001000-7f25e0003000 r--s 0000f000 08:03 10761027                   /home/seema/Desktop/eclipse/plugins/org.eclipse.m2e.maven.runtime_1.6.1.20150625-2337/jars/maven-aether-provider-3.3.3.jar
7f25e0003000-7f25e0005000 r--s 0000a000 08:03 10761039                   /home/seema/Desktop/eclipse/plugins/org.eclipse.m2e.maven.runtime_1.6.1.20150625-2337/jars/maven-plugin-api-3.3.3.jar
7f25e0005000-7f25e0007000 r--s 0000c000 08:03 10761028                   /home/seema/Desktop/eclipse/plugins/org.eclipse.m2e.maven.runtime_1.6.1.20150625-2337/jars/maven-artifact-3.3.3.jar
7f25e0007000-7f25e0009000 r--s 00005000 08:03 10761013                   /home/seema/Desktop/eclipse/plugins/org.eclipse.m2e.maven.runtime_1.6.1.20150625-2337/jars/maven-repository-metadata-3.3.3.jar
7f25e0009000-7f25e0355000 rw-p 00000000 00:00 0 
7f25e0355000-7f25e0506000 r--s 01d27000 08:02 7735228                    /usr/lib/jvm/java-7-openjdk-amd64/jre/lib/rt.jar
7f25e0506000-7f25e0a55000 rw-p 00000000 00:00 0 
7f25e0a55000-7f25e0a56000 ---p 00000000 00:00 0 
7f25e0a56000-7f25e0b56000 rw-p 00000000 00:00 0                          [stack:12309]
7f25e0b56000-7f25e0b57000 ---p 00000000 00:00 0 
7f25e0b57000-7f25e0c57000 rw-p 00000000 00:00 0                          [stack:12308]
7f25e0c57000-7f25e0c58000 ---p 00000000 00:00 0 
7f25e0c58000-7f25e0d58000 rw-p 00000000 00:00 0                          [stack:12307]
7f25e0d58000-7f25e0d59000 ---p 00000000 00:00 0 
7f25e0d59000-7f25e0e64000 rw-p 00000000 00:00 0                          [stack:12306]
7f25e0e64000-7f25e0eac000 rw-p 00000000 00:00 0 
7f25e0eac000-7f25e0ed5000 rw-p 00000000 00:00 0 
7f25e0ed5000-7f25e113d000 rw-p 00000000 00:00 0 
7f25e113d000-7f25e1148000 rw-p 00000000 00:00 0 
7f25e1148000-7f25e1190000 rw-p 00000000 00:00 0 
7f25e1190000-7f25e11b9000 rw-p 00000000 00:00 0 
7f25e11b9000-7f25e1420000 rw-p 00000000 00:00 0 
7f25e1420000-7f25e14a9000 rw-p 00000000 00:00 0 
7f25e14a9000-7f25e1569000 rw-p 00000000 00:00 0 
7f25e1569000-7f25e156a000 rw-p 00000000 00:00 0 
7f25e156a000-7f25e1572000 r-xp 00000000 08:02 7735273                    /usr/lib/jvm/java-7-openjdk-amd64/jre/lib/amd64/libzip.so
7f25e1572000-7f25e1771000 ---p 00008000 08:02 7735273                    /usr/lib/jvm/java-7-openjdk-amd64/jre/lib/amd64/libzip.so
7f25e1771000-7f25e1772000 r--p 00007000 08:02 7735273                    /usr/lib/jvm/java-7-openjdk-amd64/jre/lib/amd64/libzip.so
7f25e1772000-7f25e1773000 rw-p 00008000 08:02 7735273                    /usr/lib/jvm/java-7-openjdk-amd64/jre/lib/amd64/libzip.so
7f25e1773000-7f25e177d000 r-xp 00000000 08:02 132171                     /lib/x86_64-linux-gnu/libnss_files-2.19.so
7f25e177d000-7f25e197c000 ---p 0000a000 08:02 132171                     /lib/x86_64-linux-gnu/libnss_files-2.19.so
7f25e197c000-7f25e197d000 r--p 00009000 08:02 132171                     /lib/x86_64-linux-gnu/libnss_files-2.19.so
7f25e197d000-7f25e197e000 rw-p 0000a000 08:02 132171                     /lib/x86_64-linux-gnu/libnss_files-2.19.so
7f25e197e000-7f25e1989000 r-xp 00000000 08:02 132226                     /lib/x86_64-linux-gnu/libnss_nis-2.19.so
7f25e1989000-7f25e1b88000 ---p 0000b000 08:02 132226                     /lib/x86_64-linux-gnu/libnss_nis-2.19.so
7f25e1b88000-7f25e1b89000 r--p 0000a000 08:02 132226                     /lib/x86_64-linux-gnu/libnss_nis-2.19.so
7f25e1b89000-7f25e1b8a000 rw-p 0000b000 08:02 132226                     /lib/x86_64-linux-gnu/libnss_nis-2.19.so
7f25e1b8a000-7f25e1ba1000 r-xp 00000000 08:02 132163                     /lib/x86_64-linux-gnu/libnsl-2.19.so
7f25e1ba1000-7f25e1da0000 ---p 00017000 08:02 132163                     /lib/x86_64-linux-gnu/libnsl-2.19.so
7f25e1da0000-7f25e1da1000 r--p 00016000 08:02 132163                     /lib/x86_64-linux-gnu/libnsl-2.19.so
7f25e1da1000-7f25e1da2000 rw-p 00017000 08:02 132163                     /lib/x86_64-linux-gnu/libnsl-2.19.so
7f25e1da2000-7f25e1da4000 rw-p 00000000 00:00 0 
7f25e1da4000-7f25e1dad000 r-xp 00000000 08:02 132224                     /lib/x86_64-linux-gnu/libnss_compat-2.19.so
7f25e1dad000-7f25e1fac000 ---p 00009000 08:02 132224                     /lib/x86_64-linux-gnu/libnss_compat-2.19.so
7f25e1fac000-7f25e1fad000 r--p 00008000 08:02 132224                     /lib/x86_64-linux-gnu/libnss_compat-2.19.so
7f25e1fad000-7f25e1fae000 rw-p 00009000 08:02 132224                     /lib/x86_64-linux-gnu/libnss_compat-2.19.so
7f25e1fae000-7f25e1fd9000 r-xp 00000000 08:02 7735252                    /usr/lib/jvm/java-7-openjdk-amd64/jre/lib/amd64/libjava.so
7f25e1fd9000-7f25e21d9000 ---p 0002b000 08:02 7735252                    /usr/lib/jvm/java-7-openjdk-amd64/jre/lib/amd64/libjava.so
7f25e21d9000-7f25e21da000 r--p 0002b000 08:02 7735252                    /usr/lib/jvm/java-7-openjdk-amd64/jre/lib/amd64/libjava.so
7f25e21da000-7f25e21dc000 rw-p 0002c000 08:02 7735252                    /usr/lib/jvm/java-7-openjdk-amd64/jre/lib/amd64/libjava.so
7f25e21dc000-7f25e21ec000 r-xp 00000000 08:02 7735272                    /usr/lib/jvm/java-7-openjdk-amd64/jre/lib/amd64/libverify.so
7f25e21ec000-7f25e23eb000 ---p 00010000 08:02 7735272                    /usr/lib/jvm/java-7-openjdk-amd64/jre/lib/amd64/libverify.so
7f25e23eb000-7f25e23ed000 r--p 0000f000 08:02 7735272                    /usr/lib/jvm/java-7-openjdk-amd64/jre/lib/amd64/libverify.so
7f25e23ed000-7f25e23ee000 rw-p 00011000 08:02 7735272                    /usr/lib/jvm/java-7-openjdk-amd64/jre/lib/amd64/libverify.so
7f25e23ee000-7f25e23f5000 r-xp 00000000 08:02 132194                     /lib/x86_64-linux-gnu/librt-2.19.so
7f25e23f5000-7f25e25f4000 ---p 00007000 08:02 132194                     /lib/x86_64-linux-gnu/librt-2.19.so
7f25e25f4000-7f25e25f5000 r--p 00006000 08:02 132194                     /lib/x86_64-linux-gnu/librt-2.19.so
7f25e25f5000-7f25e25f6000 rw-p 00007000 08:02 132194                     /lib/x86_64-linux-gnu/librt-2.19.so
7f25e25f6000-7f25e260c000 r-xp 00000000 08:02 132197                     /lib/x86_64-linux-gnu/libgcc_s.so.1
7f25e260c000-7f25e280b000 ---p 00016000 08:02 132197                     /lib/x86_64-linux-gnu/libgcc_s.so.1
7f25e280b000-7f25e280c000 rw-p 00015000 08:02 132197                     /lib/x86_64-linux-gnu/libgcc_s.so.1
7f25e280c000-7f25e2911000 r-xp 00000000 08:02 132178                     /lib/x86_64-linux-gnu/libm-2.19.so
7f25e2911000-7f25e2b10000 ---p 00105000 08:02 132178                     /lib/x86_64-linux-gnu/libm-2.19.so
7f25e2b10000-7f25e2b11000 r--p 00104000 08:02 132178                     /lib/x86_64-linux-gnu/libm-2.19.so
7f25e2b11000-7f25e2b12000 rw-p 00105000 08:02 132178                     /lib/x86_64-linux-gnu/libm-2.19.so
7f25e2b12000-7f25e2bf8000 r-xp 00000000 08:02 7606379                    /usr/lib/x86_64-linux-gnu/libstdc++.so.6.0.19
7f25e2bf8000-7f25e2df7000 ---p 000e6000 08:02 7606379                    /usr/lib/x86_64-linux-gnu/libstdc++.so.6.0.19
7f25e2df7000-7f25e2dff000 r--p 000e5000 08:02 7606379                    /usr/lib/x86_64-linux-gnu/libstdc++.so.6.0.19
7f25e2dff000-7f25e2e01000 rw-p 000ed000 08:02 7606379                    /usr/lib/x86_64-linux-gnu/libstdc++.so.6.0.19
7f25e2e01000-7f25e2e16000 rw-p 00000000 00:00 0 
7f25e2e16000-7f25e392e000 r-xp 00000000 08:02 7735280                    /usr/lib/jvm/java-7-openjdk-amd64/jre/lib/amd64/server/libjvm.so
7f25e392e000-7f25e3b2e000 ---p 00b18000 08:02 7735280                    /usr/lib/jvm/java-7-openjdk-amd64/jre/lib/amd64/server/libjvm.so
7f25e3b2e000-7f25e3bc8000 r--p 00b18000 08:02 7735280                    /usr/lib/jvm/java-7-openjdk-amd64/jre/lib/amd64/server/libjvm.so
7f25e3bc8000-7f25e3beb000 rw-p 00bb2000 08:02 7735280                    /usr/lib/jvm/java-7-openjdk-amd64/jre/lib/amd64/server/libjvm.so
7f25e3beb000-7f25e3c19000 rw-p 00000000 00:00 0 
7f25e3c19000-7f25e3c31000 r-xp 00000000 08:02 135514                     /lib/x86_64-linux-gnu/libz.so.1.2.8
7f25e3c31000-7f25e3e30000 ---p 00018000 08:02 135514                     /lib/x86_64-linux-gnu/libz.so.1.2.8
7f25e3e30000-7f25e3e31000 r--p 00017000 08:02 135514                     /lib/x86_64-linux-gnu/libz.so.1.2.8
7f25e3e31000-7f25e3e32000 rw-p 00018000 08:02 135514                     /lib/x86_64-linux-gnu/libz.so.1.2.8
7f25e3e32000-7f25e3e4b000 r-xp 00000000 08:02 132184                     /lib/x86_64-linux-gnu/libpthread-2.19.so
7f25e3e4b000-7f25e404a000 ---p 00019000 08:02 132184                     /lib/x86_64-linux-gnu/libpthread-2.19.so
7f25e404a000-7f25e404b000 r--p 00018000 08:02 132184                     /lib/x86_64-linux-gnu/libpthread-2.19.so
7f25e404b000-7f25e404c000 rw-p 00019000 08:02 132184                     /lib/x86_64-linux-gnu/libpthread-2.19.so
7f25e404c000-7f25e4050000 rw-p 00000000 00:00 0 
7f25e4050000-7f25e4053000 r-xp 00000000 08:02 132193                     /lib/x86_64-linux-gnu/libdl-2.19.so
7f25e4053000-7f25e4252000 ---p 00003000 08:02 132193                     /lib/x86_64-linux-gnu/libdl-2.19.so
7f25e4252000-7f25e4253000 r--p 00002000 08:02 132193                     /lib/x86_64-linux-gnu/libdl-2.19.so
7f25e4253000-7f25e4254000 rw-p 00003000 08:02 132193                     /lib/x86_64-linux-gnu/libdl-2.19.so
7f25e4254000-7f25e4412000 r-xp 00000000 08:02 132183                     /lib/x86_64-linux-gnu/libc-2.19.so
7f25e4412000-7f25e4612000 ---p 001be000 08:02 132183                     /lib/x86_64-linux-gnu/libc-2.19.so
7f25e4612000-7f25e4616000 r--p 001be000 08:02 132183                     /lib/x86_64-linux-gnu/libc-2.19.so
7f25e4616000-7f25e4618000 rw-p 001c2000 08:02 132183                     /lib/x86_64-linux-gnu/libc-2.19.so
7f25e4618000-7f25e461d000 rw-p 00000000 00:00 0 
7f25e461d000-7f25e462a000 r-xp 00000000 08:02 7735276                    /usr/lib/jvm/java-7-openjdk-amd64/jre/lib/amd64/jli/libjli.so
7f25e462a000-7f25e4829000 ---p 0000d000 08:02 7735276                    /usr/lib/jvm/java-7-openjdk-amd64/jre/lib/amd64/jli/libjli.so
7f25e4829000-7f25e482a000 r--p 0000c000 08:02 7735276                    /usr/lib/jvm/java-7-openjdk-amd64/jre/lib/amd64/jli/libjli.so
7f25e482a000-7f25e482b000 rw-p 0000d000 08:02 7735276                    /usr/lib/jvm/java-7-openjdk-amd64/jre/lib/amd64/jli/libjli.so
7f25e482b000-7f25e484e000 r-xp 00000000 08:02 132214                     /lib/x86_64-linux-gnu/ld-2.19.so
7f25e484e000-7f25e484f000 r--s 00003000 08:03 10761037                   /home/seema/Desktop/eclipse/plugins/org.eclipse.m2e.maven.runtime_1.6.1.20150625-2337/jars/maven-builder-support-3.3.3.jar
7f25e484f000-7f25e4851000 r--s 00009000 08:03 10761011                   /home/seema/Desktop/eclipse/plugins/org.eclipse.m2e.maven.runtime_1.6.1.20150625-2337/jars/maven-settings-builder-3.3.3.jar
7f25e4851000-7f25e4853000 r--s 00009000 08:03 10761023                   /home/seema/Desktop/eclipse/plugins/org.eclipse.m2e.maven.runtime_1.6.1.20150625-2337/jars/maven-settings-3.3.3.jar
7f25e4853000-7f25e4856000 r--s 00025000 08:03 10761042                   /home/seema/Desktop/eclipse/plugins/org.eclipse.m2e.maven.runtime_1.6.1.20150625-2337/jars/maven-model-3.3.3.jar
7f25e4856000-7f25e4863000 r--s 0008e000 08:03 10761012                   /home/seema/Desktop/eclipse/plugins/org.eclipse.m2e.maven.runtime_1.6.1.20150625-2337/jars/maven-core-3.3.3.jar
7f25e4863000-7f25e4865000 r--s 00001000 08:03 10761031                   /home/seema/Desktop/eclipse/plugins/org.eclipse.m2e.maven.runtime_1.6.1.20150625-2337/jars/takari-local-repository-0.9.0.jar
7f25e4865000-7f25e4867000 r--s 0000b000 08:03 10761010                   /home/seema/Desktop/eclipse/plugins/org.eclipse.m2e.maven.runtime_1.6.1.20150625-2337/jars/plexus-classworlds-2.5.2.jar
7f25e4867000-7f25e4875000 rw-p 00000000 00:00 0 
7f25e4875000-7f25e4927000 rw-p 00000000 00:00 0 
7f25e4927000-7f25e492a000 ---p 00000000 00:00 0 
7f25e492a000-7f25e4a2d000 rw-p 00000000 00:00 0                          [stack:12305]
7f25e4a2d000-7f25e4a2e000 r--s 00003000 08:03 10761040                   /home/seema/Desktop/eclipse/plugins/org.eclipse.m2e.maven.runtime_1.6.1.20150625-2337/jars/takari-filemanager-0.7.0.jar
7f25e4a2e000-7f25e4a32000 r--s 00034000 08:02 7735292                    /usr/lib/jvm/java-7-openjdk-amd64/jre/lib/ext/sunjce_provider.jar
7f25e4a32000-7f25e4a36000 r--s 0003c000 08:02 7735293                    /usr/lib/jvm/java-7-openjdk-amd64/jre/lib/ext/sunpkcs11.jar
7f25e4a36000-7f25e4a39000 r--s 0000f000 08:02 7735288                    /usr/lib/jvm/java-7-openjdk-amd64/jre/lib/ext/icedtea-sound.jar
7f25e4a39000-7f25e4a3c000 r--s 00086000 08:02 7735291                    /usr/lib/jvm/java-7-openjdk-amd64/jre/lib/ext/localedata.jar
7f25e4a3c000-7f25e4a3e000 r--s 00006000 08:02 8131799                    /usr/share/java/java-atk-wrapper.jar
7f25e4a3e000-7f25e4a40000 r--s 00012000 08:02 7735294                    /usr/lib/jvm/java-7-openjdk-amd64/jre/lib/ext/zipfs.jar
7f25e4a40000-7f25e4a41000 r--s 00002000 08:02 7735287                    /usr/lib/jvm/java-7-openjdk-amd64/jre/lib/ext/dnsns.jar
7f25e4a41000-7f25e4a49000 rw-s 00000000 08:02 5636136                    /tmp/hsperfdata_seema/12299
7f25e4a49000-7f25e4a4a000 rw-p 00000000 00:00 0 
7f25e4a4a000-7f25e4a4b000 ---p 00000000 00:00 0 
7f25e4a4b000-7f25e4a4d000 rw-p 00000000 00:00 0 
7f25e4a4d000-7f25e4a4e000 r--p 00022000 08:02 132214                     /lib/x86_64-linux-gnu/ld-2.19.so
7f25e4a4e000-7f25e4a4f000 rw-p 00023000 08:02 132214                     /lib/x86_64-linux-gnu/ld-2.19.so
7f25e4a4f000-7f25e4a50000 rw-p 00000000 00:00 0 
7fff54a28000-7fff54a49000 rw-p 00000000 00:00 0                          [stack]
7fff54b28000-7fff54b2a000 r-xp 00000000 00:00 0                          [vdso]
7fff54b2a000-7fff54b2c000 r--p 00000000 00:00 0                          [vvar]
ffffffffff600000-ffffffffff601000 r-xp 00000000 00:00 0                  [vsyscall]

VM Arguments:
jvm_args: -Dmaven.home=EMBEDDED -Dclassworlds.conf=/home/seema/workspace/.metadata/.plugins/org.eclipse.m2e.launching/launches/m2conf7209566032490412730.tmp -Dmaven.multiModuleProjectDirectory=/home/seema/workspace/spark_job -Dfile.encoding=UTF-8 
java_command: org.codehaus.plexus.classworlds.launcher.Launcher -B clean package assembly:single
Launcher Type: SUN_STANDARD

Environment Variables:
PATH=/usr/local/sbin:/usr/local/bin:/usr/sbin:/usr/bin:/sbin:/bin:/usr/games:/usr/local/games
USERNAME=seema
SHELL=/bin/bash
DISPLAY=:0.0

Signal Handlers:
SIGSEGV: [libjvm.so+0x94b9a0], sa_mask[0]=0x7ffbfeff, sa_flags=0x10000004
SIGBUS: [libjvm.so+0x94b9a0], sa_mask[0]=0x7ffbfeff, sa_flags=0x10000004
SIGFPE: [libjvm.so+0x7c3880], sa_mask[0]=0x7ffbfeff, sa_flags=0x10000004
SIGPIPE: [libjvm.so+0x7c3880], sa_mask[0]=0x7ffbfeff, sa_flags=0x10000004
SIGXFSZ: [libjvm.so+0x7c3880], sa_mask[0]=0x7ffbfeff, sa_flags=0x10000004
SIGILL: [libjvm.so+0x7c3880], sa_mask[0]=0x7ffbfeff, sa_flags=0x10000004
SIGUSR1: SIG_DFL, sa_mask[0]=0x00000000, sa_flags=0x00000000
SIGUSR2: [libjvm.so+0x7c3720], sa_mask[0]=0x00000004, sa_flags=0x10000004
SIGHUP: [libjvm.so+0x7c3900], sa_mask[0]=0x7ffbfeff, sa_flags=0x10000004
SIGINT: [libjvm.so+0x7c3900], sa_mask[0]=0x7ffbfeff, sa_flags=0x10000004
SIGTERM: [libjvm.so+0x7c3900], sa_mask[0]=0x7ffbfeff, sa_flags=0x10000004
SIGQUIT: [libjvm.so+0x7c3900], sa_mask[0]=0x7ffbfeff, sa_flags=0x10000004
SIGTRAP: SIG_DFL, sa_mask[0]=0x00000000, sa_flags=0x00000000


---------------  S Y S T E M  ---------------

OS:LinuxMint 17.3 (rosa)
uname:Linux 3.16.0-38-generic #52~14.04.1-Ubuntu SMP Fri May 8 09:43:57 UTC 2015 x86_64
libc:glibc 2.19 NPTL 2.19 
rlimit: STACK 8192k, CORE 0k, NPROC 31368, NOFILE 4096, AS infinity
load average:9.31 2.92 1.65

/proc/meminfo:
MemTotal:        8062232 kB
MemFree:          127828 kB
MemAvailable:      77556 kB
Buffers:             260 kB
Cached:           247540 kB
SwapCached:            0 kB
Active:          3447140 kB
Inactive:         218328 kB
Active(anon):    3444316 kB
Inactive(anon):   215444 kB
Active(file):       2824 kB
Inactive(file):     2884 kB
Unevictable:           0 kB
Mlocked:               0 kB
SwapTotal:             0 kB
SwapFree:              0 kB
Dirty:                88 kB
Writeback:             0 kB
AnonPages:       3418316 kB
Mapped:          4129080 kB
Shmem:            241444 kB
Slab:             129836 kB
SReclaimable:      62684 kB
SUnreclaim:        67152 kB
KernelStack:       10224 kB
PageTables:        41116 kB
NFS_Unstable:          0 kB
Bounce:                0 kB
WritebackTmp:          0 kB
CommitLimit:     4031116 kB
Committed_AS:   11054608 kB
VmallocTotal:   34359738367 kB
VmallocUsed:      552948 kB
VmallocChunk:   34359092980 kB
HardwareCorrupted:     0 kB
AnonHugePages:    784384 kB
HugePages_Total:       0
HugePages_Free:        0
HugePages_Rsvd:        0
HugePages_Surp:        0
Hugepagesize:       2048 kB
DirectMap4k:       82688 kB
DirectMap2M:     2949120 kB
DirectMap1G:     5242880 kB


CPU:total 4 (2 cores per cpu, 2 threads per core) family 6 model 69 stepping 1, cmov, cx8, fxsr, mmx, sse, sse2, sse3, ssse3, sse4.1, sse4.2, popcnt, avx, avx2, aes, erms, ht, tsc, tscinvbit

/proc/cpuinfo:
processor	: 0
vendor_id	: GenuineIntel
cpu family	: 6
model		: 69
model name	: Intel(R) Core(TM) i5-4210U CPU @ 1.70GHz
stepping	: 1
microcode	: 0x1c
cpu MHz		: 2397.375
cache size	: 3072 KB
physical id	: 0
siblings	: 4
core id		: 0
cpu cores	: 2
apicid		: 0
initial apicid	: 0
fpu		: yes
fpu_exception	: yes
cpuid level	: 13
wp		: yes
flags		: fpu vme de pse tsc msr pae mce cx8 apic sep mtrr pge mca cmov pat pse36 clflush dts acpi mmx fxsr sse sse2 ss ht tm pbe syscall nx pdpe1gb rdtscp lm constant_tsc arch_perfmon pebs bts rep_good nopl xtopology nonstop_tsc aperfmperf eagerfpu pni pclmulqdq dtes64 monitor ds_cpl vmx est tm2 ssse3 fma cx16 xtpr pdcm pcid sse4_1 sse4_2 movbe popcnt tsc_deadline_timer aes xsave avx f16c rdrand lahf_lm abm ida arat epb xsaveopt pln pts dtherm tpr_shadow vnmi flexpriority ept vpid fsgsbase tsc_adjust bmi1 avx2 smep bmi2 erms invpcid
bogomips	: 4788.90
clflush size	: 64
cache_alignment	: 64
address sizes	: 39 bits physical, 48 bits virtual
power management:

processor	: 1
vendor_id	: GenuineIntel
cpu family	: 6
model		: 69
model name	: Intel(R) Core(TM) i5-4210U CPU @ 1.70GHz
stepping	: 1
microcode	: 0x1c
cpu MHz		: 2358.000
cache size	: 3072 KB
physical id	: 0
siblings	: 4
core id		: 0
cpu cores	: 2
apicid		: 1
initial apicid	: 1
fpu		: yes
fpu_exception	: yes
cpuid level	: 13
wp		: yes
flags		: fpu vme de pse tsc msr pae mce cx8 apic sep mtrr pge mca cmov pat pse36 clflush dts acpi mmx fxsr sse sse2 ss ht tm pbe syscall nx pdpe1gb rdtscp lm constant_tsc arch_perfmon pebs bts rep_good nopl xtopology nonstop_tsc aperfmperf eagerfpu pni pclmulqdq dtes64 monitor ds_cpl vmx est tm2 ssse3 fma cx16 xtpr pdcm pcid sse4_1 sse4_2 movbe popcnt tsc_deadline_timer aes xsave avx f16c rdrand lahf_lm abm ida arat epb xsaveopt pln pts dtherm tpr_shadow vnmi flexpriority ept vpid fsgsbase tsc_adjust bmi1 avx2 smep bmi2 erms invpcid
bogomips	: 4788.90
clflush size	: 64
cache_alignment	: 64
address sizes	: 39 bits physical, 48 bits virtual
power management:

processor	: 2
vendor_id	: GenuineIntel
cpu family	: 6
model		: 69
model name	: Intel(R) Core(TM) i5-4210U CPU @ 1.70GHz
stepping	: 1
microcode	: 0x1c
cpu MHz		: 2437.781
cache size	: 3072 KB
physical id	: 0
siblings	: 4
core id		: 1
cpu cores	: 2
apicid		: 2
initial apicid	: 2
fpu		: yes
fpu_exception	: yes
cpuid level	: 13
wp		: yes
flags		: fpu vme de pse tsc msr pae mce cx8 apic sep mtrr pge mca cmov pat pse36 clflush dts acpi mmx fxsr sse sse2 ss ht tm pbe syscall nx pdpe1gb rdtscp lm constant_tsc arch_perfmon pebs bts rep_good nopl xtopology nonstop_tsc aperfmperf eagerfpu pni pclmulqdq dtes64 monitor ds_cpl vmx est tm2 ssse3 fma cx16 xtpr pdcm pcid sse4_1 sse4_2 movbe popcnt tsc_deadline_timer aes xsave avx f16c rdrand lahf_lm abm ida arat epb xsaveopt pln pts dtherm tpr_shadow vnmi flexpriority ept vpid fsgsbase tsc_adjust bmi1 avx2 smep bmi2 erms invpcid
bogomips	: 4788.90
clflush size	: 64
cache_alignment	: 64
address sizes	: 39 bits physical, 48 bits virtual
power management:

processor	: 3
vendor_id	: GenuineIntel
cpu family	: 6
model		: 69
model name	: Intel(R) Core(TM) i5-4210U CPU @ 1.70GHz
stepping	: 1
microcode	: 0x1c
cpu MHz		: 2336.531
cache size	: 3072 KB
physical id	: 0
siblings	: 4
core id		: 1
cpu cores	: 2
apicid		: 3
initial apicid	: 3
fpu		: yes
fpu_exception	: yes
cpuid level	: 13
wp		: yes
flags		: fpu vme de pse tsc msr pae mce cx8 apic sep mtrr pge mca cmov pat pse36 clflush dts acpi mmx fxsr sse sse2 ss ht tm pbe syscall nx pdpe1gb rdtscp lm constant_tsc arch_perfmon pebs bts rep_good nopl xtopology nonstop_tsc aperfmperf eagerfpu pni pclmulqdq dtes64 monitor ds_cpl vmx est tm2 ssse3 fma cx16 xtpr pdcm pcid sse4_1 sse4_2 movbe popcnt tsc_deadline_timer aes xsave avx f16c rdrand lahf_lm abm ida arat epb xsaveopt pln pts dtherm tpr_shadow vnmi flexpriority ept vpid fsgsbase tsc_adjust bmi1 avx2 smep bmi2 erms invpcid
bogomips	: 4788.90
clflush size	: 64
cache_alignment	: 64
address sizes	: 39 bits physical, 48 bits virtual
power management:



Memory: 4k page, physical 8062232k(124052k free), swap 0k(0k free)

vm_info: OpenJDK 64-Bit Server VM (24.79-b02) for linux-amd64 JRE (1.7.0_79-b14), built on Apr 16 2015 08:21:58 by "buildd" with gcc 4.8.2

time: Sun Jun 25 13:35:36 2017
elapsed time: 47 seconds

