#
# There is insufficient memory for the Java Runtime Environment to continue.
# Native memory allocation (malloc) failed to allocate 154140672 bytes for committing reserved memory.
# Possible reasons:
#   The system is out of physical RAM or swap space
#   In 32 bit mode, the process size limit was hit
# Possible solutions:
#   Reduce memory load on the system
#   Increase physical memory or swap space
#   Check if swap backing store is full
#   Use 64 bit Java on a 64 bit OS
#   Decrease Java heap size (-Xmx/-Xms)
#   Decrease number of Java threads
#   Decrease Java thread stack sizes (-Xss)
#   Set larger code cache with -XX:ReservedCodeCacheSize=
# This output file may be truncated or incomplete.
#
#  Out of Memory Error (os_linux.cpp:2809), pid=12336, tid=139873637684992
#
# JRE version: OpenJDK Runtime Environment (7.0_79-b14) (build 1.7.0_79-b14)
# Java VM: OpenJDK 64-Bit Server VM (24.79-b02 mixed mode linux-amd64 compressed oops)
# Derivative: IcedTea 2.5.5
# Distribution: Ubuntu 14.04 LTS, package 7u79-2.5.5-0ubuntu0.14.04.2
# Failed to write core dump. Core dumps have been disabled. To enable core dumping, try "ulimit -c unlimited" before starting Java again
#

---------------  T H R E A D  ---------------

Current thread (0x00007f36e4075800):  VMThread [stack: 0x00007f36de6cd000,0x00007f36de7ce000] [id=12346]

Stack: [0x00007f36de6cd000,0x00007f36de7ce000],  sp=0x00007f36de7cc490,  free space=1021k
Native frames: (J=compiled Java code, j=interpreted, Vv=VM code, C=native code)
V  [libjvm.so+0x94aec5]  VMError::report_and_die()+0x175
V  [libjvm.so+0x48b9c4]  report_vm_out_of_memory(char const*, int, unsigned long, char const*)+0x74
V  [libjvm.so+0x7c806b]  os::pd_commit_memory(char*, unsigned long, unsigned long, bool)+0xeb
V  [libjvm.so+0x7c2b0f]  os::commit_memory(char*, unsigned long, unsigned long, bool)+0x1f
V  [libjvm.so+0x83500b]  PSVirtualSpace::expand_by(unsigned long)+0x5b
V  [libjvm.so+0x835e60]  PSYoungGen::resize_generation(unsigned long, unsigned long)+0xb0
V  [libjvm.so+0x83654b]  PSYoungGen::resize(unsigned long, unsigned long)+0x1b
V  [libjvm.so+0x832830]  PSScavenge::invoke_no_policy()+0xde0
V  [libjvm.so+0x833008]  PSScavenge::invoke()+0x38
V  [libjvm.so+0x7e96f3]  ParallelScavengeHeap::failed_mem_allocate(unsigned long)+0x63
V  [libjvm.so+0x94c8c4]  VM_ParallelGCFailedAllocation::doit()+0x84
V  [libjvm.so+0x950dc7]  VM_Operation::evaluate()+0x47
V  [libjvm.so+0x94f738]  VMThread::evaluate_operation(VM_Operation*)+0x318
V  [libjvm.so+0x94fb99]  VMThread::loop()+0x219
V  [libjvm.so+0x94ffe2]  VMThread::run()+0x72
V  [libjvm.so+0x7c4f32]  java_start(Thread*)+0xf2

VM_Operation (0x00007f36eaeb1b60): ParallelGCFailedAllocation, mode: safepoint, requested by thread 0x00007f36e400a800


---------------  P R O C E S S  ---------------

Java Threads: ( => current thread )
  0x00007f36e40ae800 JavaThread "Service Thread" daemon [_thread_blocked, id=12352, stack(0x00007f36dddfe000,0x00007f36ddeff000)]
  0x00007f36e40ac000 JavaThread "C2 CompilerThread1" daemon [_thread_blocked, id=12351, stack(0x00007f36ddeff000,0x00007f36de000000)]
  0x00007f36e40a9000 JavaThread "C2 CompilerThread0" daemon [_thread_blocked, id=12350, stack(0x00007f36de000000,0x00007f36de101000)]
  0x00007f36e40a7000 JavaThread "Signal Dispatcher" daemon [_thread_blocked, id=12349, stack(0x00007f36de101000,0x00007f36de202000)]
  0x00007f36e407c000 JavaThread "Finalizer" daemon [_thread_blocked, id=12348, stack(0x00007f36de4cb000,0x00007f36de5cc000)]
  0x00007f36e407a000 JavaThread "Reference Handler" daemon [_thread_blocked, id=12347, stack(0x00007f36de5cc000,0x00007f36de6cd000)]
  0x00007f36e400a800 JavaThread "main" [_thread_blocked, id=12341, stack(0x00007f36eadb4000,0x00007f36eaeb5000)]

Other Threads:
=>0x00007f36e4075800 VMThread [stack: 0x00007f36de6cd000,0x00007f36de7ce000] [id=12346]
  0x00007f36e40b9000 WatcherThread [stack: 0x00007f36ddcfd000,0x00007f36dddfe000] [id=12353]

VM state:at safepoint (normal execution)

VM Mutex/Monitor currently owned by a thread:  ([mutex/lock_event])
[0x00007f36e40068a0] Threads_lock - owner thread: 0x00007f36e4075800
[0x00007f36e4006da0] Heap_lock - owner thread: 0x00007f36e400a800

Heap
 PSYoungGen      total 264704K, used 6112K [0x00000007d6f00000, 0x00000007e7e00000, 0x0000000800000000)
  eden space 251904K, 0% used [0x00000007d6f00000,0x00000007d6f00000,0x00000007e6500000)
  from space 12800K, 47% used [0x00000007e6500000,0x00000007e6af8000,0x00000007e7180000)
  to   space 12800K, 0% used [0x00000007e7180000,0x00000007e7180000,0x00000007e7e00000)
 ParOldGen       total 83968K, used 16399K [0x0000000784e00000, 0x000000078a000000, 0x00000007d6f00000)
  object space 83968K, 19% used [0x0000000784e00000,0x0000000785e03fa0,0x000000078a000000)
 PSPermGen       total 21504K, used 17258K [0x000000077a800000, 0x000000077bd00000, 0x0000000784e00000)
  object space 21504K, 80% used [0x000000077a800000,0x000000077b8daae0,0x000000077bd00000)

Card table byte_map: [0x00007f36e05b3000,0x00007f36e09e0000] byte_map_base: 0x00007f36dc9df000

Polling page: 0x00007f36eaed7000

Code Cache  [0x00007f36e09e0000, 0x00007f36e0d10000, 0x00007f36e39e0000)
 total_blobs=1152 nmethods=858 adapters=247 free_code_cache=46014Kb largest_free_block=47040448

Compilation events (10 events):
Event: 12.339 Thread 0x00007f36e40ac000  892   !         org.apache.maven.RepositoryUtils::getLayout (93 bytes)
Event: 12.339 Thread 0x00007f36e40a9000  893             org.apache.maven.artifact.repository.layout.DefaultRepositoryLayout::getId (3 bytes)
Event: 12.483 Thread 0x00007f36e40a9000 nmethod 893 0x00007f36e0cbfbd0 code [0x00007f36e0cbfd00, 0x00007f36e0cbfd78]
Event: 12.483 Thread 0x00007f36e40ac000 nmethod 892 0x00007f36e0cce810 code [0x00007f36e0cce960, 0x00007f36e0ccea38]
Event: 12.582 Thread 0x00007f36e40ac000  895   !         org.apache.maven.model.Model::clone (502 bytes)
Event: 12.582 Thread 0x00007f36e40a9000  894             sun.nio.ch.FileChannelImpl::ensureOpen (16 bytes)
Event: 13.350 Thread 0x00007f36e40a9000 nmethod 894 0x00007f36e0cc1e90 code [0x00007f36e0cc1fc0, 0x00007f36e0cc2038]
Event: 13.373 Thread 0x00007f36e40a9000  896             org.apache.maven.model.building.DefaultModelProblemCollector::setSource (23 bytes)
Event: 13.861 Thread 0x00007f36e40a9000 nmethod 896 0x00007f36e0cd3690 code [0x00007f36e0cd37c0, 0x00007f36e0cd3858]
Event: 13.939 Thread 0x00007f36e40a9000  897             java.util.concurrent.atomic.AtomicInteger::decrementAndGet (23 bytes)

GC Heap History (10 events):
Event: 3.311 GC heap after
Heap after GC invocations=4 (full 0):
 PSYoungGen      total 68608K, used 5088K [0x00000007d6f00000, 0x00000007db700000, 0x0000000800000000)
  eden space 63488K, 0% used [0x00000007d6f00000,0x00000007d6f00000,0x00000007dad00000)
  from space 5120K, 99% used [0x00000007db200000,0x00000007db6f83e0,0x00000007db700000)
  to   space 5120K, 0% used [0x00000007dad00000,0x00000007dad00000,0x00000007db200000)
 ParOldGen       total 83968K, used 4792K [0x0000000784e00000, 0x000000078a000000, 0x00000007d6f00000)
  object space 83968K, 5% used [0x0000000784e00000,0x00000007852ae360,0x000000078a000000)
 PSPermGen       total 21504K, used 14729K [0x000000077a800000, 0x000000077bd00000, 0x0000000784e00000)
  object space 21504K, 68% used [0x000000077a800000,0x000000077b662530,0x000000077bd00000)
}
Event: 4.114 GC heap before
{Heap before GC invocations=5 (full 0):
 PSYoungGen      total 68608K, used 68576K [0x00000007d6f00000, 0x00000007db700000, 0x0000000800000000)
  eden space 63488K, 100% used [0x00000007d6f00000,0x00000007dad00000,0x00000007dad00000)
  from space 5120K, 99% used [0x00000007db200000,0x00000007db6f83e0,0x00000007db700000)
  to   space 5120K, 0% used [0x00000007dad00000,0x00000007dad00000,0x00000007db200000)
 ParOldGen       total 83968K, used 4792K [0x0000000784e00000, 0x000000078a000000, 0x00000007d6f00000)
  object space 83968K, 5% used [0x0000000784e00000,0x00000007852ae360,0x000000078a000000)
 PSPermGen       total 21504K, used 14846K [0x000000077a800000, 0x000000077bd00000, 0x0000000784e00000)
  object space 21504K, 69% used [0x000000077a800000,0x000000077b67f868,0x000000077bd00000)
Event: 4.135 GC heap after
Heap after GC invocations=5 (full 0):
 PSYoungGen      total 68608K, used 5120K [0x00000007d6f00000, 0x00000007dff00000, 0x0000000800000000)
  eden space 63488K, 0% used [0x00000007d6f00000,0x00000007d6f00000,0x00000007dad00000)
  from space 5120K, 100% used [0x00000007dad00000,0x00000007db200000,0x00000007db200000)
  to   space 10240K, 0% used [0x00000007df500000,0x00000007df500000,0x00000007dff00000)
 ParOldGen       total 83968K, used 8469K [0x0000000784e00000, 0x000000078a000000, 0x00000007d6f00000)
  object space 83968K, 10% used [0x0000000784e00000,0x0000000785645720,0x000000078a000000)
 PSPermGen       total 21504K, used 14846K [0x000000077a800000, 0x000000077bd00000, 0x0000000784e00000)
  object space 21504K, 69% used [0x000000077a800000,0x000000077b67f868,0x000000077bd00000)
}
Event: 5.138 GC heap before
{Heap before GC invocations=6 (full 0):
 PSYoungGen      total 68608K, used 68608K [0x00000007d6f00000, 0x00000007dff00000, 0x0000000800000000)
  eden space 63488K, 100% used [0x00000007d6f00000,0x00000007dad00000,0x00000007dad00000)
  from space 5120K, 100% used [0x00000007dad00000,0x00000007db200000,0x00000007db200000)
  to   space 10240K, 0% used [0x00000007df500000,0x00000007df500000,0x00000007dff00000)
 ParOldGen       total 83968K, used 8469K [0x0000000784e00000, 0x000000078a000000, 0x00000007d6f00000)
  object space 83968K, 10% used [0x0000000784e00000,0x0000000785645720,0x000000078a000000)
 PSPermGen       total 21504K, used 15579K [0x000000077a800000, 0x000000077bd00000, 0x0000000784e00000)
  object space 21504K, 72% used [0x000000077a800000,0x000000077b736ee8,0x000000077bd00000)
Event: 5.160 GC heap after
Heap after GC invocations=6 (full 0):
 PSYoungGen      total 136192K, used 9395K [0x00000007d6f00000, 0x00000007e0100000, 0x0000000800000000)
  eden space 125952K, 0% used [0x00000007d6f00000,0x00000007d6f00000,0x00000007dea00000)
  from space 10240K, 91% used [0x00000007df500000,0x00000007dfe2cfe0,0x00000007dff00000)
  to   space 11264K, 0% used [0x00000007dea00000,0x00000007dea00000,0x00000007df500000)
 ParOldGen       total 83968K, used 8469K [0x0000000784e00000, 0x000000078a000000, 0x00000007d6f00000)
  object space 83968K, 10% used [0x0000000784e00000,0x0000000785645720,0x000000078a000000)
 PSPermGen       total 21504K, used 15579K [0x000000077a800000, 0x000000077bd00000, 0x0000000784e00000)
  object space 21504K, 72% used [0x000000077a800000,0x000000077b736ee8,0x000000077bd00000)
}
Event: 6.618 GC heap before
{Heap before GC invocations=7 (full 0):
 PSYoungGen      total 136192K, used 135347K [0x00000007d6f00000, 0x00000007e0100000, 0x0000000800000000)
  eden space 125952K, 100% used [0x00000007d6f00000,0x00000007dea00000,0x00000007dea00000)
  from space 10240K, 91% used [0x00000007df500000,0x00000007dfe2cfe0,0x00000007dff00000)
  to   space 11264K, 0% used [0x00000007dea00000,0x00000007dea00000,0x00000007df500000)
 ParOldGen       total 83968K, used 8469K [0x0000000784e00000, 0x000000078a000000, 0x00000007d6f00000)
  object space 83968K, 10% used [0x0000000784e00000,0x0000000785645720,0x000000078a000000)
 PSPermGen       total 21504K, used 17065K [0x000000077a800000, 0x000000077bd00000, 0x0000000784e00000)
  object space 21504K, 79% used [0x000000077a800000,0x000000077b8aa6f8,0x000000077bd00000)
Event: 6.648 GC heap after
Heap after GC invocations=7 (full 0):
 PSYoungGen      total 137216K, used 11180K [0x00000007d6f00000, 0x00000007e7e00000, 0x0000000800000000)
  eden space 125952K, 0% used [0x00000007d6f00000,0x00000007d6f00000,0x00000007dea00000)
  from space 11264K, 99% used [0x00000007dea00000,0x00000007df4eb0c0,0x00000007df500000)
  to   space 12800K, 0% used [0x00000007e7180000,0x00000007e7180000,0x00000007e7e00000)
 ParOldGen       total 83968K, used 10137K [0x0000000784e00000, 0x000000078a000000, 0x00000007d6f00000)
  object space 83968K, 12% used [0x0000000784e00000,0x00000007857e6780,0x000000078a000000)
 PSPermGen       total 21504K, used 17065K [0x000000077a800000, 0x000000077bd00000, 0x0000000784e00000)
  object space 21504K, 79% used [0x000000077a800000,0x000000077b8aa6f8,0x000000077bd00000)
}
Event: 7.571 GC heap before
{Heap before GC invocations=8 (full 0):
 PSYoungGen      total 137216K, used 137132K [0x00000007d6f00000, 0x00000007e7e00000, 0x0000000800000000)
  eden space 125952K, 100% used [0x00000007d6f00000,0x00000007dea00000,0x00000007dea00000)
  from space 11264K, 99% used [0x00000007dea00000,0x00000007df4eb0c0,0x00000007df500000)
  to   space 12800K, 0% used [0x00000007e7180000,0x00000007e7180000,0x00000007e7e00000)
 ParOldGen       total 83968K, used 10137K [0x0000000784e00000, 0x000000078a000000, 0x00000007d6f00000)
  object space 83968K, 12% used [0x0000000784e00000,0x00000007857e6780,0x000000078a000000)
 PSPermGen       total 21504K, used 17155K [0x000000077a800000, 0x000000077bd00000, 0x0000000784e00000)
  object space 21504K, 79% used [0x000000077a800000,0x000000077b8c0c10,0x000000077bd00000)
Event: 7.596 GC heap after
Heap after GC invocations=8 (full 0):
 PSYoungGen      total 264704K, used 8544K [0x00000007d6f00000, 0x00000007e7e00000, 0x0000000800000000)
  eden space 251904K, 0% used [0x00000007d6f00000,0x00000007d6f00000,0x00000007e6500000)
  from space 12800K, 66% used [0x00000007e7180000,0x00000007e79d8000,0x00000007e7e00000)
  to   space 12800K, 0% used [0x00000007e6500000,0x00000007e6500000,0x00000007e7180000)
 ParOldGen       total 83968K, used 12351K [0x0000000784e00000, 0x000000078a000000, 0x00000007d6f00000)
  object space 83968K, 14% used [0x0000000784e00000,0x0000000785a0ffa0,0x000000078a000000)
 PSPermGen       total 21504K, used 17155K [0x000000077a800000, 0x000000077bd00000, 0x0000000784e00000)
  object space 21504K, 79% used [0x000000077a800000,0x000000077b8c0c10,0x000000077bd00000)
}
Event: 14.646 GC heap before
{Heap before GC invocations=9 (full 0):
 PSYoungGen      total 264704K, used 260448K [0x00000007d6f00000, 0x00000007e7e00000, 0x0000000800000000)
  eden space 251904K, 100% used [0x00000007d6f00000,0x00000007e6500000,0x00000007e6500000)
  from space 12800K, 66% used [0x00000007e7180000,0x00000007e79d8000,0x00000007e7e00000)
  to   space 12800K, 0% used [0x00000007e6500000,0x00000007e6500000,0x00000007e7180000)
 ParOldGen       total 83968K, used 12351K [0x0000000784e00000, 0x000000078a000000, 0x00000007d6f00000)
  object space 83968K, 14% used [0x0000000784e00000,0x0000000785a0ffa0,0x000000078a000000)
 PSPermGen       total 21504K, used 17258K [0x000000077a800000, 0x000000077bd00000, 0x0000000784e00000)
  object space 21504K, 80% used [0x000000077a800000,0x000000077b8daae0,0x000000077bd00000)

Deoptimization events (10 events):
Event: 7.322 Thread 0x00007f36e400a800 Uncommon trap: reason=bimorphic action=maybe_recompile pc=0x00007f36e0c7468c method=java.util.regex.Pattern$BranchConn.match(Ljava/util/regex/Matcher;ILjava/lang/CharSequence;)Z @ 7
Event: 7.343 Thread 0x00007f36e400a800 Uncommon trap: reason=null_check action=make_not_entrant pc=0x00007f36e0c85f68 method=org.codehaus.plexus.util.xml.Xpp3Dom.mergeIntoXpp3Dom(Lorg/codehaus/plexus/util/xml/Xpp3Dom;Lorg/codehaus/plexus/util/xml/Xpp3Dom;Ljava/lang/Boolean;)V @ 19
Event: 7.602 Thread 0x00007f36e400a800 Uncommon trap: reason=null_check action=make_not_entrant pc=0x00007f36e0ca3664 method=org.apache.maven.model.building.DefaultModelBuilder.importDependencyManagement(Lorg/apache/maven/model/Model;Lorg/apache/maven/model/building/ModelBuildingRequest;Lorg/a
Event: 7.723 Thread 0x00007f36e400a800 Uncommon trap: reason=null_check action=make_not_entrant pc=0x00007f36e0bc4dc0 method=org.codehaus.plexus.util.xml.Xpp3Dom.mergeIntoXpp3Dom(Lorg/codehaus/plexus/util/xml/Xpp3Dom;Lorg/codehaus/plexus/util/xml/Xpp3Dom;Ljava/lang/Boolean;)V @ 146
Event: 8.004 Thread 0x00007f36e400a800 Uncommon trap: reason=null_check action=make_not_entrant pc=0x00007f36e0bb50e0 method=org.apache.maven.bridge.MavenRepositorySystem.XcreateArtifact(Ljava/lang/String;Ljava/lang/String;Lorg/apache/maven/artifact/versioning/VersionRange;Ljava/lang/String;Lj
Event: 8.123 Thread 0x00007f36e400a800 Uncommon trap: reason=null_check action=make_not_entrant pc=0x00007f36e0cbb9c8 method=org.apache.maven.bridge.MavenRepositorySystem.XcreateArtifact(Ljava/lang/String;Ljava/lang/String;Lorg/apache/maven/artifact/versioning/VersionRange;Ljava/lang/String;Lj
Event: 8.176 Thread 0x00007f36e400a800 Uncommon trap: reason=unreached action=reinterpret pc=0x00007f36e0c1ac0c method=org.apache.maven.model.Contributor.clone()Lorg/apache/maven/model/Contributor; @ 44
Event: 8.734 Thread 0x00007f36e400a800 Uncommon trap: reason=null_check action=make_not_entrant pc=0x00007f36e0b45668 method=org.codehaus.plexus.interpolation.reflection.ReflectionValueExtractor.getClassMap(Ljava/lang/Class;)Lorg/codehaus/plexus/interpolation/reflection/ClassMap; @ 9
Event: 12.042 Thread 0x00007f36e400a800 Uncommon trap: reason=null_check action=make_not_entrant pc=0x00007f36e0cdd1cc method=org.apache.maven.bridge.MavenRepositorySystem.XcreateArtifact(Ljava/lang/String;Ljava/lang/String;Lorg/apache/maven/artifact/versioning/VersionRange;Ljava/lang/String;Lj
Event: 12.151 Thread 0x00007f36e400a800 Uncommon trap: reason=null_check action=make_not_entrant pc=0x00007f36e0cdd1cc method=org.apache.maven.bridge.MavenRepositorySystem.XcreateArtifact(Ljava/lang/String;Ljava/lang/String;Lorg/apache/maven/artifact/versioning/VersionRange;Ljava/lang/String;Lj

Internal exceptions (10 events):
Event: 7.521 Thread 0x00007f36e400a800 Threw 0x00000007ddd6aee8 at /build/buildd/openjdk-7-7u79-2.5.5/build/openjdk/hotspot/src/share/vm/prims/jvm.cpp:1284
Event: 7.521 Thread 0x00007f36e400a800 Threw 0x00000007ddd6b5c8 at /build/buildd/openjdk-7-7u79-2.5.5/build/openjdk/hotspot/src/share/vm/prims/jvm.cpp:1284
Event: 7.521 Thread 0x00007f36e400a800 Threw 0x00000007ddd705a0 at /build/buildd/openjdk-7-7u79-2.5.5/build/openjdk/hotspot/src/share/vm/prims/jvm.cpp:1284
Event: 7.521 Thread 0x00007f36e400a800 Threw 0x00000007ddd70c30 at /build/buildd/openjdk-7-7u79-2.5.5/build/openjdk/hotspot/src/share/vm/prims/jvm.cpp:1284
Event: 7.602 Thread 0x00007f36e400a800 Implicit null exception at 0x00007f36e0ca25a6 to 0x00007f36e0ca3615
Event: 7.726 Thread 0x00007f36e400a800 Threw 0x00000007d9200438 at /build/buildd/openjdk-7-7u79-2.5.5/build/openjdk/hotspot/src/share/vm/prims/jvm.cpp:1284
Event: 7.726 Thread 0x00007f36e400a800 Threw 0x00000007d9200b90 at /build/buildd/openjdk-7-7u79-2.5.5/build/openjdk/hotspot/src/share/vm/prims/jvm.cpp:1284
Event: 8.123 Thread 0x00007f36e400a800 Implicit null exception at 0x00007f36e0cba7ad to 0x00007f36e0cbb99d
Event: 12.039 Thread 0x00007f36e400a800 Implicit null exception at 0x00007f36e0cd7f66 to 0x00007f36e0cdd195
Event: 12.147 Thread 0x00007f36e400a800 Implicit null exception at 0x00007f36e0cd7f66 to 0x00007f36e0cdd195

Events (10 events):
Event: 9.826 Thread 0x00007f36e40a9000 flushing nmethod 0x00007f36e0a81c10
Event: 10.965 Thread 0x00007f36e40a9000 flushing nmethod 0x00007f36e0acc9d0
Event: 11.340 Thread 0x00007f36e40a9000 flushing nmethod 0x00007f36e0b3b050
Event: 12.042 Thread 0x00007f36e400a800 Uncommon trap: trap_request=0xfffffff4 fr.pc=0x00007f36e0cdd1cc
Event: 12.107 Thread 0x00007f36e400a800 DEOPT PACKING pc=0x00007f36e0cdd1cc sp=0x00007f36eaeb1df0
Event: 12.122 Thread 0x00007f36e400a800 DEOPT UNPACKING pc=0x00007f36e0a19445 sp=0x00007f36eaeb1c28 mode 2
Event: 12.149 Thread 0x00007f36e400a800 Uncommon trap: trap_request=0xfffffff4 fr.pc=0x00007f36e0cdd1cc
Event: 12.151 Thread 0x00007f36e400a800 DEOPT PACKING pc=0x00007f36e0cdd1cc sp=0x00007f36eaeb2070
Event: 12.151 Thread 0x00007f36e400a800 DEOPT UNPACKING pc=0x00007f36e0a19445 sp=0x00007f36eaeb1ea8 mode 2
Event: 14.567 Executing VM operation: ParallelGCFailedAllocation


Dynamic libraries:
00400000-00401000 r-xp 00000000 08:02 7735187                            /usr/lib/jvm/java-7-openjdk-amd64/jre/bin/java
00600000-00601000 r--p 00000000 08:02 7735187                            /usr/lib/jvm/java-7-openjdk-amd64/jre/bin/java
00601000-00602000 rw-p 00001000 08:02 7735187                            /usr/lib/jvm/java-7-openjdk-amd64/jre/bin/java
01113000-01134000 rw-p 00000000 00:00 0                                  [heap]
77a800000-77bd00000 rw-p 00000000 00:00 0 
77bd00000-784e00000 rw-p 00000000 00:00 0 
784e00000-78a000000 rw-p 00000000 00:00 0 
78a000000-7d6f00000 rw-p 00000000 00:00 0 
7d6f00000-7e7e00000 rw-p 00000000 00:00 0 
7f1100000-800000000 rw-p 00000000 00:00 0 
7f36a0000000-7f36a0021000 rw-p 00000000 00:00 0 
7f36a0021000-7f36a4000000 ---p 00000000 00:00 0 
7f36a8000000-7f36a9468000 rw-p 00000000 00:00 0 
7f36a9468000-7f36ac000000 ---p 00000000 00:00 0 
7f36ac000000-7f36ac021000 rw-p 00000000 00:00 0 
7f36ac021000-7f36b0000000 ---p 00000000 00:00 0 
7f36b0000000-7f36b0021000 rw-p 00000000 00:00 0 
7f36b0021000-7f36b4000000 ---p 00000000 00:00 0 
7f36b4000000-7f36b52f9000 rw-p 00000000 00:00 0 
7f36b52f9000-7f36b8000000 ---p 00000000 00:00 0 
7f36b8000000-7f36b8021000 rw-p 00000000 00:00 0 
7f36b8021000-7f36bc000000 ---p 00000000 00:00 0 
7f36bc000000-7f36bc021000 rw-p 00000000 00:00 0 
7f36bc021000-7f36c0000000 ---p 00000000 00:00 0 
7f36c0000000-7f36c0241000 rw-p 00000000 00:00 0 
7f36c0241000-7f36c4000000 ---p 00000000 00:00 0 
7f36c7d40000-7f36cc000000 rw-p 00000000 00:00 0 
7f36cc000000-7f36cc021000 rw-p 00000000 00:00 0 
7f36cc021000-7f36d0000000 ---p 00000000 00:00 0 
7f36d0000000-7f36d0021000 rw-p 00000000 00:00 0 
7f36d0021000-7f36d4000000 ---p 00000000 00:00 0 
7f36d4000000-7f36d4021000 rw-p 00000000 00:00 0 
7f36d4021000-7f36d8000000 ---p 00000000 00:00 0 
7f36d8000000-7f36d8021000 rw-p 00000000 00:00 0 
7f36d8021000-7f36dc000000 ---p 00000000 00:00 0 
7f36dc2c4000-7f36dc2c5000 rw-p 00000000 00:00 0 
7f36dc2c5000-7f36dc2c6000 r--s 00004000 08:03 11141780                   /home/seema/.m2/repository/com/typesafe/sbt/compiler-interface/0.12.0/compiler-interface-0.12.0-sources.jar
7f36dc2c6000-7f36dc38d000 r--s 00a25000 08:03 11023929                   /home/seema/.m2/repository/org/scala-lang/scala-compiler/2.9.2/scala-compiler-2.9.2.jar
7f36dc38d000-7f36dc390000 r--s 00008000 08:03 11023927                   /home/seema/.m2/repository/com/typesafe/sbt/sbt-interface/0.12.0/sbt-interface-0.12.0.jar
7f36dc390000-7f36dc3b5000 r--s 001b7000 08:03 11023925                   /home/seema/.m2/repository/com/typesafe/sbt/incremental-compiler/0.12.0/incremental-compiler-0.12.0.jar
7f36dc3b5000-7f36dc433000 r--s 007f5000 08:03 10879885                   /home/seema/.m2/repository/org/scala-lang/scala-library/2.9.2/scala-library-2.9.2.jar
7f36dc433000-7f36dc437000 r--s 00032000 08:03 11023923                   /home/seema/.m2/repository/com/typesafe/zinc/zinc/0.1.0/zinc-0.1.0.jar
7f36dc437000-7f36dc439000 r--s 00004000 08:03 10765122                   /home/seema/.m2/repository/org/apache/maven/maven-archiver/2.5/maven-archiver-2.5.jar
7f36dc439000-7f36dc43b000 r--s 00006000 08:03 10879883                   /home/seema/.m2/repository/org/apache/maven/shared/maven-invoker/2.0.11/maven-invoker-2.0.11.jar
7f36dc43b000-7f36dc446000 r--s 0007a000 08:03 10879881                   /home/seema/.m2/repository/org/codehaus/jackson/jackson-mapper-asl/1.6.1/jackson-mapper-asl-1.6.1.jar
7f36dc446000-7f36dc44a000 r--s 0002e000 08:03 10879879                   /home/seema/.m2/repository/org/codehaus/jackson/jackson-core-asl/1.6.1/jackson-core-asl-1.6.1.jar
7f36dc44a000-7f36dc44b000 r--s 00002000 08:03 10879875                   /home/seema/.m2/repository/org/apache/maven/doxia/doxia-logging-api/1.1.2/doxia-logging-api-1.1.2.jar
7f36dc44b000-7f36dc44d000 r--s 00002000 08:03 10879873                   /home/seema/.m2/repository/org/apache/maven/doxia/doxia-sink-api/1.1.2/doxia-sink-api-1.1.2.jar
7f36dc44d000-7f36dc450000 r--s 0000c000 08:03 10765138                   /home/seema/.m2/repository/org/codehaus/plexus/plexus-io/2.0.2/plexus-io-2.0.2.jar
7f36dc450000-7f36dc455000 r--s 00029000 08:03 10765128                   /home/seema/.m2/repository/org/codehaus/plexus/plexus-archiver/2.1/plexus-archiver-2.1.jar
7f36dc455000-7f36dc458000 r--s 0000a000 08:03 10879871                   /home/seema/.m2/repository/org/apache/commons/commons-exec/1.0.1/commons-exec-1.0.1.jar
7f36dc458000-7f36dc45a000 r--s 00007000 08:03 10879861                   /home/seema/.m2/repository/org/apache/maven/shared/maven-dependency-tree/1.2/maven-dependency-tree-1.2.jar
7f36dc45a000-7f36dc45c000 r--s 0000d000 08:03 10879857                   /home/seema/.m2/repository/org/codehaus/plexus/plexus-interpolation/1.14/plexus-interpolation-1.14.jar
7f36dc45c000-7f36dc460000 r--s 00017000 08:03 10879855                   /home/seema/.m2/repository/org/sonatype/aether/aether-util/1.7/aether-util-1.7.jar
7f36dc460000-7f36dc461000 r--s 00002000 08:03 10879835                   /home/seema/.m2/repository/org/apache/maven/reporting/maven-reporting-api/3.0/maven-reporting-api-3.0.jar
7f36dc461000-7f36dc46c000 r--s 00069000 08:03 10879833                   /home/seema/.m2/repository/org/sonatype/sisu/sisu-guice/2.1.7/sisu-guice-2.1.7-noaop.jar
7f36dc46c000-7f36dc471000 r--s 00021000 08:03 10879831                   /home/seema/.m2/repository/org/sonatype/sisu/sisu-inject-bean/1.4.2/sisu-inject-bean-1.4.2.jar
7f36dc471000-7f36dc474000 r--s 0001b000 08:03 10879633                   /home/seema/.m2/repository/net/alchim31/maven/scala-maven-plugin/3.1.0/scala-maven-plugin-3.1.0.jar
7f36dc474000-7f36dc477000 r--s 0001b000 08:03 10763084                   /home/seema/.m2/repository/junit/junit/3.8.2/junit-3.8.2.jar
7f36dc477000-7f36dc485000 r--s 0008f000 08:03 10763082                   /home/seema/.m2/repository/com/google/collections/google-collections/1.0/google-collections-1.0.jar
7f36dc485000-7f36dc486000 r--s 0000a000 08:03 10763080                   /home/seema/.m2/repository/commons-logging/commons-logging-api/1.1/commons-logging-api-1.1.jar
7f36dc486000-7f36dc48d000 r--s 00051000 08:03 10763078                   /home/seema/.m2/repository/log4j/log4j/1.2.12/log4j-1.2.12.jar
7f36dc48d000-7f36dc491000 r--s 0001d000 08:03 10763076                   /home/seema/.m2/repository/org/apache/xbean/xbean-reflect/3.4/xbean-reflect-3.4.jar
7f36dc491000-7f36dc492000 r--s 00004000 08:03 10763070                   /home/seema/.m2/repository/org/codehaus/plexus/plexus-compiler-javac/2.5/plexus-compiler-javac-2.5.jar
7f36dc492000-7f36dc494000 r--s 00000000 08:03 10763068                   /home/seema/.m2/repository/org/codehaus/plexus/plexus-compiler-manager/2.5/plexus-compiler-manager-2.5.jar
7f36dc494000-7f36dc496000 r--s 00005000 08:03 10763066                   /home/seema/.m2/repository/org/codehaus/plexus/plexus-compiler-api/2.5/plexus-compiler-api-2.5.jar
7f36dc496000-7f36dc498000 r--s 00000000 08:03 10763064                   /home/seema/.m2/repository/org/codehaus/plexus/plexus-component-annotations/1.5.5/plexus-component-annotations-1.5.5.jar
7f36dc498000-7f36dc49a000 r--s 00002000 08:03 10763062                   /home/seema/.m2/repository/org/apache/maven/shared/maven-shared-incremental/1.1/maven-shared-incremental-1.1.jar
7f36dc49a000-7f36dc49c000 r--s 00006000 08:03 10763060                   /home/seema/.m2/repository/com/google/code/findbugs/jsr305/2.0.1/jsr305-2.0.1.jar
7f36dc49c000-7f36dc4a0000 r--s 00026000 08:03 10763058                   /home/seema/.m2/repository/org/apache/maven/shared/maven-shared-utils/0.7/maven-shared-utils-0.7.jar
7f36dc4a0000-7f36dc4a2000 r--s 00002000 08:03 10763054                   /home/seema/.m2/repository/org/sonatype/plexus/plexus-cipher/1.4/plexus-cipher-1.4.jar
7f36dc4a2000-7f36dc4aa000 r--s 00049000 08:03 10763048                   /home/seema/.m2/repository/backport-util-concurrent/backport-util-concurrent/3.1/backport-util-concurrent-3.1.jar
7f36dc4aa000-7f36dc4ac000 r--s 00003000 08:03 10763016                   /home/seema/.m2/repository/org/slf4j/jcl-over-slf4j/1.5.6/jcl-over-slf4j-1.5.6.jar
7f36dc4ac000-7f36dc4ae000 r--s 00001000 08:03 10763011                   /home/seema/.m2/repository/org/slf4j/slf4j-jdk14/1.5.6/slf4j-jdk14-1.5.6.jar
7f36dc4ae000-7f36dc4b0000 r--s 0000b000 08:03 10762998                   /home/seema/.m2/repository/org/codehaus/plexus/plexus-interpolation/1.11/plexus-interpolation-1.11.jar
7f36dc4b0000-7f36dc4b4000 r--s 00034000 08:03 10762980                   /home/seema/.m2/repository/org/codehaus/plexus/plexus-utils/1.5.15/plexus-utils-1.5.15.jar
7f36dc4b4000-7f36dc4b6000 r--s 0000a000 08:03 10762548                   /home/seema/.m2/repository/org/apache/maven/plugins/maven-compiler-plugin/3.3/maven-compiler-plugin-3.3.jar
7f36dc4b6000-7f36dc4b8000 r--s 0000d000 08:03 10879536                   /home/seema/.m2/repository/org/codehaus/plexus/plexus-interpolation/1.13/plexus-interpolation-1.13.jar
7f36dc4b8000-7f36dc4e9000 rw-p 00000000 00:00 0 
7f36dc4e9000-7f36dc526000 r-xp 00000000 08:02 135404                     /lib/x86_64-linux-gnu/libpcre.so.3.13.1
7f36dc526000-7f36dc725000 ---p 0003d000 08:02 135404                     /lib/x86_64-linux-gnu/libpcre.so.3.13.1
7f36dc725000-7f36dc726000 r--p 0003c000 08:02 135404                     /lib/x86_64-linux-gnu/libpcre.so.3.13.1
7f36dc726000-7f36dc727000 rw-p 0003d000 08:02 135404                     /lib/x86_64-linux-gnu/libpcre.so.3.13.1
7f36dc727000-7f36dc72e000 r-xp 00000000 08:02 7603732                    /usr/lib/x86_64-linux-gnu/libffi.so.6.0.1
7f36dc72e000-7f36dc92d000 ---p 00007000 08:02 7603732                    /usr/lib/x86_64-linux-gnu/libffi.so.6.0.1
7f36dc92d000-7f36dc92e000 r--p 00006000 08:02 7603732                    /usr/lib/x86_64-linux-gnu/libffi.so.6.0.1
7f36dc92e000-7f36dc92f000 rw-p 00007000 08:02 7603732                    /usr/lib/x86_64-linux-gnu/libffi.so.6.0.1
7f36dc92f000-7f36dc946000 r-xp 00000000 08:02 132161                     /lib/x86_64-linux-gnu/libresolv-2.19.so
7f36dc946000-7f36dcb46000 ---p 00017000 08:02 132161                     /lib/x86_64-linux-gnu/libresolv-2.19.so
7f36dcb46000-7f36dcb47000 r--p 00017000 08:02 132161                     /lib/x86_64-linux-gnu/libresolv-2.19.so
7f36dcb47000-7f36dcb48000 rw-p 00018000 08:02 132161                     /lib/x86_64-linux-gnu/libresolv-2.19.so
7f36dcb48000-7f36dcb4a000 rw-p 00000000 00:00 0 
7f36dcb4a000-7f36dcb6a000 r-xp 00000000 08:02 135481                     /lib/x86_64-linux-gnu/libselinux.so.1
7f36dcb6a000-7f36dcd69000 ---p 00020000 08:02 135481                     /lib/x86_64-linux-gnu/libselinux.so.1
7f36dcd69000-7f36dcd6a000 r--p 0001f000 08:02 135481                     /lib/x86_64-linux-gnu/libselinux.so.1
7f36dcd6a000-7f36dcd6b000 rw-p 00020000 08:02 135481                     /lib/x86_64-linux-gnu/libselinux.so.1
7f36dcd6b000-7f36dcd6d000 rw-p 00000000 00:00 0 
7f36dcd6d000-7f36dcd70000 r-xp 00000000 08:02 7610563                    /usr/lib/x86_64-linux-gnu/libgmodule-2.0.so.0.4002.0
7f36dcd70000-7f36dcf6f000 ---p 00003000 08:02 7610563                    /usr/lib/x86_64-linux-gnu/libgmodule-2.0.so.0.4002.0
7f36dcf6f000-7f36dcf70000 r--p 00002000 08:02 7610563                    /usr/lib/x86_64-linux-gnu/libgmodule-2.0.so.0.4002.0
7f36dcf70000-7f36dcf71000 rw-p 00003000 08:02 7610563                    /usr/lib/x86_64-linux-gnu/libgmodule-2.0.so.0.4002.0
7f36dcf71000-7f36dd077000 r-xp 00000000 08:02 135381                     /lib/x86_64-linux-gnu/libglib-2.0.so.0.4002.0
7f36dd077000-7f36dd276000 ---p 00106000 08:02 135381                     /lib/x86_64-linux-gnu/libglib-2.0.so.0.4002.0
7f36dd276000-7f36dd277000 r--p 00105000 08:02 135381                     /lib/x86_64-linux-gnu/libglib-2.0.so.0.4002.0
7f36dd277000-7f36dd278000 rw-p 00106000 08:02 135381                     /lib/x86_64-linux-gnu/libglib-2.0.so.0.4002.0
7f36dd278000-7f36dd279000 rw-p 00000000 00:00 0 
7f36dd279000-7f36dd2c8000 r-xp 00000000 08:02 7610587                    /usr/lib/x86_64-linux-gnu/libgobject-2.0.so.0.4002.0
7f36dd2c8000-7f36dd4c8000 ---p 0004f000 08:02 7610587                    /usr/lib/x86_64-linux-gnu/libgobject-2.0.so.0.4002.0
7f36dd4c8000-7f36dd4c9000 r--p 0004f000 08:02 7610587                    /usr/lib/x86_64-linux-gnu/libgobject-2.0.so.0.4002.0
7f36dd4c9000-7f36dd4ca000 rw-p 00050000 08:02 7610587                    /usr/lib/x86_64-linux-gnu/libgobject-2.0.so.0.4002.0
7f36dd4ca000-7f36dd636000 r-xp 00000000 08:02 7610547                    /usr/lib/x86_64-linux-gnu/libgio-2.0.so.0.4002.0
7f36dd636000-7f36dd835000 ---p 0016c000 08:02 7610547                    /usr/lib/x86_64-linux-gnu/libgio-2.0.so.0.4002.0
7f36dd835000-7f36dd839000 r--p 0016b000 08:02 7610547                    /usr/lib/x86_64-linux-gnu/libgio-2.0.so.0.4002.0
7f36dd839000-7f36dd83b000 rw-p 0016f000 08:02 7610547                    /usr/lib/x86_64-linux-gnu/libgio-2.0.so.0.4002.0
7f36dd83b000-7f36dd83d000 rw-p 00000000 00:00 0 
7f36dd83d000-7f36dd83e000 r--s 00006000 08:03 10763052                   /home/seema/.m2/repository/org/sonatype/plexus/plexus-sec-dispatcher/1.3/plexus-sec-dispatcher-1.3.jar
7f36dd83e000-7f36dd83f000 r--s 00001000 08:03 10879534                   /home/seema/.m2/repository/org/sonatype/plexus/plexus-build-api/0.0.4/plexus-build-api-0.0.4.jar
7f36dd83f000-7f36dd841000 r--s 00009000 08:03 10879532                   /home/seema/.m2/repository/org/apache/maven/shared/maven-filtering/1.1/maven-filtering-1.1.jar
7f36dd841000-7f36dd845000 r--s 00033000 08:03 10764536                   /home/seema/.m2/repository/org/codehaus/plexus/plexus-utils/2.0.5/plexus-utils-2.0.5.jar
7f36dd845000-7f36dd848000 r--s 0001b000 08:03 10764534                   /home/seema/.m2/repository/junit/junit/3.8.1/junit-3.8.1.jar
7f36dd848000-7f36dd84a000 r--s 00002000 08:03 10764526                   /home/seema/.m2/repository/org/codehaus/plexus/plexus-interactivity-api/1.0-alpha-4/plexus-interactivity-api-1.0-alpha-4.jar
7f36dd84a000-7f36dd84c000 r--s 00006000 08:03 10764522                   /home/seema/.m2/repository/commons-cli/commons-cli/1.0/commons-cli-1.0.jar
7f36dd84c000-7f36dd84d000 r--s 00001000 08:03 10764518                   /home/seema/.m2/repository/org/apache/maven/doxia/doxia-sink-api/1.0-alpha-7/doxia-sink-api-1.0-alpha-7.jar
7f36dd84d000-7f36dd84e000 r--s 00002000 08:03 10764516                   /home/seema/.m2/repository/org/apache/maven/reporting/maven-reporting-api/2.0.6/maven-reporting-api-2.0.6.jar
7f36dd84e000-7f36dd850000 r--s 00006000 08:03 10762459                   /home/seema/.m2/repository/org/apache/maven/plugins/maven-resources-plugin/2.6/maven-resources-plugin-2.6.jar
7f36dd850000-7f36dd854000 r--s 00034000 08:03 10764543                   /home/seema/.m2/repository/org/codehaus/plexus/plexus-utils/3.0/plexus-utils-3.0.jar
7f36dd854000-7f36dd856000 r--s 00005000 08:03 10762202                   /home/seema/.m2/repository/org/apache/maven/plugins/maven-clean-plugin/2.5/maven-clean-plugin-2.5.jar
7f36dd856000-7f36dd85b000 r--s 0004d000 08:02 7735218                    /usr/lib/jvm/java-7-openjdk-amd64/jre/lib/jsse.jar
7f36dd85b000-7f36dd872000 r-xp 00000000 08:02 7735265                    /usr/lib/jvm/java-7-openjdk-amd64/jre/lib/amd64/libnet.so
7f36dd872000-7f36dda71000 ---p 00017000 08:02 7735265                    /usr/lib/jvm/java-7-openjdk-amd64/jre/lib/amd64/libnet.so
7f36dda71000-7f36dda72000 r--p 00016000 08:02 7735265                    /usr/lib/jvm/java-7-openjdk-amd64/jre/lib/amd64/libnet.so
7f36dda72000-7f36dda73000 rw-p 00017000 08:02 7735265                    /usr/lib/jvm/java-7-openjdk-amd64/jre/lib/amd64/libnet.so
7f36dda73000-7f36dda83000 r-xp 00000000 08:02 7735266                    /usr/lib/jvm/java-7-openjdk-amd64/jre/lib/amd64/libnio.so
7f36dda83000-7f36ddc83000 ---p 00010000 08:02 7735266                    /usr/lib/jvm/java-7-openjdk-amd64/jre/lib/amd64/libnio.so
7f36ddc83000-7f36ddc84000 r--p 00010000 08:02 7735266                    /usr/lib/jvm/java-7-openjdk-amd64/jre/lib/amd64/libnio.so
7f36ddc84000-7f36ddc85000 rw-p 00011000 08:02 7735266                    /usr/lib/jvm/java-7-openjdk-amd64/jre/lib/amd64/libnio.so
7f36ddc85000-7f36ddc86000 r--s 00002000 08:03 10760393                   /home/seema/Desktop/eclipse/plugins/org.eclipse.m2e.maven.runtime.slf4j.simple_1.6.1.20150625-2337/jars/slf4j-simple-1.7.5.jar
7f36ddc86000-7f36ddc8b000 r--s 00041000 08:03 10761024                   /home/seema/Desktop/eclipse/plugins/org.eclipse.m2e.maven.runtime_1.6.1.20150625-2337/jars/commons-lang-2.6.jar
7f36ddc8b000-7f36ddc8c000 r--s 00002000 08:03 10761007                   /home/seema/Desktop/eclipse/plugins/org.eclipse.m2e.maven.runtime_1.6.1.20150625-2337/jars/wagon-file-2.9.jar
7f36ddc8c000-7f36ddc8e000 r--s 00005000 08:03 10761015                   /home/seema/Desktop/eclipse/plugins/org.eclipse.m2e.maven.runtime_1.6.1.20150625-2337/jars/aether-transport-wagon-1.0.2.v20150114.jar
7f36ddc8e000-7f36ddc8f000 r--s 00008000 08:03 10761016                   /home/seema/Desktop/eclipse/plugins/org.eclipse.m2e.maven.runtime_1.6.1.20150625-2337/jars/aether-connector-basic-1.0.2.v20150114.jar
7f36ddc8f000-7f36ddc91000 r--s 0000e000 08:03 10761014                   /home/seema/Desktop/eclipse/plugins/org.eclipse.m2e.maven.runtime_1.6.1.20150625-2337/jars/okio-1.3.0.jar
7f36ddc91000-7f36ddc96000 r--s 00043000 08:03 10761032                   /home/seema/Desktop/eclipse/plugins/org.eclipse.m2e.maven.runtime_1.6.1.20150625-2337/jars/okhttp-2.3.0.jar
7f36ddc96000-7f36ddc98000 r--s 0000a000 08:03 10761038                   /home/seema/Desktop/eclipse/plugins/org.eclipse.m2e.maven.runtime_1.6.1.20150625-2337/jars/aether-connector-okhttp-0.15.0.jar
7f36ddc98000-7f36ddc9a000 r--s 00006000 08:03 10761034                   /home/seema/Desktop/eclipse/plugins/org.eclipse.m2e.maven.runtime_1.6.1.20150625-2337/jars/aether-spi-1.0.2.v20150114.jar
7f36ddc9a000-7f36ddc9e000 r--s 00027000 08:03 10761036                   /home/seema/Desktop/eclipse/plugins/org.eclipse.m2e.maven.runtime_1.6.1.20150625-2337/jars/aether-impl-1.0.2.v20150114.jar
7f36ddc9e000-7f36ddcc9000 r--s 001fc000 08:03 10761033                   /home/seema/Desktop/eclipse/plugins/org.eclipse.m2e.maven.runtime_1.6.1.20150625-2337/jars/guava-18.0.jar
7f36ddcc9000-7f36ddcd2000 r--s 00059000 08:03 10761017                   /home/seema/Desktop/eclipse/plugins/org.eclipse.m2e.maven.runtime_1.6.1.20150625-2337/jars/sisu-guice-3.2.5-no_aop.jar
7f36ddcd2000-7f36ddcd9000 r--s 00055000 08:03 10761025                   /home/seema/Desktop/eclipse/plugins/org.eclipse.m2e.maven.runtime_1.6.1.20150625-2337/jars/org.eclipse.sisu.inject-0.3.0.jar
7f36ddcd9000-7f36ddcda000 r--s 00001000 08:03 10761002                   /home/seema/Desktop/eclipse/plugins/org.eclipse.m2e.maven.runtime_1.6.1.20150625-2337/jars/jsr250-api-1.0.jar
7f36ddcda000-7f36ddcdd000 r--s 00008000 08:03 10761018                   /home/seema/Desktop/eclipse/plugins/org.eclipse.m2e.maven.runtime_1.6.1.20150625-2337/jars/cdi-api-1.0.jar
7f36ddcdd000-7f36ddce3000 r--s 0002d000 08:03 10761005                   /home/seema/Desktop/eclipse/plugins/org.eclipse.m2e.maven.runtime_1.6.1.20150625-2337/jars/org.eclipse.sisu.plexus-0.3.0.jar
7f36ddce3000-7f36ddce6000 r--s 0000b000 08:03 10761021                   /home/seema/Desktop/eclipse/plugins/org.eclipse.m2e.maven.runtime_1.6.1.20150625-2337/jars/wagon-provider-api-2.9.jar
7f36ddce6000-7f36ddced000 r--s 00040000 08:03 10761008                   /home/seema/Desktop/eclipse/plugins/org.eclipse.m2e.maven.runtime_1.6.1.20150625-2337/jars/maven-compat-3.3.3.jar
7f36ddced000-7f36ddcef000 r--s 00009000 08:03 10761035                   /home/seema/Desktop/eclipse/plugins/org.eclipse.m2e.maven.runtime_1.6.1.20150625-2337/jars/commons-cli-1.2.jar
7f36ddcef000-7f36ddcf1000 r--s 00002000 08:03 10761003                   /home/seema/Desktop/eclipse/plugins/org.eclipse.m2e.maven.runtime_1.6.1.20150625-2337/jars/plexus-cipher-1.7.jar
7f36ddcf1000-7f36ddcf4000 r--s 00013000 08:03 10761029                   /home/seema/Desktop/eclipse/plugins/org.eclipse.m2e.maven.runtime_1.6.1.20150625-2337/jars/maven-embedder-3.3.3.jar
7f36ddcf4000-7f36ddcf6000 r--s 00000000 08:03 10761020                   /home/seema/Desktop/eclipse/plugins/org.eclipse.m2e.maven.runtime_1.6.1.20150625-2337/jars/plexus-component-annotations-1.5.5.jar
7f36ddcf6000-7f36ddcfa000 r--s 00038000 08:03 10761004                   /home/seema/Desktop/eclipse/plugins/org.eclipse.m2e.maven.runtime_1.6.1.20150625-2337/jars/plexus-utils-3.0.20.jar
7f36ddcfa000-7f36ddcfd000 r--s 0000d000 08:03 10761022                   /home/seema/Desktop/eclipse/plugins/org.eclipse.m2e.maven.runtime_1.6.1.20150625-2337/jars/plexus-interpolation-1.21.jar
7f36ddcfd000-7f36ddcfe000 ---p 00000000 00:00 0 
7f36ddcfe000-7f36dddfe000 rw-p 00000000 00:00 0                          [stack:12353]
7f36dddfe000-7f36dde01000 ---p 00000000 00:00 0 
7f36dde01000-7f36ddeff000 rw-p 00000000 00:00 0                          [stack:12352]
7f36ddeff000-7f36ddf02000 ---p 00000000 00:00 0 
7f36ddf02000-7f36de000000 rw-p 00000000 00:00 0                          [stack:12351]
7f36de000000-7f36de003000 ---p 00000000 00:00 0 
7f36de003000-7f36de101000 rw-p 00000000 00:00 0                          [stack:12350]
7f36de101000-7f36de104000 ---p 00000000 00:00 0 
7f36de104000-7f36de202000 rw-p 00000000 00:00 0                          [stack:12349]
7f36de202000-7f36de4cb000 r--p 00000000 08:02 7608728                    /usr/lib/locale/locale-archive
7f36de4cb000-7f36de4ce000 ---p 00000000 00:00 0 
7f36de4ce000-7f36de5cc000 rw-p 00000000 00:00 0                          [stack:12348]
7f36de5cc000-7f36de5cf000 ---p 00000000 00:00 0 
7f36de5cf000-7f36de6cd000 rw-p 00000000 00:00 0                          [stack:12347]
7f36de6cd000-7f36de6ce000 ---p 00000000 00:00 0 
7f36de6ce000-7f36df7cb000 rw-p 00000000 00:00 0                          [stack:12346]
7f36df7cb000-7f36df97c000 r--s 01d27000 08:02 7735228                    /usr/lib/jvm/java-7-openjdk-amd64/jre/lib/rt.jar
7f36df97c000-7f36dfecb000 rw-p 00000000 00:00 0 
7f36dfecb000-7f36dfecc000 ---p 00000000 00:00 0 
7f36dfecc000-7f36dffcc000 rw-p 00000000 00:00 0                          [stack:12345]
7f36dffcc000-7f36dffcd000 ---p 00000000 00:00 0 
7f36dffcd000-7f36e00cd000 rw-p 00000000 00:00 0                          [stack:12344]
7f36e00cd000-7f36e00ce000 ---p 00000000 00:00 0 
7f36e00ce000-7f36e01ce000 rw-p 00000000 00:00 0                          [stack:12343]
7f36e01ce000-7f36e01cf000 ---p 00000000 00:00 0 
7f36e01cf000-7f36e02da000 rw-p 00000000 00:00 0                          [stack:12342]
7f36e02da000-7f36e0322000 rw-p 00000000 00:00 0 
7f36e0322000-7f36e034b000 rw-p 00000000 00:00 0 
7f36e034b000-7f36e05b3000 rw-p 00000000 00:00 0 
7f36e05b3000-7f36e05be000 rw-p 00000000 00:00 0 
7f36e05be000-7f36e0606000 rw-p 00000000 00:00 0 
7f36e0606000-7f36e062f000 rw-p 00000000 00:00 0 
7f36e062f000-7f36e0896000 rw-p 00000000 00:00 0 
7f36e0896000-7f36e091e000 rw-p 00000000 00:00 0 
7f36e091e000-7f36e09df000 rw-p 00000000 00:00 0 
7f36e09df000-7f36e09e0000 rw-p 00000000 00:00 0 
7f36e09e0000-7f36e0d10000 rwxp 00000000 00:00 0 
7f36e0d10000-7f36e39e0000 rw-p 00000000 00:00 0 
7f36e39e0000-7f36e39e8000 r-xp 00000000 08:02 7735273                    /usr/lib/jvm/java-7-openjdk-amd64/jre/lib/amd64/libzip.so
7f36e39e8000-7f36e3be7000 ---p 00008000 08:02 7735273                    /usr/lib/jvm/java-7-openjdk-amd64/jre/lib/amd64/libzip.so
7f36e3be7000-7f36e3be8000 r--p 00007000 08:02 7735273                    /usr/lib/jvm/java-7-openjdk-amd64/jre/lib/amd64/libzip.so
7f36e3be8000-7f36e3be9000 rw-p 00008000 08:02 7735273                    /usr/lib/jvm/java-7-openjdk-amd64/jre/lib/amd64/libzip.so
7f36e3be9000-7f36e3bf3000 r-xp 00000000 08:02 132171                     /lib/x86_64-linux-gnu/libnss_files-2.19.so
7f36e3bf3000-7f36e3df2000 ---p 0000a000 08:02 132171                     /lib/x86_64-linux-gnu/libnss_files-2.19.so
7f36e3df2000-7f36e3df3000 r--p 00009000 08:02 132171                     /lib/x86_64-linux-gnu/libnss_files-2.19.so
7f36e3df3000-7f36e3df4000 rw-p 0000a000 08:02 132171                     /lib/x86_64-linux-gnu/libnss_files-2.19.so
7f36e3df4000-7f36e3dff000 r-xp 00000000 08:02 132226                     /lib/x86_64-linux-gnu/libnss_nis-2.19.so
7f36e3dff000-7f36e3ffe000 ---p 0000b000 08:02 132226                     /lib/x86_64-linux-gnu/libnss_nis-2.19.so
7f36e3ffe000-7f36e3fff000 r--p 0000a000 08:02 132226                     /lib/x86_64-linux-gnu/libnss_nis-2.19.so
7f36e3fff000-7f36e4000000 rw-p 0000b000 08:02 132226                     /lib/x86_64-linux-gnu/libnss_nis-2.19.so
7f36e4000000-7f36e4a0f000 rw-p 00000000 00:00 0 
7f36e4a0f000-7f36e8000000 ---p 00000000 00:00 0 
7f36e8000000-7f36e8001000 r--s 00006000 08:03 10761009                   /home/seema/Desktop/eclipse/plugins/org.eclipse.m2e.maven.runtime_1.6.1.20150625-2337/jars/plexus-sec-dispatcher-1.3.jar
7f36e8001000-7f36e8005000 r--s 00020000 08:03 10761030                   /home/seema/Desktop/eclipse/plugins/org.eclipse.m2e.maven.runtime_1.6.1.20150625-2337/jars/aether-util-1.0.2.v20150114.jar
7f36e8005000-7f36e800a000 r--s 0001d000 08:03 10761041                   /home/seema/Desktop/eclipse/plugins/org.eclipse.m2e.maven.runtime_1.6.1.20150625-2337/jars/aether-api-1.0.2.v20150114.jar
7f36e800a000-7f36e800c000 r--s 0000f000 08:03 10761027                   /home/seema/Desktop/eclipse/plugins/org.eclipse.m2e.maven.runtime_1.6.1.20150625-2337/jars/maven-aether-provider-3.3.3.jar
7f36e800c000-7f36e8011000 r--s 00027000 08:03 10761006                   /home/seema/Desktop/eclipse/plugins/org.eclipse.m2e.maven.runtime_1.6.1.20150625-2337/jars/maven-model-builder-3.3.3.jar
7f36e8011000-7f36e8013000 r--s 0000a000 08:03 10761039                   /home/seema/Desktop/eclipse/plugins/org.eclipse.m2e.maven.runtime_1.6.1.20150625-2337/jars/maven-plugin-api-3.3.3.jar
7f36e8013000-7f36e8015000 r--s 0000c000 08:03 10761028                   /home/seema/Desktop/eclipse/plugins/org.eclipse.m2e.maven.runtime_1.6.1.20150625-2337/jars/maven-artifact-3.3.3.jar
7f36e8015000-7f36e8017000 r--s 00005000 08:03 10761013                   /home/seema/Desktop/eclipse/plugins/org.eclipse.m2e.maven.runtime_1.6.1.20150625-2337/jars/maven-repository-metadata-3.3.3.jar
7f36e8017000-7f36e802e000 r-xp 00000000 08:02 132163                     /lib/x86_64-linux-gnu/libnsl-2.19.so
7f36e802e000-7f36e822d000 ---p 00017000 08:02 132163                     /lib/x86_64-linux-gnu/libnsl-2.19.so
7f36e822d000-7f36e822e000 r--p 00016000 08:02 132163                     /lib/x86_64-linux-gnu/libnsl-2.19.so
7f36e822e000-7f36e822f000 rw-p 00017000 08:02 132163                     /lib/x86_64-linux-gnu/libnsl-2.19.so
7f36e822f000-7f36e8231000 rw-p 00000000 00:00 0 
7f36e8231000-7f36e823a000 r-xp 00000000 08:02 132224                     /lib/x86_64-linux-gnu/libnss_compat-2.19.so
7f36e823a000-7f36e8439000 ---p 00009000 08:02 132224                     /lib/x86_64-linux-gnu/libnss_compat-2.19.so
7f36e8439000-7f36e843a000 r--p 00008000 08:02 132224                     /lib/x86_64-linux-gnu/libnss_compat-2.19.so
7f36e843a000-7f36e843b000 rw-p 00009000 08:02 132224                     /lib/x86_64-linux-gnu/libnss_compat-2.19.so
7f36e843b000-7f36e8466000 r-xp 00000000 08:02 7735252                    /usr/lib/jvm/java-7-openjdk-amd64/jre/lib/amd64/libjava.so
7f36e8466000-7f36e8666000 ---p 0002b000 08:02 7735252                    /usr/lib/jvm/java-7-openjdk-amd64/jre/lib/amd64/libjava.so
7f36e8666000-7f36e8667000 r--p 0002b000 08:02 7735252                    /usr/lib/jvm/java-7-openjdk-amd64/jre/lib/amd64/libjava.so
7f36e8667000-7f36e8669000 rw-p 0002c000 08:02 7735252                    /usr/lib/jvm/java-7-openjdk-amd64/jre/lib/amd64/libjava.so
7f36e8669000-7f36e8679000 r-xp 00000000 08:02 7735272                    /usr/lib/jvm/java-7-openjdk-amd64/jre/lib/amd64/libverify.so
7f36e8679000-7f36e8878000 ---p 00010000 08:02 7735272                    /usr/lib/jvm/java-7-openjdk-amd64/jre/lib/amd64/libverify.so
7f36e8878000-7f36e887a000 r--p 0000f000 08:02 7735272                    /usr/lib/jvm/java-7-openjdk-amd64/jre/lib/amd64/libverify.so
7f36e887a000-7f36e887b000 rw-p 00011000 08:02 7735272                    /usr/lib/jvm/java-7-openjdk-amd64/jre/lib/amd64/libverify.so
7f36e887b000-7f36e8882000 r-xp 00000000 08:02 132194                     /lib/x86_64-linux-gnu/librt-2.19.so
7f36e8882000-7f36e8a81000 ---p 00007000 08:02 132194                     /lib/x86_64-linux-gnu/librt-2.19.so
7f36e8a81000-7f36e8a82000 r--p 00006000 08:02 132194                     /lib/x86_64-linux-gnu/librt-2.19.so
7f36e8a82000-7f36e8a83000 rw-p 00007000 08:02 132194                     /lib/x86_64-linux-gnu/librt-2.19.so
7f36e8a83000-7f36e8a99000 r-xp 00000000 08:02 132197                     /lib/x86_64-linux-gnu/libgcc_s.so.1
7f36e8a99000-7f36e8c98000 ---p 00016000 08:02 132197                     /lib/x86_64-linux-gnu/libgcc_s.so.1
7f36e8c98000-7f36e8c99000 rw-p 00015000 08:02 132197                     /lib/x86_64-linux-gnu/libgcc_s.so.1
7f36e8c99000-7f36e8d9e000 r-xp 00000000 08:02 132178                     /lib/x86_64-linux-gnu/libm-2.19.so
7f36e8d9e000-7f36e8f9d000 ---p 00105000 08:02 132178                     /lib/x86_64-linux-gnu/libm-2.19.so
7f36e8f9d000-7f36e8f9e000 r--p 00104000 08:02 132178                     /lib/x86_64-linux-gnu/libm-2.19.so
7f36e8f9e000-7f36e8f9f000 rw-p 00105000 08:02 132178                     /lib/x86_64-linux-gnu/libm-2.19.so
7f36e8f9f000-7f36e9085000 r-xp 00000000 08:02 7606379                    /usr/lib/x86_64-linux-gnu/libstdc++.so.6.0.19
7f36e9085000-7f36e9284000 ---p 000e6000 08:02 7606379                    /usr/lib/x86_64-linux-gnu/libstdc++.so.6.0.19
7f36e9284000-7f36e928c000 r--p 000e5000 08:02 7606379                    /usr/lib/x86_64-linux-gnu/libstdc++.so.6.0.19
7f36e928c000-7f36e928e000 rw-p 000ed000 08:02 7606379                    /usr/lib/x86_64-linux-gnu/libstdc++.so.6.0.19
7f36e928e000-7f36e92a3000 rw-p 00000000 00:00 0 
7f36e92a3000-7f36e9dbb000 r-xp 00000000 08:02 7735280                    /usr/lib/jvm/java-7-openjdk-amd64/jre/lib/amd64/server/libjvm.so
7f36e9dbb000-7f36e9fbb000 ---p 00b18000 08:02 7735280                    /usr/lib/jvm/java-7-openjdk-amd64/jre/lib/amd64/server/libjvm.so
7f36e9fbb000-7f36ea055000 r--p 00b18000 08:02 7735280                    /usr/lib/jvm/java-7-openjdk-amd64/jre/lib/amd64/server/libjvm.so
7f36ea055000-7f36ea078000 rw-p 00bb2000 08:02 7735280                    /usr/lib/jvm/java-7-openjdk-amd64/jre/lib/amd64/server/libjvm.so
7f36ea078000-7f36ea0a6000 rw-p 00000000 00:00 0 
7f36ea0a6000-7f36ea0be000 r-xp 00000000 08:02 135514                     /lib/x86_64-linux-gnu/libz.so.1.2.8
7f36ea0be000-7f36ea2bd000 ---p 00018000 08:02 135514                     /lib/x86_64-linux-gnu/libz.so.1.2.8
7f36ea2bd000-7f36ea2be000 r--p 00017000 08:02 135514                     /lib/x86_64-linux-gnu/libz.so.1.2.8
7f36ea2be000-7f36ea2bf000 rw-p 00018000 08:02 135514                     /lib/x86_64-linux-gnu/libz.so.1.2.8
7f36ea2bf000-7f36ea2d8000 r-xp 00000000 08:02 132184                     /lib/x86_64-linux-gnu/libpthread-2.19.so
7f36ea2d8000-7f36ea4d7000 ---p 00019000 08:02 132184                     /lib/x86_64-linux-gnu/libpthread-2.19.so
7f36ea4d7000-7f36ea4d8000 r--p 00018000 08:02 132184                     /lib/x86_64-linux-gnu/libpthread-2.19.so
7f36ea4d8000-7f36ea4d9000 rw-p 00019000 08:02 132184                     /lib/x86_64-linux-gnu/libpthread-2.19.so
7f36ea4d9000-7f36ea4dd000 rw-p 00000000 00:00 0 
7f36ea4dd000-7f36ea4e0000 r-xp 00000000 08:02 132193                     /lib/x86_64-linux-gnu/libdl-2.19.so
7f36ea4e0000-7f36ea6df000 ---p 00003000 08:02 132193                     /lib/x86_64-linux-gnu/libdl-2.19.so
7f36ea6df000-7f36ea6e0000 r--p 00002000 08:02 132193                     /lib/x86_64-linux-gnu/libdl-2.19.so
7f36ea6e0000-7f36ea6e1000 rw-p 00003000 08:02 132193                     /lib/x86_64-linux-gnu/libdl-2.19.so
7f36ea6e1000-7f36ea89f000 r-xp 00000000 08:02 132183                     /lib/x86_64-linux-gnu/libc-2.19.so
7f36ea89f000-7f36eaa9f000 ---p 001be000 08:02 132183                     /lib/x86_64-linux-gnu/libc-2.19.so
7f36eaa9f000-7f36eaaa3000 r--p 001be000 08:02 132183                     /lib/x86_64-linux-gnu/libc-2.19.so
7f36eaaa3000-7f36eaaa5000 rw-p 001c2000 08:02 132183                     /lib/x86_64-linux-gnu/libc-2.19.so
7f36eaaa5000-7f36eaaaa000 rw-p 00000000 00:00 0 
7f36eaaaa000-7f36eaab7000 r-xp 00000000 08:02 7735276                    /usr/lib/jvm/java-7-openjdk-amd64/jre/lib/amd64/jli/libjli.so
7f36eaab7000-7f36eacb6000 ---p 0000d000 08:02 7735276                    /usr/lib/jvm/java-7-openjdk-amd64/jre/lib/amd64/jli/libjli.so
7f36eacb6000-7f36eacb7000 r--p 0000c000 08:02 7735276                    /usr/lib/jvm/java-7-openjdk-amd64/jre/lib/amd64/jli/libjli.so
7f36eacb7000-7f36eacb8000 rw-p 0000d000 08:02 7735276                    /usr/lib/jvm/java-7-openjdk-amd64/jre/lib/amd64/jli/libjli.so
7f36eacb8000-7f36eacdb000 r-xp 00000000 08:02 132214                     /lib/x86_64-linux-gnu/ld-2.19.so
7f36eacdb000-7f36eacdc000 r--s 00003000 08:03 10761037                   /home/seema/Desktop/eclipse/plugins/org.eclipse.m2e.maven.runtime_1.6.1.20150625-2337/jars/maven-builder-support-3.3.3.jar
7f36eacdc000-7f36eacde000 r--s 00009000 08:03 10761011                   /home/seema/Desktop/eclipse/plugins/org.eclipse.m2e.maven.runtime_1.6.1.20150625-2337/jars/maven-settings-builder-3.3.3.jar
7f36eacde000-7f36eace0000 r--s 00009000 08:03 10761023                   /home/seema/Desktop/eclipse/plugins/org.eclipse.m2e.maven.runtime_1.6.1.20150625-2337/jars/maven-settings-3.3.3.jar
7f36eace0000-7f36eace3000 r--s 00025000 08:03 10761042                   /home/seema/Desktop/eclipse/plugins/org.eclipse.m2e.maven.runtime_1.6.1.20150625-2337/jars/maven-model-3.3.3.jar
7f36eace3000-7f36eacf0000 r--s 0008e000 08:03 10761012                   /home/seema/Desktop/eclipse/plugins/org.eclipse.m2e.maven.runtime_1.6.1.20150625-2337/jars/maven-core-3.3.3.jar
7f36eacf0000-7f36eacf2000 r--s 00001000 08:03 10761031                   /home/seema/Desktop/eclipse/plugins/org.eclipse.m2e.maven.runtime_1.6.1.20150625-2337/jars/takari-local-repository-0.9.0.jar
7f36eacf2000-7f36eacf4000 r--s 0000b000 08:03 10761010                   /home/seema/Desktop/eclipse/plugins/org.eclipse.m2e.maven.runtime_1.6.1.20150625-2337/jars/plexus-classworlds-2.5.2.jar
7f36eacf4000-7f36ead01000 rw-p 00000000 00:00 0 
7f36ead01000-7f36eadb4000 rw-p 00000000 00:00 0 
7f36eadb4000-7f36eadb7000 ---p 00000000 00:00 0 
7f36eadb7000-7f36eaeba000 rw-p 00000000 00:00 0                          [stack:12341]
7f36eaeba000-7f36eaebb000 r--s 00003000 08:03 10761040                   /home/seema/Desktop/eclipse/plugins/org.eclipse.m2e.maven.runtime_1.6.1.20150625-2337/jars/takari-filemanager-0.7.0.jar
7f36eaebb000-7f36eaebf000 r--s 00034000 08:02 7735292                    /usr/lib/jvm/java-7-openjdk-amd64/jre/lib/ext/sunjce_provider.jar
7f36eaebf000-7f36eaec3000 r--s 0003c000 08:02 7735293                    /usr/lib/jvm/java-7-openjdk-amd64/jre/lib/ext/sunpkcs11.jar
7f36eaec3000-7f36eaec6000 r--s 0000f000 08:02 7735288                    /usr/lib/jvm/java-7-openjdk-amd64/jre/lib/ext/icedtea-sound.jar
7f36eaec6000-7f36eaec9000 r--s 00086000 08:02 7735291                    /usr/lib/jvm/java-7-openjdk-amd64/jre/lib/ext/localedata.jar
7f36eaec9000-7f36eaecb000 r--s 00006000 08:02 8131799                    /usr/share/java/java-atk-wrapper.jar
7f36eaecb000-7f36eaecd000 r--s 00012000 08:02 7735294                    /usr/lib/jvm/java-7-openjdk-amd64/jre/lib/ext/zipfs.jar
7f36eaecd000-7f36eaece000 r--s 00002000 08:02 7735287                    /usr/lib/jvm/java-7-openjdk-amd64/jre/lib/ext/dnsns.jar
7f36eaece000-7f36eaed6000 rw-s 00000000 08:02 5636136                    /tmp/hsperfdata_seema/12336
7f36eaed6000-7f36eaed7000 rw-p 00000000 00:00 0 
7f36eaed7000-7f36eaed8000 ---p 00000000 00:00 0 
7f36eaed8000-7f36eaeda000 rw-p 00000000 00:00 0 
7f36eaeda000-7f36eaedb000 r--p 00022000 08:02 132214                     /lib/x86_64-linux-gnu/ld-2.19.so
7f36eaedb000-7f36eaedc000 rw-p 00023000 08:02 132214                     /lib/x86_64-linux-gnu/ld-2.19.so
7f36eaedc000-7f36eaedd000 rw-p 00000000 00:00 0 
7ffdb4047000-7ffdb4068000 rw-p 00000000 00:00 0                          [stack]
7ffdb40cf000-7ffdb40d1000 r-xp 00000000 00:00 0                          [vdso]
7ffdb40d1000-7ffdb40d3000 r--p 00000000 00:00 0                          [vvar]
ffffffffff600000-ffffffffff601000 r-xp 00000000 00:00 0                  [vsyscall]

VM Arguments:
jvm_args: -Dmaven.home=EMBEDDED -Dclassworlds.conf=/home/seema/workspace/.metadata/.plugins/org.eclipse.m2e.launching/launches/m2conf7314612948325821786.tmp -Dmaven.multiModuleProjectDirectory=/home/seema/workspace/spark_job -Dfile.encoding=UTF-8 
java_command: org.codehaus.plexus.classworlds.launcher.Launcher -B clean package assembly:single
Launcher Type: SUN_STANDARD

Environment Variables:
PATH=/usr/local/sbin:/usr/local/bin:/usr/sbin:/usr/bin:/sbin:/bin:/usr/games:/usr/local/games
USERNAME=seema
SHELL=/bin/bash
DISPLAY=:0.0

Signal Handlers:
SIGSEGV: [libjvm.so+0x94b9a0], sa_mask[0]=0x7ffbfeff, sa_flags=0x10000004
SIGBUS: [libjvm.so+0x94b9a0], sa_mask[0]=0x7ffbfeff, sa_flags=0x10000004
SIGFPE: [libjvm.so+0x7c3880], sa_mask[0]=0x7ffbfeff, sa_flags=0x10000004
SIGPIPE: [libjvm.so+0x7c3880], sa_mask[0]=0x7ffbfeff, sa_flags=0x10000004
SIGXFSZ: [libjvm.so+0x7c3880], sa_mask[0]=0x7ffbfeff, sa_flags=0x10000004
SIGILL: [libjvm.so+0x7c3880], sa_mask[0]=0x7ffbfeff, sa_flags=0x10000004
SIGUSR1: SIG_DFL, sa_mask[0]=0x00000000, sa_flags=0x00000000
SIGUSR2: [libjvm.so+0x7c3720], sa_mask[0]=0x00000004, sa_flags=0x10000004
SIGHUP: [libjvm.so+0x7c3900], sa_mask[0]=0x7ffbfeff, sa_flags=0x10000004
SIGINT: [libjvm.so+0x7c3900], sa_mask[0]=0x7ffbfeff, sa_flags=0x10000004
SIGTERM: [libjvm.so+0x7c3900], sa_mask[0]=0x7ffbfeff, sa_flags=0x10000004
SIGQUIT: [libjvm.so+0x7c3900], sa_mask[0]=0x7ffbfeff, sa_flags=0x10000004
SIGTRAP: SIG_DFL, sa_mask[0]=0x00000000, sa_flags=0x00000000


---------------  S Y S T E M  ---------------

OS:LinuxMint 17.3 (rosa)
uname:Linux 3.16.0-38-generic #52~14.04.1-Ubuntu SMP Fri May 8 09:43:57 UTC 2015 x86_64
libc:glibc 2.19 NPTL 2.19 
rlimit: STACK 8192k, CORE 0k, NPROC 31368, NOFILE 4096, AS infinity
load average:22.73 8.62 3.78

/proc/meminfo:
MemTotal:        8062232 kB
MemFree:          118504 kB
MemAvailable:      67632 kB
Buffers:             244 kB
Cached:           249024 kB
SwapCached:            0 kB
Active:          3447776 kB
Inactive:         220036 kB
Active(anon):    3445744 kB
Inactive(anon):   217572 kB
Active(file):       2032 kB
Inactive(file):     2464 kB
Unevictable:           0 kB
Mlocked:               0 kB
SwapTotal:             0 kB
SwapFree:              0 kB
Dirty:                16 kB
Writeback:             4 kB
AnonPages:       3419564 kB
Mapped:          4132432 kB
Shmem:            243752 kB
Slab:             129896 kB
SReclaimable:      62704 kB
SUnreclaim:        67192 kB
KernelStack:       10192 kB
PageTables:        41192 kB
NFS_Unstable:          0 kB
Bounce:                0 kB
WritebackTmp:          0 kB
CommitLimit:     4031116 kB
Committed_AS:   11047804 kB
VmallocTotal:   34359738367 kB
VmallocUsed:      552948 kB
VmallocChunk:   34359092980 kB
HardwareCorrupted:     0 kB
AnonHugePages:    784384 kB
HugePages_Total:       0
HugePages_Free:        0
HugePages_Rsvd:        0
HugePages_Surp:        0
Hugepagesize:       2048 kB
DirectMap4k:       82688 kB
DirectMap2M:     2949120 kB
DirectMap1G:     5242880 kB


CPU:total 4 (2 cores per cpu, 2 threads per core) family 6 model 69 stepping 1, cmov, cx8, fxsr, mmx, sse, sse2, sse3, ssse3, sse4.1, sse4.2, popcnt, avx, avx2, aes, erms, ht, tsc, tscinvbit

/proc/cpuinfo:
processor	: 0
vendor_id	: GenuineIntel
cpu family	: 6
model		: 69
model name	: Intel(R) Core(TM) i5-4210U CPU @ 1.70GHz
stepping	: 1
microcode	: 0x1c
cpu MHz		: 2397.375
cache size	: 3072 KB
physical id	: 0
siblings	: 4
core id		: 0
cpu cores	: 2
apicid		: 0
initial apicid	: 0
fpu		: yes
fpu_exception	: yes
cpuid level	: 13
wp		: yes
flags		: fpu vme de pse tsc msr pae mce cx8 apic sep mtrr pge mca cmov pat pse36 clflush dts acpi mmx fxsr sse sse2 ss ht tm pbe syscall nx pdpe1gb rdtscp lm constant_tsc arch_perfmon pebs bts rep_good nopl xtopology nonstop_tsc aperfmperf eagerfpu pni pclmulqdq dtes64 monitor ds_cpl vmx est tm2 ssse3 fma cx16 xtpr pdcm pcid sse4_1 sse4_2 movbe popcnt tsc_deadline_timer aes xsave avx f16c rdrand lahf_lm abm ida arat epb xsaveopt pln pts dtherm tpr_shadow vnmi flexpriority ept vpid fsgsbase tsc_adjust bmi1 avx2 smep bmi2 erms invpcid
bogomips	: 4788.90
clflush size	: 64
cache_alignment	: 64
address sizes	: 39 bits physical, 48 bits virtual
power management:

processor	: 1
vendor_id	: GenuineIntel
cpu family	: 6
model		: 69
model name	: Intel(R) Core(TM) i5-4210U CPU @ 1.70GHz
stepping	: 1
microcode	: 0x1c
cpu MHz		: 2400.000
cache size	: 3072 KB
physical id	: 0
siblings	: 4
core id		: 0
cpu cores	: 2
apicid		: 1
initial apicid	: 1
fpu		: yes
fpu_exception	: yes
cpuid level	: 13
wp		: yes
flags		: fpu vme de pse tsc msr pae mce cx8 apic sep mtrr pge mca cmov pat pse36 clflush dts acpi mmx fxsr sse sse2 ss ht tm pbe syscall nx pdpe1gb rdtscp lm constant_tsc arch_perfmon pebs bts rep_good nopl xtopology nonstop_tsc aperfmperf eagerfpu pni pclmulqdq dtes64 monitor ds_cpl vmx est tm2 ssse3 fma cx16 xtpr pdcm pcid sse4_1 sse4_2 movbe popcnt tsc_deadline_timer aes xsave avx f16c rdrand lahf_lm abm ida arat epb xsaveopt pln pts dtherm tpr_shadow vnmi flexpriority ept vpid fsgsbase tsc_adjust bmi1 avx2 smep bmi2 erms invpcid
bogomips	: 4788.90
clflush size	: 64
cache_alignment	: 64
address sizes	: 39 bits physical, 48 bits virtual
power management:

processor	: 2
vendor_id	: GenuineIntel
cpu family	: 6
model		: 69
model name	: Intel(R) Core(TM) i5-4210U CPU @ 1.70GHz
stepping	: 1
microcode	: 0x1c
cpu MHz		: 2402.812
cache size	: 3072 KB
physical id	: 0
siblings	: 4
core id		: 1
cpu cores	: 2
apicid		: 2
initial apicid	: 2
fpu		: yes
fpu_exception	: yes
cpuid level	: 13
wp		: yes
flags		: fpu vme de pse tsc msr pae mce cx8 apic sep mtrr pge mca cmov pat pse36 clflush dts acpi mmx fxsr sse sse2 ss ht tm pbe syscall nx pdpe1gb rdtscp lm constant_tsc arch_perfmon pebs bts rep_good nopl xtopology nonstop_tsc aperfmperf eagerfpu pni pclmulqdq dtes64 monitor ds_cpl vmx est tm2 ssse3 fma cx16 xtpr pdcm pcid sse4_1 sse4_2 movbe popcnt tsc_deadline_timer aes xsave avx f16c rdrand lahf_lm abm ida arat epb xsaveopt pln pts dtherm tpr_shadow vnmi flexpriority ept vpid fsgsbase tsc_adjust bmi1 avx2 smep bmi2 erms invpcid
bogomips	: 4788.90
clflush size	: 64
cache_alignment	: 64
address sizes	: 39 bits physical, 48 bits virtual
power management:

processor	: 3
vendor_id	: GenuineIntel
cpu family	: 6
model		: 69
model name	: Intel(R) Core(TM) i5-4210U CPU @ 1.70GHz
stepping	: 1
microcode	: 0x1c
cpu MHz		: 2342.437
cache size	: 3072 KB
physical id	: 0
siblings	: 4
core id		: 1
cpu cores	: 2
apicid		: 3
initial apicid	: 3
fpu		: yes
fpu_exception	: yes
cpuid level	: 13
wp		: yes
flags		: fpu vme de pse tsc msr pae mce cx8 apic sep mtrr pge mca cmov pat pse36 clflush dts acpi mmx fxsr sse sse2 ss ht tm pbe syscall nx pdpe1gb rdtscp lm constant_tsc arch_perfmon pebs bts rep_good nopl xtopology nonstop_tsc aperfmperf eagerfpu pni pclmulqdq dtes64 monitor ds_cpl vmx est tm2 ssse3 fma cx16 xtpr pdcm pcid sse4_1 sse4_2 movbe popcnt tsc_deadline_timer aes xsave avx f16c rdrand lahf_lm abm ida arat epb xsaveopt pln pts dtherm tpr_shadow vnmi flexpriority ept vpid fsgsbase tsc_adjust bmi1 avx2 smep bmi2 erms invpcid
bogomips	: 4788.90
clflush size	: 64
cache_alignment	: 64
address sizes	: 39 bits physical, 48 bits virtual
power management:



Memory: 4k page, physical 8062232k(121516k free), swap 0k(0k free)

vm_info: OpenJDK 64-Bit Server VM (24.79-b02) for linux-amd64 JRE (1.7.0_79-b14), built on Apr 16 2015 08:21:58 by "buildd" with gcc 4.8.2

time: Sun Jun 25 13:37:33 2017
elapsed time: 93 seconds

